<?xml version="1.0" encoding="UTF-8"?>
<testsuite name="TestSuite" time="2.122" tests="457" errors="0" skipped="0" failures="457">
  <properties>
    <property name="idea.version" value="2022.3.1"/>
    <property name="java.runtime.name" value="OpenJDK Runtime Environment"/>
    <property name="java.vm.version" value="16.0.2+7"/>
    <property name="sun.boot.library.path" value="/Users/vlaptev/Library/Java/JavaVirtualMachines/corretto-16.0.2/Contents/Home/lib"/>
    <property name="maven.multiModuleProjectDirectory" value="/Users/vlaptev/Intellig IDEA Projects/concierge-replatform-atf"/>
    <property name="java.vm.vendor" value="Amazon.com Inc."/>
    <property name="java.vendor.url" value="https://aws.amazon.com/corretto/"/>
    <property name="path.separator" value=":"/>
    <property name="guice.disable.misplaced.annotation.check" value="true"/>
    <property name="java.vm.name" value="OpenJDK 64-Bit Server VM"/>
    <property name="user.country" value="US"/>
    <property name="sun.java.launcher" value="SUN_STANDARD"/>
    <property name="java.vm.specification.name" value="Java Virtual Machine Specification"/>
    <property name="user.dir" value="/Users/vlaptev/Intellig IDEA Projects/concierge-replatform-atf"/>
    <property name="java.vm.compressedOopsMode" value="Zero based"/>
    <property name="java.runtime.version" value="16.0.2+7"/>
    <property name="os.arch" value="x86_64"/>
    <property name="java.io.tmpdir" value="/var/folders/ls/k10bm_qs34z68h0v2xgb1f140000gp/T/"/>
    <property name="line.separator" value="&#10;"/>
    <property name="java.vm.specification.vendor" value="Oracle Corporation"/>
    <property name="os.name" value="Mac OS X"/>
    <property name="maven.ext.class.path" value="/Applications/IntelliJ IDEA CE.app/Contents/plugins/maven/lib/maven-event-listener.jar"/>
    <property name="classworlds.conf" value="/Applications/IntelliJ IDEA CE.app/Contents/plugins/maven/lib/maven3/bin/m2.conf"/>
    <property name="sun.jnu.encoding" value="UTF-8"/>
    <property name="java.library.path" value="/Users/vlaptev/Library/Java/Extensions:/Library/Java/Extensions:/Network/Library/Java/Extensions:/System/Library/Java/Extensions:/usr/lib/java:."/>
    <property name="jansi.passthrough" value="true"/>
    <property name="maven.conf" value="/Applications/IntelliJ IDEA CE.app/Contents/plugins/maven/lib/maven3/conf"/>
    <property name="jdk.debug" value="release"/>
    <property name="java.class.version" value="60.0"/>
    <property name="java.specification.name" value="Java Platform API Specification"/>
    <property name="sun.management.compiler" value="HotSpot 64-Bit Tiered Compilers"/>
    <property name="os.version" value="12.6.2"/>
    <property name="user.home" value="/Users/vlaptev"/>
    <property name="user.timezone" value="America/Los_Angeles"/>
    <property name="file.encoding" value="UTF-8"/>
    <property name="java.specification.version" value="16"/>
    <property name="user.name" value="vlaptev"/>
    <property name="java.class.path" value="/Applications/IntelliJ IDEA CE.app/Contents/plugins/maven/lib/maven3/boot/plexus-classworlds.license:/Applications/IntelliJ IDEA CE.app/Contents/plugins/maven/lib/maven3/boot/plexus-classworlds-2.6.0.jar"/>
    <property name="java.vm.specification.version" value="16"/>
    <property name="sun.arch.data.model" value="64"/>
    <property name="sun.java.command" value="org.codehaus.classworlds.Launcher -Didea.version=2022.3.1 package"/>
    <property name="java.home" value="/Users/vlaptev/Library/Java/JavaVirtualMachines/corretto-16.0.2/Contents/Home"/>
    <property name="user.language" value="en"/>
    <property name="java.specification.vendor" value="Oracle Corporation"/>
    <property name="java.vm.info" value="mixed mode, sharing"/>
    <property name="java.version" value="16.0.2"/>
    <property name="java.vendor" value="Amazon.com Inc."/>
    <property name="maven.home" value="/Applications/IntelliJ IDEA CE.app/Contents/plugins/maven/lib/maven3"/>
    <property name="file.separator" value="/"/>
    <property name="java.version.date" value="2021-07-20"/>
    <property name="java.vendor.url.bug" value="https://github.com/corretto/corretto-jdk/issues/"/>
    <property name="sun.io.unicode.encoding" value="UnicodeBig"/>
    <property name="sun.cpu.endian" value="little"/>
    <property name="java.vendor.version" value="Corretto-16.0.2.7.1"/>
  </properties>
  <testcase name="runScenario" classname="tests.runners.RunTest" time="0.681">
    <failure message="Environment Variable is NOT Set" type="java.lang.AssertionError">java.lang.AssertionError: Environment Variable is NOT Set
	at org.testng.Assert.fail(Assert.java:110)
	at tests.utility.Hooks.ConfigFileReader(Hooks.java:69)
	at tests.utility.Hooks.initWebDriver(Hooks.java:159)
</failure>
    <system-out><![CDATA[Order Classification : FAILED
]]></system-out>
  </testcase>
  <testcase name="runScenario" classname="tests.runners.RunTest" time="0.097">
    <failure message="Environment Variable is NOT Set" type="java.lang.AssertionError">java.lang.AssertionError: Environment Variable is NOT Set
	at org.testng.Assert.fail(Assert.java:110)
	at tests.utility.Hooks.ConfigFileReader(Hooks.java:69)
	at tests.utility.Hooks.initWebDriver(Hooks.java:159)
</failure>
    <system-out><![CDATA[Checkout membership popup for Guest user : FAILED
]]></system-out>
  </testcase>
  <testcase name="runScenario" classname="tests.runners.RunTest" time="0.079">
    <failure message="Environment Variable is NOT Set" type="java.lang.AssertionError">java.lang.AssertionError: Environment Variable is NOT Set
	at org.testng.Assert.fail(Assert.java:110)
	at tests.utility.Hooks.ConfigFileReader(Hooks.java:69)
	at tests.utility.Hooks.initWebDriver(Hooks.java:159)
</failure>
    <system-out><![CDATA[Line Item : Quantity update : FAILED
]]></system-out>
  </testcase>
  <testcase name="runScenario" classname="tests.runners.RunTest" time="0.065">
    <failure message="Environment Variable is NOT Set" type="java.lang.AssertionError">java.lang.AssertionError: Environment Variable is NOT Set
	at org.testng.Assert.fail(Assert.java:110)
	at tests.utility.Hooks.ConfigFileReader(Hooks.java:69)
	at tests.utility.Hooks.initWebDriver(Hooks.java:159)
</failure>
    <system-out><![CDATA[Remove line item - click on remove button and verify that line item is removed and subtotal and minicart value is updated : FAILED
]]></system-out>
  </testcase>
  <testcase name="runScenario" classname="tests.runners.RunTest" time="0.082">
    <failure message="Environment Variable is NOT Set" type="java.lang.AssertionError">java.lang.AssertionError: Environment Variable is NOT Set
	at org.testng.Assert.fail(Assert.java:110)
	at tests.utility.Hooks.ConfigFileReader(Hooks.java:69)
	at tests.utility.Hooks.initWebDriver(Hooks.java:159)
</failure>
    <system-out><![CDATA[Override Line item Prices - with PERCENT_OFF override price methods : FAILED
]]></system-out>
  </testcase>
  <testcase name="runScenario" classname="tests.runners.RunTest" time="0.067">
    <failure message="Environment Variable is NOT Set" type="java.lang.AssertionError">java.lang.AssertionError: Environment Variable is NOT Set
	at org.testng.Assert.fail(Assert.java:110)
	at tests.utility.Hooks.ConfigFileReader(Hooks.java:69)
	at tests.utility.Hooks.initWebDriver(Hooks.java:159)
</failure>
    <system-out><![CDATA[Override Line item Prices - with AMOUNT_OFF override price methods : FAILED
]]></system-out>
  </testcase>
  <testcase name="runScenario" classname="tests.runners.RunTest" time="0.057">
    <failure message="Environment Variable is NOT Set" type="java.lang.AssertionError">java.lang.AssertionError: Environment Variable is NOT Set
	at org.testng.Assert.fail(Assert.java:110)
	at tests.utility.Hooks.ConfigFileReader(Hooks.java:69)
	at tests.utility.Hooks.initWebDriver(Hooks.java:159)
</failure>
    <system-out><![CDATA[Override Line item Prices - with AMOUNT_OVERRIDE override price methods : FAILED
]]></system-out>
  </testcase>
  <testcase name="runScenario" classname="tests.runners.RunTest" time="0.059">
    <failure message="Environment Variable is NOT Set" type="java.lang.AssertionError">java.lang.AssertionError: Environment Variable is NOT Set
	at org.testng.Assert.fail(Assert.java:110)
	at tests.utility.Hooks.ConfigFileReader(Hooks.java:69)
	at tests.utility.Hooks.initWebDriver(Hooks.java:159)
</failure>
    <system-out><![CDATA[Override Line item Prices - for all line items from cart : FAILED
]]></system-out>
  </testcase>
  <testcase name="runScenario" classname="tests.runners.RunTest" time="0.06">
    <failure message="Environment Variable is NOT Set" type="java.lang.AssertionError">java.lang.AssertionError: Environment Variable is NOT Set
	at org.testng.Assert.fail(Assert.java:110)
	at tests.utility.Hooks.ConfigFileReader(Hooks.java:69)
	at tests.utility.Hooks.initWebDriver(Hooks.java:159)
</failure>
    <system-out><![CDATA[Override Line item Prices - verify update button, verify remove button : FAILED
]]></system-out>
  </testcase>
  <testcase name="runScenario" classname="tests.runners.RunTest" time="0.067">
    <failure message="Environment Variable is NOT Set" type="java.lang.AssertionError">java.lang.AssertionError: Environment Variable is NOT Set
	at org.testng.Assert.fail(Assert.java:110)
	at tests.utility.Hooks.ConfigFileReader(Hooks.java:69)
	at tests.utility.Hooks.initWebDriver(Hooks.java:159)
</failure>
    <system-out><![CDATA[Override Line item Prices - verify remove button : FAILED
]]></system-out>
  </testcase>
  <testcase name="runScenario" classname="tests.runners.RunTest" time="0.052">
    <failure message="Environment Variable is NOT Set" type="java.lang.AssertionError">java.lang.AssertionError: Environment Variable is NOT Set
	at org.testng.Assert.fail(Assert.java:110)
	at tests.utility.Hooks.ConfigFileReader(Hooks.java:69)
	at tests.utility.Hooks.initWebDriver(Hooks.java:159)
</failure>
    <system-out><![CDATA[Shipping Override (SD, UFD) -  i can introduce only zero in unlimited furniture delivery field, verify that error should be appeared -> Value must be 0. : FAILED
]]></system-out>
  </testcase>
  <testcase name="runScenario" classname="tests.runners.RunTest" time="0.042">
    <failure message="Environment Variable is NOT Set" type="java.lang.AssertionError">java.lang.AssertionError: Environment Variable is NOT Set
	at org.testng.Assert.fail(Assert.java:110)
	at tests.utility.Hooks.ConfigFileReader(Hooks.java:69)
	at tests.utility.Hooks.initWebDriver(Hooks.java:159)
</failure>
    <system-out><![CDATA[FEMA Promotion Code Description - FEMAD : FAILED
]]></system-out>
  </testcase>
  <testcase name="runScenario" classname="tests.runners.RunTest" time="0.04">
    <failure message="Environment Variable is NOT Set" type="java.lang.AssertionError">java.lang.AssertionError: Environment Variable is NOT Set
	at org.testng.Assert.fail(Assert.java:110)
	at tests.utility.Hooks.ConfigFileReader(Hooks.java:69)
	at tests.utility.Hooks.initWebDriver(Hooks.java:159)
</failure>
    <system-out><![CDATA[Move to Project : FAILED
]]></system-out>
  </testcase>
  <testcase name="runScenario" classname="tests.runners.RunTest" time="0.043">
    <failure message="Environment Variable is NOT Set" type="java.lang.AssertionError">java.lang.AssertionError: Environment Variable is NOT Set
	at org.testng.Assert.fail(Assert.java:110)
	at tests.utility.Hooks.ConfigFileReader(Hooks.java:69)
	at tests.utility.Hooks.initWebDriver(Hooks.java:159)
</failure>
    <system-out><![CDATA[Promo codes - promo code for guest user : FAILED
]]></system-out>
  </testcase>
  <testcase name="runScenario" classname="tests.runners.RunTest" time="0.041">
    <failure message="Environment Variable is NOT Set" type="java.lang.AssertionError">java.lang.AssertionError: Environment Variable is NOT Set
	at org.testng.Assert.fail(Assert.java:110)
	at tests.utility.Hooks.ConfigFileReader(Hooks.java:69)
	at tests.utility.Hooks.initWebDriver(Hooks.java:159)
</failure>
    <system-out><![CDATA[Designed/ Sold By : FAILED
]]></system-out>
  </testcase>
  <testcase name="runScenario" classname="tests.runners.RunTest" time="0.055">
    <failure message="Environment Variable is NOT Set" type="java.lang.AssertionError">java.lang.AssertionError: Environment Variable is NOT Set
	at org.testng.Assert.fail(Assert.java:110)
	at tests.utility.Hooks.ConfigFileReader(Hooks.java:69)
	at tests.utility.Hooks.initWebDriver(Hooks.java:159)
</failure>
    <system-out><![CDATA[Promo codes - verify that total price from cart and from payment page is the same after applying promocode : FAILED
]]></system-out>
  </testcase>
  <testcase name="runScenario" classname="tests.runners.RunTest" time="0.059">
    <failure message="Environment Variable is NOT Set" type="java.lang.AssertionError">java.lang.AssertionError: Environment Variable is NOT Set
	at org.testng.Assert.fail(Assert.java:110)
	at tests.utility.Hooks.ConfigFileReader(Hooks.java:69)
	at tests.utility.Hooks.initWebDriver(Hooks.java:159)
</failure>
    <system-out><![CDATA[Promo codes - verify that total price from cart and from payment page is the same after applying promo code : FAILED
]]></system-out>
  </testcase>
  <testcase name="runScenario" classname="tests.runners.RunTest" time="0.045">
    <failure message="Environment Variable is NOT Set" type="java.lang.AssertionError">java.lang.AssertionError: Environment Variable is NOT Set
	at org.testng.Assert.fail(Assert.java:110)
	at tests.utility.Hooks.ConfigFileReader(Hooks.java:69)
	at tests.utility.Hooks.initWebDriver(Hooks.java:159)
</failure>
    <system-out><![CDATA[Promo codes - verify that promo code was removed for member client : FAILED
]]></system-out>
  </testcase>
  <testcase name="runScenario" classname="tests.runners.RunTest" time="0.045">
    <failure message="Environment Variable is NOT Set" type="java.lang.AssertionError">java.lang.AssertionError: Environment Variable is NOT Set
	at org.testng.Assert.fail(Assert.java:110)
	at tests.utility.Hooks.ConfigFileReader(Hooks.java:69)
	at tests.utility.Hooks.initWebDriver(Hooks.java:159)
</failure>
    <system-out><![CDATA[Verify mini cart count : FAILED
]]></system-out>
  </testcase>
  <testcase name="runScenario" classname="tests.runners.RunTest" time="0.047">
    <failure message="Environment Variable is NOT Set" type="java.lang.AssertionError">java.lang.AssertionError: Environment Variable is NOT Set
	at org.testng.Assert.fail(Assert.java:110)
	at tests.utility.Hooks.ConfigFileReader(Hooks.java:69)
	at tests.utility.Hooks.initWebDriver(Hooks.java:159)
</failure>
    <system-out><![CDATA[Verify Membership banner for Trade - should not be present : FAILED
]]></system-out>
  </testcase>
  <testcase name="runScenario" classname="tests.runners.RunTest" time="0.039">
    <failure message="Environment Variable is NOT Set" type="java.lang.AssertionError">java.lang.AssertionError: Environment Variable is NOT Set
	at org.testng.Assert.fail(Assert.java:110)
	at tests.utility.Hooks.ConfigFileReader(Hooks.java:69)
	at tests.utility.Hooks.initWebDriver(Hooks.java:159)
</failure>
    <system-out><![CDATA[Verify Membership banner for Unclassified - should not be present : FAILED
]]></system-out>
  </testcase>
  <testcase name="runScenario" classname="tests.runners.RunTest" time="0.043">
    <failure message="Environment Variable is NOT Set" type="java.lang.AssertionError">java.lang.AssertionError: Environment Variable is NOT Set
	at org.testng.Assert.fail(Assert.java:110)
	at tests.utility.Hooks.ConfigFileReader(Hooks.java:69)
	at tests.utility.Hooks.initWebDriver(Hooks.java:159)
</failure>
    <system-out><![CDATA[Verify Membership Pop up while checkout for Trade - should not : FAILED
]]></system-out>
  </testcase>
  <testcase name="runScenario" classname="tests.runners.RunTest" time="0.039">
    <failure message="Environment Variable is NOT Set" type="java.lang.AssertionError">java.lang.AssertionError: Environment Variable is NOT Set
	at org.testng.Assert.fail(Assert.java:110)
	at tests.utility.Hooks.ConfigFileReader(Hooks.java:69)
	at tests.utility.Hooks.initWebDriver(Hooks.java:159)
</failure>
    <system-out><![CDATA[Verify Membership Pop up while checkout for contract - should not be present : FAILED
]]></system-out>
  </testcase>
  <testcase name="runScenario" classname="tests.runners.RunTest" time="0.044">
    <failure message="Environment Variable is NOT Set" type="java.lang.AssertionError">java.lang.AssertionError: Environment Variable is NOT Set
	at org.testng.Assert.fail(Assert.java:110)
	at tests.utility.Hooks.ConfigFileReader(Hooks.java:69)
	at tests.utility.Hooks.initWebDriver(Hooks.java:159)
</failure>
    <system-out><![CDATA[Verify Trade,Contract client address page - ship to Bill to, Sold to addresses - edit addresses : FAILED
]]></system-out>
  </testcase>
  <testcase name="runScenario" classname="tests.runners.RunTest" time="0.041">
    <failure message="Environment Variable is NOT Set" type="java.lang.AssertionError">java.lang.AssertionError: Environment Variable is NOT Set
	at org.testng.Assert.fail(Assert.java:110)
	at tests.utility.Hooks.ConfigFileReader(Hooks.java:69)
	at tests.utility.Hooks.initWebDriver(Hooks.java:159)
</failure>
    <system-out><![CDATA[Verify membership prices for Membership client : FAILED
]]></system-out>
  </testcase>
  <testcase name="runScenario" classname="tests.runners.RunTest" time="0.034">
    <failure message="Environment Variable is NOT Set" type="java.lang.AssertionError">java.lang.AssertionError: Environment Variable is NOT Set
	at org.testng.Assert.fail(Assert.java:110)
	at tests.utility.Hooks.ConfigFileReader(Hooks.java:69)
	at tests.utility.Hooks.initWebDriver(Hooks.java:159)
</failure>
    <system-out><![CDATA[Verify Employee discount checkout : FAILED
]]></system-out>
  </testcase>
  <testcase name="runScenario" classname="tests.runners.RunTest" time="0.033">
    <failure message="Environment Variable is NOT Set" type="java.lang.AssertionError">java.lang.AssertionError: Environment Variable is NOT Set
	at org.testng.Assert.fail(Assert.java:110)
	at tests.utility.Hooks.ConfigFileReader(Hooks.java:69)
	at tests.utility.Hooks.initWebDriver(Hooks.java:159)
</failure>
    <system-out><![CDATA[Postpone shipment : FAILED
]]></system-out>
  </testcase>
  <testcase name="runScenario" classname="tests.runners.RunTest" time="0.035">
    <failure message="Environment Variable is NOT Set" type="java.lang.AssertionError">java.lang.AssertionError: Environment Variable is NOT Set
	at org.testng.Assert.fail(Assert.java:110)
	at tests.utility.Hooks.ConfigFileReader(Hooks.java:69)
	at tests.utility.Hooks.initWebDriver(Hooks.java:159)
</failure>
    <system-out><![CDATA[Monogram Edit / Remove / Add : FAILED
]]></system-out>
  </testcase>
  <testcase name="runScenario" classname="tests.runners.RunTest" time="0.038">
    <failure message="Environment Variable is NOT Set" type="java.lang.AssertionError">java.lang.AssertionError: Environment Variable is NOT Set
	at org.testng.Assert.fail(Assert.java:110)
	at tests.utility.Hooks.ConfigFileReader(Hooks.java:69)
	at tests.utility.Hooks.initWebDriver(Hooks.java:159)
</failure>
    <system-out><![CDATA[Gift Box Add / Remove / View : FAILED
]]></system-out>
  </testcase>
  <testcase name="runScenario" classname="tests.runners.RunTest" time="0.037">
    <failure message="Environment Variable is NOT Set" type="java.lang.AssertionError">java.lang.AssertionError: Environment Variable is NOT Set
	at org.testng.Assert.fail(Assert.java:110)
	at tests.utility.Hooks.ConfigFileReader(Hooks.java:69)
	at tests.utility.Hooks.initWebDriver(Hooks.java:159)
</failure>
    <system-out><![CDATA[Verify Member savings for a Non member user in cart - From PDP and Project : FAILED
]]></system-out>
  </testcase>
  <testcase name="runScenario" classname="tests.runners.RunTest" time="0.037">
    <failure message="Environment Variable is NOT Set" type="java.lang.AssertionError">java.lang.AssertionError: Environment Variable is NOT Set
	at org.testng.Assert.fail(Assert.java:110)
	at tests.utility.Hooks.ConfigFileReader(Hooks.java:69)
	at tests.utility.Hooks.initWebDriver(Hooks.java:159)
</failure>
    <system-out><![CDATA[Verify Trade savings for a Trade user in cart - From PDP and Project : FAILED
]]></system-out>
  </testcase>
  <testcase name="runScenario" classname="tests.runners.RunTest" time="0.036">
    <failure message="Environment Variable is NOT Set" type="java.lang.AssertionError">java.lang.AssertionError: Environment Variable is NOT Set
	at org.testng.Assert.fail(Assert.java:110)
	at tests.utility.Hooks.ConfigFileReader(Hooks.java:69)
	at tests.utility.Hooks.initWebDriver(Hooks.java:159)
</failure>
    <system-out><![CDATA[Verify address saved in address page when navigate back from order review or any page : FAILED
]]></system-out>
  </testcase>
  <testcase name="runScenario" classname="tests.runners.RunTest" time="0.038">
    <failure message="Environment Variable is NOT Set" type="java.lang.AssertionError">java.lang.AssertionError: Environment Variable is NOT Set
	at org.testng.Assert.fail(Assert.java:110)
	at tests.utility.Hooks.ConfigFileReader(Hooks.java:69)
	at tests.utility.Hooks.initWebDriver(Hooks.java:159)
</failure>
    <system-out><![CDATA[Zipcode Validation : FAILED
]]></system-out>
  </testcase>
  <testcase name="runScenario" classname="tests.runners.RunTest" time="0.031">
    <failure message="Environment Variable is NOT Set" type="java.lang.AssertionError">java.lang.AssertionError: Environment Variable is NOT Set
	at org.testng.Assert.fail(Assert.java:110)
	at tests.utility.Hooks.ConfigFileReader(Hooks.java:69)
	at tests.utility.Hooks.initWebDriver(Hooks.java:159)
</failure>
    <system-out><![CDATA[Availability, Delivery and Returns messages : FAILED
]]></system-out>
  </testcase>
  <testcase name="runScenario" classname="tests.runners.RunTest" time="0.036">
    <failure message="Environment Variable is NOT Set" type="java.lang.AssertionError">java.lang.AssertionError: Environment Variable is NOT Set
	at org.testng.Assert.fail(Assert.java:110)
	at tests.utility.Hooks.ConfigFileReader(Hooks.java:69)
	at tests.utility.Hooks.initWebDriver(Hooks.java:159)
</failure>
    <system-out><![CDATA[Verify alternate addresses for client with multiple addresses : FAILED
]]></system-out>
  </testcase>
  <testcase name="runScenario" classname="tests.runners.RunTest" time="0.043">
    <failure message="Environment Variable is NOT Set" type="java.lang.AssertionError">java.lang.AssertionError: Environment Variable is NOT Set
	at org.testng.Assert.fail(Assert.java:110)
	at tests.utility.Hooks.ConfigFileReader(Hooks.java:69)
	at tests.utility.Hooks.initWebDriver(Hooks.java:159)
</failure>
    <system-out><![CDATA[Verify client search by email : FAILED
]]></system-out>
  </testcase>
  <testcase name="runScenario" classname="tests.runners.RunTest" time="0.038">
    <failure message="Environment Variable is NOT Set" type="java.lang.AssertionError">java.lang.AssertionError: Environment Variable is NOT Set
	at org.testng.Assert.fail(Assert.java:110)
	at tests.utility.Hooks.ConfigFileReader(Hooks.java:69)
	at tests.utility.Hooks.initWebDriver(Hooks.java:159)
</failure>
    <system-out><![CDATA[Verify client search by lastName : FAILED
]]></system-out>
  </testcase>
  <testcase name="runScenario" classname="tests.runners.RunTest" time="0.03">
    <failure message="Environment Variable is NOT Set" type="java.lang.AssertionError">java.lang.AssertionError: Environment Variable is NOT Set
	at org.testng.Assert.fail(Assert.java:110)
	at tests.utility.Hooks.ConfigFileReader(Hooks.java:69)
	at tests.utility.Hooks.initWebDriver(Hooks.java:159)
</failure>
    <system-out><![CDATA[Verify client search by memberID : FAILED
]]></system-out>
  </testcase>
  <testcase name="runScenario" classname="tests.runners.RunTest" time="0.037">
    <failure message="Environment Variable is NOT Set" type="java.lang.AssertionError">java.lang.AssertionError: Environment Variable is NOT Set
	at org.testng.Assert.fail(Assert.java:110)
	at tests.utility.Hooks.ConfigFileReader(Hooks.java:69)
	at tests.utility.Hooks.initWebDriver(Hooks.java:159)
</failure>
    <system-out><![CDATA[Verify client search by businessAccountNumberTrade : FAILED
]]></system-out>
  </testcase>
  <testcase name="runScenario" classname="tests.runners.RunTest" time="0.031">
    <failure message="Environment Variable is NOT Set" type="java.lang.AssertionError">java.lang.AssertionError: Environment Variable is NOT Set
	at org.testng.Assert.fail(Assert.java:110)
	at tests.utility.Hooks.ConfigFileReader(Hooks.java:69)
	at tests.utility.Hooks.initWebDriver(Hooks.java:159)
</failure>
    <system-out><![CDATA[Verify client search by businessAccountNumberContract : FAILED
]]></system-out>
  </testcase>
  <testcase name="runScenario" classname="tests.runners.RunTest" time="0.032">
    <failure message="Environment Variable is NOT Set" type="java.lang.AssertionError">java.lang.AssertionError: Environment Variable is NOT Set
	at org.testng.Assert.fail(Assert.java:110)
	at tests.utility.Hooks.ConfigFileReader(Hooks.java:69)
	at tests.utility.Hooks.initWebDriver(Hooks.java:159)
</failure>
    <system-out><![CDATA[Verify that user is able to create new client : FAILED
]]></system-out>
  </testcase>
  <testcase name="runScenario" classname="tests.runners.RunTest" time="0.033">
    <failure message="Environment Variable is NOT Set" type="java.lang.AssertionError">java.lang.AssertionError: Environment Variable is NOT Set
	at org.testng.Assert.fail(Assert.java:110)
	at tests.utility.Hooks.ConfigFileReader(Hooks.java:69)
	at tests.utility.Hooks.initWebDriver(Hooks.java:159)
</failure>
    <system-out><![CDATA[Verify that I'm not able to select Contract Client without contract gallery : FAILED
]]></system-out>
  </testcase>
  <testcase name="runScenario" classname="tests.runners.RunTest" time="0.062">
    <failure message="Environment Variable is NOT Set" type="java.lang.AssertionError">java.lang.AssertionError: Environment Variable is NOT Set
	at org.testng.Assert.fail(Assert.java:110)
	at tests.utility.Hooks.ConfigFileReader(Hooks.java:69)
	at tests.utility.Hooks.initWebDriver(Hooks.java:159)
</failure>
    <system-out><![CDATA[Verify that user is able to buy item : FAILED
]]></system-out>
  </testcase>
  <testcase name="runScenario" classname="tests.runners.RunTest" time="0.034">
    <failure message="Environment Variable is NOT Set" type="java.lang.AssertionError">java.lang.AssertionError: Environment Variable is NOT Set
	at org.testng.Assert.fail(Assert.java:110)
	at tests.utility.Hooks.ConfigFileReader(Hooks.java:69)
	at tests.utility.Hooks.initWebDriver(Hooks.java:159)
</failure>
    <system-out><![CDATA[Verify that user is able to execute split payment using all payment methods : FAILED
]]></system-out>
  </testcase>
  <testcase name="runScenario" classname="tests.runners.RunTest" time="0.038">
    <failure message="Environment Variable is NOT Set" type="java.lang.AssertionError">java.lang.AssertionError: Environment Variable is NOT Set
	at org.testng.Assert.fail(Assert.java:110)
	at tests.utility.Hooks.ConfigFileReader(Hooks.java:69)
	at tests.utility.Hooks.initWebDriver(Hooks.java:159)
</failure>
    <system-out><![CDATA[Verify that if client is a member then redirected to carts screen : FAILED
]]></system-out>
  </testcase>
  <testcase name="runScenario" classname="tests.runners.RunTest" time="0.032">
    <failure message="Environment Variable is NOT Set" type="java.lang.AssertionError">java.lang.AssertionError: Environment Variable is NOT Set
	at org.testng.Assert.fail(Assert.java:110)
	at tests.utility.Hooks.ConfigFileReader(Hooks.java:69)
	at tests.utility.Hooks.initWebDriver(Hooks.java:159)
</failure>
    <system-out><![CDATA[Verify that if client is a non member then redirected to address screen : FAILED
]]></system-out>
  </testcase>
  <testcase name="runScenario" classname="tests.runners.RunTest" time="0.033">
    <failure message="Environment Variable is NOT Set" type="java.lang.AssertionError">java.lang.AssertionError: Environment Variable is NOT Set
	at org.testng.Assert.fail(Assert.java:110)
	at tests.utility.Hooks.ConfigFileReader(Hooks.java:69)
	at tests.utility.Hooks.initWebDriver(Hooks.java:159)
</failure>
    <system-out><![CDATA[Verify that user is able to buy item through search item by SKU id : FAILED
]]></system-out>
  </testcase>
  <testcase name="runScenario" classname="tests.runners.RunTest" time="0.034">
    <failure message="Environment Variable is NOT Set" type="java.lang.AssertionError">java.lang.AssertionError: Environment Variable is NOT Set
	at org.testng.Assert.fail(Assert.java:110)
	at tests.utility.Hooks.ConfigFileReader(Hooks.java:69)
	at tests.utility.Hooks.initWebDriver(Hooks.java:159)
</failure>
    <system-out><![CDATA[Verify that user is able to add item to project and pay : FAILED
]]></system-out>
  </testcase>
  <testcase name="runScenario" classname="tests.runners.RunTest" time="0.034">
    <failure message="Environment Variable is NOT Set" type="java.lang.AssertionError">java.lang.AssertionError: Environment Variable is NOT Set
	at org.testng.Assert.fail(Assert.java:110)
	at tests.utility.Hooks.ConfigFileReader(Hooks.java:69)
	at tests.utility.Hooks.initWebDriver(Hooks.java:159)
</failure>
    <system-out><![CDATA[Gift Card Balance Enquiry : FAILED
]]></system-out>
  </testcase>
  <testcase name="runScenario" classname="tests.runners.RunTest" time="0.037">
    <failure message="Environment Variable is NOT Set" type="java.lang.AssertionError">java.lang.AssertionError: Environment Variable is NOT Set
	at org.testng.Assert.fail(Assert.java:110)
	at tests.utility.Hooks.ConfigFileReader(Hooks.java:69)
	at tests.utility.Hooks.initWebDriver(Hooks.java:159)
</failure>
    <system-out><![CDATA[Purchase Gift Card : FAILED
]]></system-out>
  </testcase>
  <testcase name="runScenario" classname="tests.runners.RunTest" time="0.042">
    <failure message="Environment Variable is NOT Set" type="java.lang.AssertionError">java.lang.AssertionError: Environment Variable is NOT Set
	at org.testng.Assert.fail(Assert.java:110)
	at tests.utility.Hooks.ConfigFileReader(Hooks.java:69)
	at tests.utility.Hooks.initWebDriver(Hooks.java:159)
</failure>
    <system-out><![CDATA[Login as associate and Verify that home page is accessible : FAILED
]]></system-out>
  </testcase>
  <testcase name="runScenario" classname="tests.runners.RunTest" time="0.031">
    <failure message="Environment Variable is NOT Set" type="java.lang.AssertionError">java.lang.AssertionError: Environment Variable is NOT Set
	at org.testng.Assert.fail(Assert.java:110)
	at tests.utility.Hooks.ConfigFileReader(Hooks.java:69)
	at tests.utility.Hooks.initWebDriver(Hooks.java:159)
</failure>
    <system-out><![CDATA[Verify top menu navigation : FAILED
]]></system-out>
  </testcase>
  <testcase name="runScenario" classname="tests.runners.RunTest" time="0.032">
    <failure message="Environment Variable is NOT Set" type="java.lang.AssertionError">java.lang.AssertionError: Environment Variable is NOT Set
	at org.testng.Assert.fail(Assert.java:110)
	at tests.utility.Hooks.ConfigFileReader(Hooks.java:69)
	at tests.utility.Hooks.initWebDriver(Hooks.java:159)
</failure>
    <system-out><![CDATA[Verify top menu navigation : FAILED
]]></system-out>
  </testcase>
  <testcase name="runScenario" classname="tests.runners.RunTest" time="0.031">
    <failure message="Environment Variable is NOT Set" type="java.lang.AssertionError">java.lang.AssertionError: Environment Variable is NOT Set
	at org.testng.Assert.fail(Assert.java:110)
	at tests.utility.Hooks.ConfigFileReader(Hooks.java:69)
	at tests.utility.Hooks.initWebDriver(Hooks.java:159)
</failure>
    <system-out><![CDATA[Verify top menu navigation : FAILED
]]></system-out>
  </testcase>
  <testcase name="runScenario" classname="tests.runners.RunTest" time="0.036">
    <failure message="Environment Variable is NOT Set" type="java.lang.AssertionError">java.lang.AssertionError: Environment Variable is NOT Set
	at org.testng.Assert.fail(Assert.java:110)
	at tests.utility.Hooks.ConfigFileReader(Hooks.java:69)
	at tests.utility.Hooks.initWebDriver(Hooks.java:159)
</failure>
    <system-out><![CDATA[Verify top menu navigation : FAILED
]]></system-out>
  </testcase>
  <testcase name="runScenario" classname="tests.runners.RunTest" time="0.035">
    <failure message="Environment Variable is NOT Set" type="java.lang.AssertionError">java.lang.AssertionError: Environment Variable is NOT Set
	at org.testng.Assert.fail(Assert.java:110)
	at tests.utility.Hooks.ConfigFileReader(Hooks.java:69)
	at tests.utility.Hooks.initWebDriver(Hooks.java:159)
</failure>
    <system-out><![CDATA[Verify top menu navigation : FAILED
]]></system-out>
  </testcase>
  <testcase name="runScenario" classname="tests.runners.RunTest" time="0.038">
    <failure message="Environment Variable is NOT Set" type="java.lang.AssertionError">java.lang.AssertionError: Environment Variable is NOT Set
	at org.testng.Assert.fail(Assert.java:110)
	at tests.utility.Hooks.ConfigFileReader(Hooks.java:69)
	at tests.utility.Hooks.initWebDriver(Hooks.java:159)
</failure>
    <system-out><![CDATA[Verify top menu navigation : FAILED
]]></system-out>
  </testcase>
  <testcase name="runScenario" classname="tests.runners.RunTest" time="0.032">
    <failure message="Environment Variable is NOT Set" type="java.lang.AssertionError">java.lang.AssertionError: Environment Variable is NOT Set
	at org.testng.Assert.fail(Assert.java:110)
	at tests.utility.Hooks.ConfigFileReader(Hooks.java:69)
	at tests.utility.Hooks.initWebDriver(Hooks.java:159)
</failure>
    <system-out><![CDATA[Verify top menu navigation : FAILED
]]></system-out>
  </testcase>
  <testcase name="runScenario" classname="tests.runners.RunTest" time="0.037">
    <failure message="Environment Variable is NOT Set" type="java.lang.AssertionError">java.lang.AssertionError: Environment Variable is NOT Set
	at org.testng.Assert.fail(Assert.java:110)
	at tests.utility.Hooks.ConfigFileReader(Hooks.java:69)
	at tests.utility.Hooks.initWebDriver(Hooks.java:159)
</failure>
    <system-out><![CDATA[Verify top menu navigation : FAILED
]]></system-out>
  </testcase>
  <testcase name="runScenario" classname="tests.runners.RunTest" time="0.038">
    <failure message="Environment Variable is NOT Set" type="java.lang.AssertionError">java.lang.AssertionError: Environment Variable is NOT Set
	at org.testng.Assert.fail(Assert.java:110)
	at tests.utility.Hooks.ConfigFileReader(Hooks.java:69)
	at tests.utility.Hooks.initWebDriver(Hooks.java:159)
</failure>
    <system-out><![CDATA[Verify top menu navigation : FAILED
]]></system-out>
  </testcase>
  <testcase name="runScenario" classname="tests.runners.RunTest" time="0.034">
    <failure message="Environment Variable is NOT Set" type="java.lang.AssertionError">java.lang.AssertionError: Environment Variable is NOT Set
	at org.testng.Assert.fail(Assert.java:110)
	at tests.utility.Hooks.ConfigFileReader(Hooks.java:69)
	at tests.utility.Hooks.initWebDriver(Hooks.java:159)
</failure>
    <system-out><![CDATA[Verify the logo on "RH" brand : FAILED
]]></system-out>
  </testcase>
  <testcase name="runScenario" classname="tests.runners.RunTest" time="0.034">
    <failure message="Environment Variable is NOT Set" type="java.lang.AssertionError">java.lang.AssertionError: Environment Variable is NOT Set
	at org.testng.Assert.fail(Assert.java:110)
	at tests.utility.Hooks.ConfigFileReader(Hooks.java:69)
	at tests.utility.Hooks.initWebDriver(Hooks.java:159)
</failure>
    <system-out><![CDATA[Verify the logo on "RH CONTEMPORARY" brand : FAILED
]]></system-out>
  </testcase>
  <testcase name="runScenario" classname="tests.runners.RunTest" time="0.031">
    <failure message="Environment Variable is NOT Set" type="java.lang.AssertionError">java.lang.AssertionError: Environment Variable is NOT Set
	at org.testng.Assert.fail(Assert.java:110)
	at tests.utility.Hooks.ConfigFileReader(Hooks.java:69)
	at tests.utility.Hooks.initWebDriver(Hooks.java:159)
</failure>
    <system-out><![CDATA[Verify the logo on "RH INTERIORS" brand : FAILED
]]></system-out>
  </testcase>
  <testcase name="runScenario" classname="tests.runners.RunTest" time="0.031">
    <failure message="Environment Variable is NOT Set" type="java.lang.AssertionError">java.lang.AssertionError: Environment Variable is NOT Set
	at org.testng.Assert.fail(Assert.java:110)
	at tests.utility.Hooks.ConfigFileReader(Hooks.java:69)
	at tests.utility.Hooks.initWebDriver(Hooks.java:159)
</failure>
    <system-out><![CDATA[Verify the logo on "RH MODERN" brand : FAILED
]]></system-out>
  </testcase>
  <testcase name="runScenario" classname="tests.runners.RunTest" time="0.038">
    <failure message="Environment Variable is NOT Set" type="java.lang.AssertionError">java.lang.AssertionError: Environment Variable is NOT Set
	at org.testng.Assert.fail(Assert.java:110)
	at tests.utility.Hooks.ConfigFileReader(Hooks.java:69)
	at tests.utility.Hooks.initWebDriver(Hooks.java:159)
</failure>
    <system-out><![CDATA[Verify the logo on "RH OUTDOOR" brand : FAILED
]]></system-out>
  </testcase>
  <testcase name="runScenario" classname="tests.runners.RunTest" time="0.032">
    <failure message="Environment Variable is NOT Set" type="java.lang.AssertionError">java.lang.AssertionError: Environment Variable is NOT Set
	at org.testng.Assert.fail(Assert.java:110)
	at tests.utility.Hooks.ConfigFileReader(Hooks.java:69)
	at tests.utility.Hooks.initWebDriver(Hooks.java:159)
</failure>
    <system-out><![CDATA[Verify the logo on "RH BEACH HOUSE" brand : FAILED
]]></system-out>
  </testcase>
  <testcase name="runScenario" classname="tests.runners.RunTest" time="0.032">
    <failure message="Environment Variable is NOT Set" type="java.lang.AssertionError">java.lang.AssertionError: Environment Variable is NOT Set
	at org.testng.Assert.fail(Assert.java:110)
	at tests.utility.Hooks.ConfigFileReader(Hooks.java:69)
	at tests.utility.Hooks.initWebDriver(Hooks.java:159)
</failure>
    <system-out><![CDATA[Verify the logo on "RH SKI HOUSE" brand : FAILED
]]></system-out>
  </testcase>
  <testcase name="runScenario" classname="tests.runners.RunTest" time="0.035">
    <failure message="Environment Variable is NOT Set" type="java.lang.AssertionError">java.lang.AssertionError: Environment Variable is NOT Set
	at org.testng.Assert.fail(Assert.java:110)
	at tests.utility.Hooks.ConfigFileReader(Hooks.java:69)
	at tests.utility.Hooks.initWebDriver(Hooks.java:159)
</failure>
    <system-out><![CDATA[Verify the logo on "RH BABY & CHILD" brand : FAILED
]]></system-out>
  </testcase>
  <testcase name="runScenario" classname="tests.runners.RunTest" time="0.033">
    <failure message="Environment Variable is NOT Set" type="java.lang.AssertionError">java.lang.AssertionError: Environment Variable is NOT Set
	at org.testng.Assert.fail(Assert.java:110)
	at tests.utility.Hooks.ConfigFileReader(Hooks.java:69)
	at tests.utility.Hooks.initWebDriver(Hooks.java:159)
</failure>
    <system-out><![CDATA[Verify the logo on "RH TEEN" brand : FAILED
]]></system-out>
  </testcase>
  <testcase name="runScenario" classname="tests.runners.RunTest" time="0.029">
    <failure message="Environment Variable is NOT Set" type="java.lang.AssertionError">java.lang.AssertionError: Environment Variable is NOT Set
	at org.testng.Assert.fail(Assert.java:110)
	at tests.utility.Hooks.ConfigFileReader(Hooks.java:69)
	at tests.utility.Hooks.initWebDriver(Hooks.java:159)
</failure>
    <system-out><![CDATA[Verify brand dropdown : FAILED
]]></system-out>
  </testcase>
  <testcase name="runScenario" classname="tests.runners.RunTest" time="0.03">
    <failure message="Environment Variable is NOT Set" type="java.lang.AssertionError">java.lang.AssertionError: Environment Variable is NOT Set
	at org.testng.Assert.fail(Assert.java:110)
	at tests.utility.Hooks.ConfigFileReader(Hooks.java:69)
	at tests.utility.Hooks.initWebDriver(Hooks.java:159)
</failure>
    <system-out><![CDATA[Verify brand dropdown : FAILED
]]></system-out>
  </testcase>
  <testcase name="runScenario" classname="tests.runners.RunTest" time="0.038">
    <failure message="Environment Variable is NOT Set" type="java.lang.AssertionError">java.lang.AssertionError: Environment Variable is NOT Set
	at org.testng.Assert.fail(Assert.java:110)
	at tests.utility.Hooks.ConfigFileReader(Hooks.java:69)
	at tests.utility.Hooks.initWebDriver(Hooks.java:159)
</failure>
    <system-out><![CDATA[Verify brand dropdown : FAILED
]]></system-out>
  </testcase>
  <testcase name="runScenario" classname="tests.runners.RunTest" time="0.029">
    <failure message="Environment Variable is NOT Set" type="java.lang.AssertionError">java.lang.AssertionError: Environment Variable is NOT Set
	at org.testng.Assert.fail(Assert.java:110)
	at tests.utility.Hooks.ConfigFileReader(Hooks.java:69)
	at tests.utility.Hooks.initWebDriver(Hooks.java:159)
</failure>
    <system-out><![CDATA[Verify brand dropdown : FAILED
]]></system-out>
  </testcase>
  <testcase name="runScenario" classname="tests.runners.RunTest" time="0.031">
    <failure message="Environment Variable is NOT Set" type="java.lang.AssertionError">java.lang.AssertionError: Environment Variable is NOT Set
	at org.testng.Assert.fail(Assert.java:110)
	at tests.utility.Hooks.ConfigFileReader(Hooks.java:69)
	at tests.utility.Hooks.initWebDriver(Hooks.java:159)
</failure>
    <system-out><![CDATA[Verify brand dropdown : FAILED
]]></system-out>
  </testcase>
  <testcase name="runScenario" classname="tests.runners.RunTest" time="0.034">
    <failure message="Environment Variable is NOT Set" type="java.lang.AssertionError">java.lang.AssertionError: Environment Variable is NOT Set
	at org.testng.Assert.fail(Assert.java:110)
	at tests.utility.Hooks.ConfigFileReader(Hooks.java:69)
	at tests.utility.Hooks.initWebDriver(Hooks.java:159)
</failure>
    <system-out><![CDATA[Verify brand dropdown : FAILED
]]></system-out>
  </testcase>
  <testcase name="runScenario" classname="tests.runners.RunTest" time="0.035">
    <failure message="Environment Variable is NOT Set" type="java.lang.AssertionError">java.lang.AssertionError: Environment Variable is NOT Set
	at org.testng.Assert.fail(Assert.java:110)
	at tests.utility.Hooks.ConfigFileReader(Hooks.java:69)
	at tests.utility.Hooks.initWebDriver(Hooks.java:159)
</failure>
    <system-out><![CDATA[Verify brand dropdown : FAILED
]]></system-out>
  </testcase>
  <testcase name="runScenario" classname="tests.runners.RunTest" time="0.03">
    <failure message="Environment Variable is NOT Set" type="java.lang.AssertionError">java.lang.AssertionError: Environment Variable is NOT Set
	at org.testng.Assert.fail(Assert.java:110)
	at tests.utility.Hooks.ConfigFileReader(Hooks.java:69)
	at tests.utility.Hooks.initWebDriver(Hooks.java:159)
</failure>
    <system-out><![CDATA[Verify brand dropdown : FAILED
]]></system-out>
  </testcase>
  <testcase name="runScenario" classname="tests.runners.RunTest" time="0.031">
    <failure message="Environment Variable is NOT Set" type="java.lang.AssertionError">java.lang.AssertionError: Environment Variable is NOT Set
	at org.testng.Assert.fail(Assert.java:110)
	at tests.utility.Hooks.ConfigFileReader(Hooks.java:69)
	at tests.utility.Hooks.initWebDriver(Hooks.java:159)
</failure>
    <system-out><![CDATA[Verify brand dropdown : FAILED
]]></system-out>
  </testcase>
  <testcase name="runScenario" classname="tests.runners.RunTest" time="0.033">
    <failure message="Environment Variable is NOT Set" type="java.lang.AssertionError">java.lang.AssertionError: Environment Variable is NOT Set
	at org.testng.Assert.fail(Assert.java:110)
	at tests.utility.Hooks.ConfigFileReader(Hooks.java:69)
	at tests.utility.Hooks.initWebDriver(Hooks.java:159)
</failure>
    <system-out><![CDATA[Footer links : FAILED
]]></system-out>
  </testcase>
  <testcase name="runScenario" classname="tests.runners.RunTest" time="0.039">
    <failure message="Environment Variable is NOT Set" type="java.lang.AssertionError">java.lang.AssertionError: Environment Variable is NOT Set
	at org.testng.Assert.fail(Assert.java:110)
	at tests.utility.Hooks.ConfigFileReader(Hooks.java:69)
	at tests.utility.Hooks.initWebDriver(Hooks.java:159)
</failure>
    <system-out><![CDATA[Footer links : FAILED
]]></system-out>
  </testcase>
  <testcase name="runScenario" classname="tests.runners.RunTest" time="0.03">
    <failure message="Environment Variable is NOT Set" type="java.lang.AssertionError">java.lang.AssertionError: Environment Variable is NOT Set
	at org.testng.Assert.fail(Assert.java:110)
	at tests.utility.Hooks.ConfigFileReader(Hooks.java:69)
	at tests.utility.Hooks.initWebDriver(Hooks.java:159)
</failure>
    <system-out><![CDATA[Footer links : FAILED
]]></system-out>
  </testcase>
  <testcase name="runScenario" classname="tests.runners.RunTest" time="0.036">
    <failure message="Environment Variable is NOT Set" type="java.lang.AssertionError">java.lang.AssertionError: Environment Variable is NOT Set
	at org.testng.Assert.fail(Assert.java:110)
	at tests.utility.Hooks.ConfigFileReader(Hooks.java:69)
	at tests.utility.Hooks.initWebDriver(Hooks.java:159)
</failure>
    <system-out><![CDATA[Footer links : FAILED
]]></system-out>
  </testcase>
  <testcase name="runScenario" classname="tests.runners.RunTest" time="0.037">
    <failure message="Environment Variable is NOT Set" type="java.lang.AssertionError">java.lang.AssertionError: Environment Variable is NOT Set
	at org.testng.Assert.fail(Assert.java:110)
	at tests.utility.Hooks.ConfigFileReader(Hooks.java:69)
	at tests.utility.Hooks.initWebDriver(Hooks.java:159)
</failure>
    <system-out><![CDATA[Verify homepage content : FAILED
]]></system-out>
  </testcase>
  <testcase name="runScenario" classname="tests.runners.RunTest" time="0.03">
    <failure message="Environment Variable is NOT Set" type="java.lang.AssertionError">java.lang.AssertionError: Environment Variable is NOT Set
	at org.testng.Assert.fail(Assert.java:110)
	at tests.utility.Hooks.ConfigFileReader(Hooks.java:69)
	at tests.utility.Hooks.initWebDriver(Hooks.java:159)
</failure>
    <system-out><![CDATA[Change store number in concierge from dashboard : FAILED
]]></system-out>
  </testcase>
  <testcase name="runScenario" classname="tests.runners.RunTest" time="0.031">
    <failure message="Environment Variable is NOT Set" type="java.lang.AssertionError">java.lang.AssertionError: Environment Variable is NOT Set
	at org.testng.Assert.fail(Assert.java:110)
	at tests.utility.Hooks.ConfigFileReader(Hooks.java:69)
	at tests.utility.Hooks.initWebDriver(Hooks.java:159)
</failure>
    <system-out><![CDATA[Verify that all galleries are present in list : FAILED
]]></system-out>
  </testcase>
  <testcase name="runScenario" classname="tests.runners.RunTest" time="0.032">
    <failure message="Environment Variable is NOT Set" type="java.lang.AssertionError">java.lang.AssertionError: Environment Variable is NOT Set
	at org.testng.Assert.fail(Assert.java:110)
	at tests.utility.Hooks.ConfigFileReader(Hooks.java:69)
	at tests.utility.Hooks.initWebDriver(Hooks.java:159)
</failure>
    <system-out><![CDATA[Order history search is accessible from the dashboard : FAILED
]]></system-out>
  </testcase>
  <testcase name="runScenario" classname="tests.runners.RunTest" time="0.039">
    <failure message="Environment Variable is NOT Set" type="java.lang.AssertionError">java.lang.AssertionError: Environment Variable is NOT Set
	at org.testng.Assert.fail(Assert.java:110)
	at tests.utility.Hooks.ConfigFileReader(Hooks.java:69)
	at tests.utility.Hooks.initWebDriver(Hooks.java:159)
</failure>
    <system-out><![CDATA[Verify order history search returns a list of users - notexist : FAILED
]]></system-out>
  </testcase>
  <testcase name="runScenario" classname="tests.runners.RunTest" time="0.035">
    <failure message="Environment Variable is NOT Set" type="java.lang.AssertionError">java.lang.AssertionError: Environment Variable is NOT Set
	at org.testng.Assert.fail(Assert.java:110)
	at tests.utility.Hooks.ConfigFileReader(Hooks.java:69)
	at tests.utility.Hooks.initWebDriver(Hooks.java:159)
</failure>
    <system-out><![CDATA[Verify order history search returns a list of users - test : FAILED
]]></system-out>
  </testcase>
  <testcase name="runScenario" classname="tests.runners.RunTest" time="0.042">
    <failure message="Environment Variable is NOT Set" type="java.lang.AssertionError">java.lang.AssertionError: Environment Variable is NOT Set
	at org.testng.Assert.fail(Assert.java:110)
	at tests.utility.Hooks.ConfigFileReader(Hooks.java:69)
	at tests.utility.Hooks.initWebDriver(Hooks.java:159)
</failure>
    <system-out><![CDATA[Verify UI elements from order history page : FAILED
]]></system-out>
  </testcase>
  <testcase name="runScenario" classname="tests.runners.RunTest" time="0.037">
    <failure message="Environment Variable is NOT Set" type="java.lang.AssertionError">java.lang.AssertionError: Environment Variable is NOT Set
	at org.testng.Assert.fail(Assert.java:110)
	at tests.utility.Hooks.ConfigFileReader(Hooks.java:69)
	at tests.utility.Hooks.initWebDriver(Hooks.java:159)
</failure>
    <system-out><![CDATA[Verify that customer lookup is displayed after that I click on back to search results button : FAILED
]]></system-out>
  </testcase>
  <testcase name="runScenario" classname="tests.runners.RunTest" time="0.031">
    <failure message="Environment Variable is NOT Set" type="java.lang.AssertionError">java.lang.AssertionError: Environment Variable is NOT Set
	at org.testng.Assert.fail(Assert.java:110)
	at tests.utility.Hooks.ConfigFileReader(Hooks.java:69)
	at tests.utility.Hooks.initWebDriver(Hooks.java:159)
</failure>
    <system-out><![CDATA[Verify that if I click on order item I'll redirected to wismo : FAILED
]]></system-out>
  </testcase>
  <testcase name="runScenario" classname="tests.runners.RunTest" time="0.037">
    <failure message="Environment Variable is NOT Set" type="java.lang.AssertionError">java.lang.AssertionError: Environment Variable is NOT Set
	at org.testng.Assert.fail(Assert.java:110)
	at tests.utility.Hooks.ConfigFileReader(Hooks.java:69)
	at tests.utility.Hooks.initWebDriver(Hooks.java:159)
</failure>
    <system-out><![CDATA[Verify that if I click on order item I'm able to check order details : FAILED
]]></system-out>
  </testcase>
  <testcase name="runScenario" classname="tests.runners.RunTest" time="0.033">
    <failure message="Environment Variable is NOT Set" type="java.lang.AssertionError">java.lang.AssertionError: Environment Variable is NOT Set
	at org.testng.Assert.fail(Assert.java:110)
	at tests.utility.Hooks.ConfigFileReader(Hooks.java:69)
	at tests.utility.Hooks.initWebDriver(Hooks.java:159)
</failure>
    <system-out><![CDATA[Verify order lookup search for inProcess order : FAILED
]]></system-out>
  </testcase>
  <testcase name="runScenario" classname="tests.runners.RunTest" time="0.034">
    <failure message="Environment Variable is NOT Set" type="java.lang.AssertionError">java.lang.AssertionError: Environment Variable is NOT Set
	at org.testng.Assert.fail(Assert.java:110)
	at tests.utility.Hooks.ConfigFileReader(Hooks.java:69)
	at tests.utility.Hooks.initWebDriver(Hooks.java:159)
</failure>
    <system-out><![CDATA[Verify order lookup search for open order : FAILED
]]></system-out>
  </testcase>
  <testcase name="runScenario" classname="tests.runners.RunTest" time="0.036">
    <failure message="Environment Variable is NOT Set" type="java.lang.AssertionError">java.lang.AssertionError: Environment Variable is NOT Set
	at org.testng.Assert.fail(Assert.java:110)
	at tests.utility.Hooks.ConfigFileReader(Hooks.java:69)
	at tests.utility.Hooks.initWebDriver(Hooks.java:159)
</failure>
    <system-out><![CDATA[Verify order lookup search for notExisting order : FAILED
]]></system-out>
  </testcase>
  <testcase name="runScenario" classname="tests.runners.RunTest" time="0.034">
    <failure message="Environment Variable is NOT Set" type="java.lang.AssertionError">java.lang.AssertionError: Environment Variable is NOT Set
	at org.testng.Assert.fail(Assert.java:110)
	at tests.utility.Hooks.ConfigFileReader(Hooks.java:69)
	at tests.utility.Hooks.initWebDriver(Hooks.java:159)
</failure>
    <system-out><![CDATA[concierge - Order replacement - Visa payment : FAILED
]]></system-out>
  </testcase>
  <testcase name="runScenario" classname="tests.runners.RunTest" time="0.125">
    <failure message="Environment Variable is NOT Set" type="java.lang.AssertionError">java.lang.AssertionError: Environment Variable is NOT Set
	at org.testng.Assert.fail(Assert.java:110)
	at tests.utility.Hooks.ConfigFileReader(Hooks.java:69)
	at tests.utility.Hooks.initWebDriver(Hooks.java:159)
</failure>
    <system-out><![CDATA[concierge - Order replacement - Mastercard payment : FAILED
]]></system-out>
  </testcase>
  <testcase name="runScenario" classname="tests.runners.RunTest" time="0.035">
    <failure message="Environment Variable is NOT Set" type="java.lang.AssertionError">java.lang.AssertionError: Environment Variable is NOT Set
	at org.testng.Assert.fail(Assert.java:110)
	at tests.utility.Hooks.ConfigFileReader(Hooks.java:69)
	at tests.utility.Hooks.initWebDriver(Hooks.java:159)
</failure>
    <system-out><![CDATA[concierge - Order replacement - AMEX payment : FAILED
]]></system-out>
  </testcase>
  <testcase name="runScenario" classname="tests.runners.RunTest" time="0.031">
    <failure message="Environment Variable is NOT Set" type="java.lang.AssertionError">java.lang.AssertionError: Environment Variable is NOT Set
	at org.testng.Assert.fail(Assert.java:110)
	at tests.utility.Hooks.ConfigFileReader(Hooks.java:69)
	at tests.utility.Hooks.initWebDriver(Hooks.java:159)
</failure>
    <system-out><![CDATA[concierge - Order replacement - Discovery payment : FAILED
]]></system-out>
  </testcase>
  <testcase name="runScenario" classname="tests.runners.RunTest" time="0.031">
    <failure message="Environment Variable is NOT Set" type="java.lang.AssertionError">java.lang.AssertionError: Environment Variable is NOT Set
	at org.testng.Assert.fail(Assert.java:110)
	at tests.utility.Hooks.ConfigFileReader(Hooks.java:69)
	at tests.utility.Hooks.initWebDriver(Hooks.java:159)
</failure>
    <system-out><![CDATA[concierge - Order replacement - POS payment : FAILED
]]></system-out>
  </testcase>
  <testcase name="runScenario" classname="tests.runners.RunTest" time="0.033">
    <failure message="Environment Variable is NOT Set" type="java.lang.AssertionError">java.lang.AssertionError: Environment Variable is NOT Set
	at org.testng.Assert.fail(Assert.java:110)
	at tests.utility.Hooks.ConfigFileReader(Hooks.java:69)
	at tests.utility.Hooks.initWebDriver(Hooks.java:159)
</failure>
    <system-out><![CDATA[Edit Shipping Address : FAILED
]]></system-out>
  </testcase>
  <testcase name="runScenario" classname="tests.runners.RunTest" time="0.032">
    <failure message="Environment Variable is NOT Set" type="java.lang.AssertionError">java.lang.AssertionError: Environment Variable is NOT Set
	at org.testng.Assert.fail(Assert.java:110)
	at tests.utility.Hooks.ConfigFileReader(Hooks.java:69)
	at tests.utility.Hooks.initWebDriver(Hooks.java:159)
</failure>
    <system-out><![CDATA[Edit Billing Address : FAILED
]]></system-out>
  </testcase>
  <testcase name="runScenario" classname="tests.runners.RunTest" time="0.035">
    <failure message="Environment Variable is NOT Set" type="java.lang.AssertionError">java.lang.AssertionError: Environment Variable is NOT Set
	at org.testng.Assert.fail(Assert.java:110)
	at tests.utility.Hooks.ConfigFileReader(Hooks.java:69)
	at tests.utility.Hooks.initWebDriver(Hooks.java:159)
</failure>
    <system-out><![CDATA[Edit payment : FAILED
]]></system-out>
  </testcase>
  <testcase name="runScenario" classname="tests.runners.RunTest" time="0.032">
    <failure message="Environment Variable is NOT Set" type="java.lang.AssertionError">java.lang.AssertionError: Environment Variable is NOT Set
	at org.testng.Assert.fail(Assert.java:110)
	at tests.utility.Hooks.ConfigFileReader(Hooks.java:69)
	at tests.utility.Hooks.initWebDriver(Hooks.java:159)
</failure>
    <system-out><![CDATA[Verify the payment details and Order estimate summary : FAILED
]]></system-out>
  </testcase>
  <testcase name="runScenario" classname="tests.runners.RunTest" time="0.035">
    <failure message="Environment Variable is NOT Set" type="java.lang.AssertionError">java.lang.AssertionError: Environment Variable is NOT Set
	at org.testng.Assert.fail(Assert.java:110)
	at tests.utility.Hooks.ConfigFileReader(Hooks.java:69)
	at tests.utility.Hooks.initWebDriver(Hooks.java:159)
</failure>
    <system-out><![CDATA[SPO ORDER & TERMS REVIEW SIGNATURE CAPTURE : FAILED
]]></system-out>
  </testcase>
  <testcase name="runScenario" classname="tests.runners.RunTest" time="0.043">
    <failure message="Environment Variable is NOT Set" type="java.lang.AssertionError">java.lang.AssertionError: Environment Variable is NOT Set
	at org.testng.Assert.fail(Assert.java:110)
	at tests.utility.Hooks.ConfigFileReader(Hooks.java:69)
	at tests.utility.Hooks.initWebDriver(Hooks.java:159)
</failure>
    <system-out><![CDATA[Verify all the line items on the order review page : FAILED
]]></system-out>
  </testcase>
  <testcase name="runScenario" classname="tests.runners.RunTest" time="0.033">
    <failure message="Environment Variable is NOT Set" type="java.lang.AssertionError">java.lang.AssertionError: Environment Variable is NOT Set
	at org.testng.Assert.fail(Assert.java:110)
	at tests.utility.Hooks.ConfigFileReader(Hooks.java:69)
	at tests.utility.Hooks.initWebDriver(Hooks.java:159)
</failure>
    <system-out><![CDATA[Monogram : FAILED
]]></system-out>
  </testcase>
  <testcase name="runScenario" classname="tests.runners.RunTest" time="0.032">
    <failure message="Environment Variable is NOT Set" type="java.lang.AssertionError">java.lang.AssertionError: Environment Variable is NOT Set
	at org.testng.Assert.fail(Assert.java:110)
	at tests.utility.Hooks.ConfigFileReader(Hooks.java:69)
	at tests.utility.Hooks.initWebDriver(Hooks.java:159)
</failure>
    <system-out><![CDATA[In stock : FAILED
]]></system-out>
  </testcase>
  <testcase name="runScenario" classname="tests.runners.RunTest" time="0.034">
    <failure message="Environment Variable is NOT Set" type="java.lang.AssertionError">java.lang.AssertionError: Environment Variable is NOT Set
	at org.testng.Assert.fail(Assert.java:110)
	at tests.utility.Hooks.ConfigFileReader(Hooks.java:69)
	at tests.utility.Hooks.initWebDriver(Hooks.java:159)
</failure>
    <system-out><![CDATA[On Sale : FAILED
]]></system-out>
  </testcase>
  <testcase name="runScenario" classname="tests.runners.RunTest" time="0.03">
    <failure message="Environment Variable is NOT Set" type="java.lang.AssertionError">java.lang.AssertionError: Environment Variable is NOT Set
	at org.testng.Assert.fail(Assert.java:110)
	at tests.utility.Hooks.ConfigFileReader(Hooks.java:69)
	at tests.utility.Hooks.initWebDriver(Hooks.java:159)
</failure>
    <system-out><![CDATA[Custom rugs : FAILED
]]></system-out>
  </testcase>
  <testcase name="runScenario" classname="tests.runners.RunTest" time="0.031">
    <failure message="Environment Variable is NOT Set" type="java.lang.AssertionError">java.lang.AssertionError: Environment Variable is NOT Set
	at org.testng.Assert.fail(Assert.java:110)
	at tests.utility.Hooks.ConfigFileReader(Hooks.java:69)
	at tests.utility.Hooks.initWebDriver(Hooks.java:159)
</failure>
    <system-out><![CDATA[Custom Jewelry : FAILED
]]></system-out>
  </testcase>
  <testcase name="runScenario" classname="tests.runners.RunTest" time="0.034">
    <failure message="Environment Variable is NOT Set" type="java.lang.AssertionError">java.lang.AssertionError: Environment Variable is NOT Set
	at org.testng.Assert.fail(Assert.java:110)
	at tests.utility.Hooks.ConfigFileReader(Hooks.java:69)
	at tests.utility.Hooks.initWebDriver(Hooks.java:159)
</failure>
    <system-out><![CDATA[Custom Windows : FAILED
]]></system-out>
  </testcase>
  <testcase name="runScenario" classname="tests.runners.RunTest" time="0.033">
    <failure message="Environment Variable is NOT Set" type="java.lang.AssertionError">java.lang.AssertionError: Environment Variable is NOT Set
	at org.testng.Assert.fail(Assert.java:110)
	at tests.utility.Hooks.ConfigFileReader(Hooks.java:69)
	at tests.utility.Hooks.initWebDriver(Hooks.java:159)
</failure>
    <system-out><![CDATA[YAML carousel : FAILED
]]></system-out>
  </testcase>
  <testcase name="runScenario" classname="tests.runners.RunTest" time="0.03">
    <failure message="Environment Variable is NOT Set" type="java.lang.AssertionError">java.lang.AssertionError: Environment Variable is NOT Set
	at org.testng.Assert.fail(Assert.java:110)
	at tests.utility.Hooks.ConfigFileReader(Hooks.java:69)
	at tests.utility.Hooks.initWebDriver(Hooks.java:159)
</failure>
    <system-out><![CDATA[Mattress Recycling Fee : FAILED
]]></system-out>
  </testcase>
  <testcase name="runScenario" classname="tests.runners.RunTest" time="0.041">
    <failure message="Environment Variable is NOT Set" type="java.lang.AssertionError">java.lang.AssertionError: Environment Variable is NOT Set
	at org.testng.Assert.fail(Assert.java:110)
	at tests.utility.Hooks.ConfigFileReader(Hooks.java:69)
	at tests.utility.Hooks.initWebDriver(Hooks.java:159)
</failure>
    <system-out><![CDATA[Replacement Items : FAILED
]]></system-out>
  </testcase>
  <testcase name="runScenario" classname="tests.runners.RunTest" time="0.03">
    <failure message="Environment Variable is NOT Set" type="java.lang.AssertionError">java.lang.AssertionError: Environment Variable is NOT Set
	at org.testng.Assert.fail(Assert.java:110)
	at tests.utility.Hooks.ConfigFileReader(Hooks.java:69)
	at tests.utility.Hooks.initWebDriver(Hooks.java:159)
</failure>
    <system-out><![CDATA[Colorization : FAILED
]]></system-out>
  </testcase>
  <testcase name="runScenario" classname="tests.runners.RunTest" time="0.033">
    <failure message="Environment Variable is NOT Set" type="java.lang.AssertionError">java.lang.AssertionError: Environment Variable is NOT Set
	at org.testng.Assert.fail(Assert.java:110)
	at tests.utility.Hooks.ConfigFileReader(Hooks.java:69)
	at tests.utility.Hooks.initWebDriver(Hooks.java:159)
</failure>
    <system-out><![CDATA[Availability, Delivery and Returns messaging for SO : FAILED
]]></system-out>
  </testcase>
  <testcase name="runScenario" classname="tests.runners.RunTest" time="0.033">
    <failure message="Environment Variable is NOT Set" type="java.lang.AssertionError">java.lang.AssertionError: Environment Variable is NOT Set
	at org.testng.Assert.fail(Assert.java:110)
	at tests.utility.Hooks.ConfigFileReader(Hooks.java:69)
	at tests.utility.Hooks.initWebDriver(Hooks.java:159)
</failure>
    <system-out><![CDATA[Availability, Delivery and Returns messaging for BO : FAILED
]]></system-out>
  </testcase>
  <testcase name="runScenario" classname="tests.runners.RunTest" time="0.034">
    <failure message="Environment Variable is NOT Set" type="java.lang.AssertionError">java.lang.AssertionError: Environment Variable is NOT Set
	at org.testng.Assert.fail(Assert.java:110)
	at tests.utility.Hooks.ConfigFileReader(Hooks.java:69)
	at tests.utility.Hooks.initWebDriver(Hooks.java:159)
</failure>
    <system-out><![CDATA[ATC SPO - add to cart : FAILED
]]></system-out>
  </testcase>
  <testcase name="runScenario" classname="tests.runners.RunTest" time="0.037">
    <failure message="Environment Variable is NOT Set" type="java.lang.AssertionError">java.lang.AssertionError: Environment Variable is NOT Set
	at org.testng.Assert.fail(Assert.java:110)
	at tests.utility.Hooks.ConfigFileReader(Hooks.java:69)
	at tests.utility.Hooks.initWebDriver(Hooks.java:159)
</failure>
    <system-out><![CDATA[ATC BO - add to cart : FAILED
]]></system-out>
  </testcase>
  <testcase name="runScenario" classname="tests.runners.RunTest" time="0.032">
    <failure message="Environment Variable is NOT Set" type="java.lang.AssertionError">java.lang.AssertionError: Environment Variable is NOT Set
	at org.testng.Assert.fail(Assert.java:110)
	at tests.utility.Hooks.ConfigFileReader(Hooks.java:69)
	at tests.utility.Hooks.initWebDriver(Hooks.java:159)
</failure>
    <system-out><![CDATA[Pricing - verify that price on PDP is the same as price from Cart page : FAILED
]]></system-out>
  </testcase>
  <testcase name="runScenario" classname="tests.runners.RunTest" time="0.033">
    <failure message="Environment Variable is NOT Set" type="java.lang.AssertionError">java.lang.AssertionError: Environment Variable is NOT Set
	at org.testng.Assert.fail(Assert.java:110)
	at tests.utility.Hooks.ConfigFileReader(Hooks.java:69)
	at tests.utility.Hooks.initWebDriver(Hooks.java:159)
</failure>
    <system-out><![CDATA[SLP (Swatch Landing Page) : FAILED
]]></system-out>
  </testcase>
  <testcase name="runScenario" classname="tests.runners.RunTest" time="0.036">
    <failure message="Environment Variable is NOT Set" type="java.lang.AssertionError">java.lang.AssertionError: Environment Variable is NOT Set
	at org.testng.Assert.fail(Assert.java:110)
	at tests.utility.Hooks.ConfigFileReader(Hooks.java:69)
	at tests.utility.Hooks.initWebDriver(Hooks.java:159)
</failure>
    <system-out><![CDATA[Major CCs : FAILED
]]></system-out>
  </testcase>
  <testcase name="runScenario" classname="tests.runners.RunTest" time="0.035">
    <failure message="Environment Variable is NOT Set" type="java.lang.AssertionError">java.lang.AssertionError: Environment Variable is NOT Set
	at org.testng.Assert.fail(Assert.java:110)
	at tests.utility.Hooks.ConfigFileReader(Hooks.java:69)
	at tests.utility.Hooks.initWebDriver(Hooks.java:159)
</failure>
    <system-out><![CDATA[Major CCs : FAILED
]]></system-out>
  </testcase>
  <testcase name="runScenario" classname="tests.runners.RunTest" time="0.052">
    <failure message="Environment Variable is NOT Set" type="java.lang.AssertionError">java.lang.AssertionError: Environment Variable is NOT Set
	at org.testng.Assert.fail(Assert.java:110)
	at tests.utility.Hooks.ConfigFileReader(Hooks.java:69)
	at tests.utility.Hooks.initWebDriver(Hooks.java:159)
</failure>
    <system-out><![CDATA[Major CCs : FAILED
]]></system-out>
  </testcase>
  <testcase name="runScenario" classname="tests.runners.RunTest" time="0.041">
    <failure message="Environment Variable is NOT Set" type="java.lang.AssertionError">java.lang.AssertionError: Environment Variable is NOT Set
	at org.testng.Assert.fail(Assert.java:110)
	at tests.utility.Hooks.ConfigFileReader(Hooks.java:69)
	at tests.utility.Hooks.initWebDriver(Hooks.java:159)
</failure>
    <system-out><![CDATA[Major CCs : FAILED
]]></system-out>
  </testcase>
  <testcase name="runScenario" classname="tests.runners.RunTest" time="0.039">
    <failure message="Environment Variable is NOT Set" type="java.lang.AssertionError">java.lang.AssertionError: Environment Variable is NOT Set
	at org.testng.Assert.fail(Assert.java:110)
	at tests.utility.Hooks.ConfigFileReader(Hooks.java:69)
	at tests.utility.Hooks.initWebDriver(Hooks.java:159)
</failure>
    <system-out><![CDATA[GC/ Balance check : FAILED
]]></system-out>
  </testcase>
  <testcase name="runScenario" classname="tests.runners.RunTest" time="0.036">
    <failure message="Environment Variable is NOT Set" type="java.lang.AssertionError">java.lang.AssertionError: Environment Variable is NOT Set
	at org.testng.Assert.fail(Assert.java:110)
	at tests.utility.Hooks.ConfigFileReader(Hooks.java:69)
	at tests.utility.Hooks.initWebDriver(Hooks.java:159)
</failure>
    <system-out><![CDATA[Verify the Complete Billing address : FAILED
]]></system-out>
  </testcase>
  <testcase name="runScenario" classname="tests.runners.RunTest" time="0.037">
    <failure message="Environment Variable is NOT Set" type="java.lang.AssertionError">java.lang.AssertionError: Environment Variable is NOT Set
	at org.testng.Assert.fail(Assert.java:110)
	at tests.utility.Hooks.ConfigFileReader(Hooks.java:69)
	at tests.utility.Hooks.initWebDriver(Hooks.java:159)
</failure>
    <system-out><![CDATA[Verify the subtotal, shipping fee, taxes based on postal code : FAILED
]]></system-out>
  </testcase>
  <testcase name="runScenario" classname="tests.runners.RunTest" time="0.03">
    <failure message="Environment Variable is NOT Set" type="java.lang.AssertionError">java.lang.AssertionError: Environment Variable is NOT Set
	at org.testng.Assert.fail(Assert.java:110)
	at tests.utility.Hooks.ConfigFileReader(Hooks.java:69)
	at tests.utility.Hooks.initWebDriver(Hooks.java:159)
</failure>
    <system-out><![CDATA[Verify member savings in payment page : FAILED
]]></system-out>
  </testcase>
  <testcase name="runScenario" classname="tests.runners.RunTest" time="0.034">
    <failure message="Environment Variable is NOT Set" type="java.lang.AssertionError">java.lang.AssertionError: Environment Variable is NOT Set
	at org.testng.Assert.fail(Assert.java:110)
	at tests.utility.Hooks.ConfigFileReader(Hooks.java:69)
	at tests.utility.Hooks.initWebDriver(Hooks.java:159)
</failure>
    <system-out><![CDATA[Verify trade savings in payment page : FAILED
]]></system-out>
  </testcase>
  <testcase name="runScenario" classname="tests.runners.RunTest" time="0.036">
    <failure message="Environment Variable is NOT Set" type="java.lang.AssertionError">java.lang.AssertionError: Environment Variable is NOT Set
	at org.testng.Assert.fail(Assert.java:110)
	at tests.utility.Hooks.ConfigFileReader(Hooks.java:69)
	at tests.utility.Hooks.initWebDriver(Hooks.java:159)
</failure>
    <system-out><![CDATA[Edit Address : FAILED
]]></system-out>
  </testcase>
  <testcase name="runScenario" classname="tests.runners.RunTest" time="0.042">
    <failure message="Environment Variable is NOT Set" type="java.lang.AssertionError">java.lang.AssertionError: Environment Variable is NOT Set
	at org.testng.Assert.fail(Assert.java:110)
	at tests.utility.Hooks.ConfigFileReader(Hooks.java:69)
	at tests.utility.Hooks.initWebDriver(Hooks.java:159)
</failure>
    <system-out><![CDATA[Availability, Delivery and Returns messaging for Instock, BO, SPO, SPO Instock Items : FAILED
]]></system-out>
  </testcase>
  <testcase name="runScenario" classname="tests.runners.RunTest" time="0.034">
    <failure message="Environment Variable is NOT Set" type="java.lang.AssertionError">java.lang.AssertionError: Environment Variable is NOT Set
	at org.testng.Assert.fail(Assert.java:110)
	at tests.utility.Hooks.ConfigFileReader(Hooks.java:69)
	at tests.utility.Hooks.initWebDriver(Hooks.java:159)
</failure>
    <system-out><![CDATA[Availability, Delivery and Returns messaging for Instock, BO, SPO, SPO Instock Items : FAILED
]]></system-out>
  </testcase>
  <testcase name="runScenario" classname="tests.runners.RunTest" time="0.033">
    <failure message="Environment Variable is NOT Set" type="java.lang.AssertionError">java.lang.AssertionError: Environment Variable is NOT Set
	at org.testng.Assert.fail(Assert.java:110)
	at tests.utility.Hooks.ConfigFileReader(Hooks.java:69)
	at tests.utility.Hooks.initWebDriver(Hooks.java:159)
</failure>
    <system-out><![CDATA[Verify the Projects load for a logged in associate : FAILED
]]></system-out>
  </testcase>
  <testcase name="runScenario" classname="tests.runners.RunTest" time="0.033">
    <failure message="Environment Variable is NOT Set" type="java.lang.AssertionError">java.lang.AssertionError: Environment Variable is NOT Set
	at org.testng.Assert.fail(Assert.java:110)
	at tests.utility.Hooks.ConfigFileReader(Hooks.java:69)
	at tests.utility.Hooks.initWebDriver(Hooks.java:159)
</failure>
    <system-out><![CDATA[Verify that user is able to find project by projectName : FAILED
]]></system-out>
  </testcase>
  <testcase name="runScenario" classname="tests.runners.RunTest" time="0.047">
    <failure message="Environment Variable is NOT Set" type="java.lang.AssertionError">java.lang.AssertionError: Environment Variable is NOT Set
	at org.testng.Assert.fail(Assert.java:110)
	at tests.utility.Hooks.ConfigFileReader(Hooks.java:69)
	at tests.utility.Hooks.initWebDriver(Hooks.java:159)
</failure>
    <system-out><![CDATA[Verify that user is able to find project by projectID : FAILED
]]></system-out>
  </testcase>
  <testcase name="runScenario" classname="tests.runners.RunTest" time="0.035">
    <failure message="Environment Variable is NOT Set" type="java.lang.AssertionError">java.lang.AssertionError: Environment Variable is NOT Set
	at org.testng.Assert.fail(Assert.java:110)
	at tests.utility.Hooks.ConfigFileReader(Hooks.java:69)
	at tests.utility.Hooks.initWebDriver(Hooks.java:159)
</failure>
    <system-out><![CDATA[Verify that user is able to find project by createdBy : FAILED
]]></system-out>
  </testcase>
  <testcase name="runScenario" classname="tests.runners.RunTest" time="0.032">
    <failure message="Environment Variable is NOT Set" type="java.lang.AssertionError">java.lang.AssertionError: Environment Variable is NOT Set
	at org.testng.Assert.fail(Assert.java:110)
	at tests.utility.Hooks.ConfigFileReader(Hooks.java:69)
	at tests.utility.Hooks.initWebDriver(Hooks.java:159)
</failure>
    <system-out><![CDATA[Verify that user is able to find project by editedBy : FAILED
]]></system-out>
  </testcase>
  <testcase name="runScenario" classname="tests.runners.RunTest" time="0.032">
    <failure message="Environment Variable is NOT Set" type="java.lang.AssertionError">java.lang.AssertionError: Environment Variable is NOT Set
	at org.testng.Assert.fail(Assert.java:110)
	at tests.utility.Hooks.ConfigFileReader(Hooks.java:69)
	at tests.utility.Hooks.initWebDriver(Hooks.java:159)
</failure>
    <system-out><![CDATA[Verify that user is able to find project by pricing type - regular : FAILED
]]></system-out>
  </testcase>
  <testcase name="runScenario" classname="tests.runners.RunTest" time="0.03">
    <failure message="Environment Variable is NOT Set" type="java.lang.AssertionError">java.lang.AssertionError: Environment Variable is NOT Set
	at org.testng.Assert.fail(Assert.java:110)
	at tests.utility.Hooks.ConfigFileReader(Hooks.java:69)
	at tests.utility.Hooks.initWebDriver(Hooks.java:159)
</failure>
    <system-out><![CDATA[Verify that user is able to find project by pricing type - member : FAILED
]]></system-out>
  </testcase>
  <testcase name="runScenario" classname="tests.runners.RunTest" time="0.03">
    <failure message="Environment Variable is NOT Set" type="java.lang.AssertionError">java.lang.AssertionError: Environment Variable is NOT Set
	at org.testng.Assert.fail(Assert.java:110)
	at tests.utility.Hooks.ConfigFileReader(Hooks.java:69)
	at tests.utility.Hooks.initWebDriver(Hooks.java:159)
</failure>
    <system-out><![CDATA[Verify that user is able to find project by pricing type - trade : FAILED
]]></system-out>
  </testcase>
  <testcase name="runScenario" classname="tests.runners.RunTest" time="0.031">
    <failure message="Environment Variable is NOT Set" type="java.lang.AssertionError">java.lang.AssertionError: Environment Variable is NOT Set
	at org.testng.Assert.fail(Assert.java:110)
	at tests.utility.Hooks.ConfigFileReader(Hooks.java:69)
	at tests.utility.Hooks.initWebDriver(Hooks.java:159)
</failure>
    <system-out><![CDATA[Verify that user is able to create project for client - member : FAILED
]]></system-out>
  </testcase>
  <testcase name="runScenario" classname="tests.runners.RunTest" time="0.032">
    <failure message="Environment Variable is NOT Set" type="java.lang.AssertionError">java.lang.AssertionError: Environment Variable is NOT Set
	at org.testng.Assert.fail(Assert.java:110)
	at tests.utility.Hooks.ConfigFileReader(Hooks.java:69)
	at tests.utility.Hooks.initWebDriver(Hooks.java:159)
</failure>
    <system-out><![CDATA[Verify that user is able to create project for client - nonmember : FAILED
]]></system-out>
  </testcase>
  <testcase name="runScenario" classname="tests.runners.RunTest" time="0.035">
    <failure message="Environment Variable is NOT Set" type="java.lang.AssertionError">java.lang.AssertionError: Environment Variable is NOT Set
	at org.testng.Assert.fail(Assert.java:110)
	at tests.utility.Hooks.ConfigFileReader(Hooks.java:69)
	at tests.utility.Hooks.initWebDriver(Hooks.java:159)
</failure>
    <system-out><![CDATA[Verify that user is able to create project for client - trade : FAILED
]]></system-out>
  </testcase>
  <testcase name="runScenario" classname="tests.runners.RunTest" time="0.031">
    <failure message="Environment Variable is NOT Set" type="java.lang.AssertionError">java.lang.AssertionError: Environment Variable is NOT Set
	at org.testng.Assert.fail(Assert.java:110)
	at tests.utility.Hooks.ConfigFileReader(Hooks.java:69)
	at tests.utility.Hooks.initWebDriver(Hooks.java:159)
</failure>
    <system-out><![CDATA[Verify that user is able to create project for client - unclassifiedBusiness : FAILED
]]></system-out>
  </testcase>
  <testcase name="runScenario" classname="tests.runners.RunTest" time="0.031">
    <failure message="Environment Variable is NOT Set" type="java.lang.AssertionError">java.lang.AssertionError: Environment Variable is NOT Set
	at org.testng.Assert.fail(Assert.java:110)
	at tests.utility.Hooks.ConfigFileReader(Hooks.java:69)
	at tests.utility.Hooks.initWebDriver(Hooks.java:159)
</failure>
    <system-out><![CDATA[Verify project settings are available : FAILED
]]></system-out>
  </testcase>
  <testcase name="runScenario" classname="tests.runners.RunTest" time="0.03">
    <failure message="Environment Variable is NOT Set" type="java.lang.AssertionError">java.lang.AssertionError: Environment Variable is NOT Set
	at org.testng.Assert.fail(Assert.java:110)
	at tests.utility.Hooks.ConfigFileReader(Hooks.java:69)
	at tests.utility.Hooks.initWebDriver(Hooks.java:159)
</failure>
    <system-out><![CDATA[Verify project list moodboard : FAILED
]]></system-out>
  </testcase>
  <testcase name="runScenario" classname="tests.runners.RunTest" time="0.044">
    <failure message="Environment Variable is NOT Set" type="java.lang.AssertionError">java.lang.AssertionError: Environment Variable is NOT Set
	at org.testng.Assert.fail(Assert.java:110)
	at tests.utility.Hooks.ConfigFileReader(Hooks.java:69)
	at tests.utility.Hooks.initWebDriver(Hooks.java:159)
</failure>
    <system-out><![CDATA[Verify that user is able to add new space and edit : FAILED
]]></system-out>
  </testcase>
  <testcase name="runScenario" classname="tests.runners.RunTest" time="0.033">
    <failure message="Environment Variable is NOT Set" type="java.lang.AssertionError">java.lang.AssertionError: Environment Variable is NOT Set
	at org.testng.Assert.fail(Assert.java:110)
	at tests.utility.Hooks.ConfigFileReader(Hooks.java:69)
	at tests.utility.Hooks.initWebDriver(Hooks.java:159)
</failure>
    <system-out><![CDATA[Verify that user is able to create new opportunity and add items : FAILED
]]></system-out>
  </testcase>
  <testcase name="runScenario" classname="tests.runners.RunTest" time="0.033">
    <failure message="Environment Variable is NOT Set" type="java.lang.AssertionError">java.lang.AssertionError: Environment Variable is NOT Set
	at org.testng.Assert.fail(Assert.java:110)
	at tests.utility.Hooks.ConfigFileReader(Hooks.java:69)
	at tests.utility.Hooks.initWebDriver(Hooks.java:159)
</failure>
    <system-out><![CDATA[Verify email estimation - send to client verify the email address received and sent for client : FAILED
]]></system-out>
  </testcase>
  <testcase name="runScenario" classname="tests.runners.RunTest" time="0.033">
    <failure message="Environment Variable is NOT Set" type="java.lang.AssertionError">java.lang.AssertionError: Environment Variable is NOT Set
	at org.testng.Assert.fail(Assert.java:110)
	at tests.utility.Hooks.ConfigFileReader(Hooks.java:69)
	at tests.utility.Hooks.initWebDriver(Hooks.java:159)
</failure>
    <system-out><![CDATA[Verify email estimation - send to client verify the email address received and sent for additional : FAILED
]]></system-out>
  </testcase>
  <testcase name="runScenario" classname="tests.runners.RunTest" time="0.033">
    <failure message="Environment Variable is NOT Set" type="java.lang.AssertionError">java.lang.AssertionError: Environment Variable is NOT Set
	at org.testng.Assert.fail(Assert.java:110)
	at tests.utility.Hooks.ConfigFileReader(Hooks.java:69)
	at tests.utility.Hooks.initWebDriver(Hooks.java:159)
</failure>
    <system-out><![CDATA[Verify email estimation - send to bcc verify the email address received and sent : FAILED
]]></system-out>
  </testcase>
  <testcase name="runScenario" classname="tests.runners.RunTest" time="0.03">
    <failure message="Environment Variable is NOT Set" type="java.lang.AssertionError">java.lang.AssertionError: Environment Variable is NOT Set
	at org.testng.Assert.fail(Assert.java:110)
	at tests.utility.Hooks.ConfigFileReader(Hooks.java:69)
	at tests.utility.Hooks.initWebDriver(Hooks.java:159)
</failure>
    <system-out><![CDATA[Verify the Project list and switching between the projects -CART/PDP : FAILED
]]></system-out>
  </testcase>
  <testcase name="runScenario" classname="tests.runners.RunTest" time="0.031">
    <failure message="Environment Variable is NOT Set" type="java.lang.AssertionError">java.lang.AssertionError: Environment Variable is NOT Set
	at org.testng.Assert.fail(Assert.java:110)
	at tests.utility.Hooks.ConfigFileReader(Hooks.java:69)
	at tests.utility.Hooks.initWebDriver(Hooks.java:159)
</failure>
    <system-out><![CDATA[Verify the Opportunities list and switching between the opportunities -CART/PDP : FAILED
]]></system-out>
  </testcase>
  <testcase name="runScenario" classname="tests.runners.RunTest" time="0.031">
    <failure message="Environment Variable is NOT Set" type="java.lang.AssertionError">java.lang.AssertionError: Environment Variable is NOT Set
	at org.testng.Assert.fail(Assert.java:110)
	at tests.utility.Hooks.ConfigFileReader(Hooks.java:69)
	at tests.utility.Hooks.initWebDriver(Hooks.java:159)
</failure>
    <system-out><![CDATA[Verify the Spaces list and switching between the Spaces -CART/PDP : FAILED
]]></system-out>
  </testcase>
  <testcase name="runScenario" classname="tests.runners.RunTest" time="0.033">
    <failure message="Environment Variable is NOT Set" type="java.lang.AssertionError">java.lang.AssertionError: Environment Variable is NOT Set
	at org.testng.Assert.fail(Assert.java:110)
	at tests.utility.Hooks.ConfigFileReader(Hooks.java:69)
	at tests.utility.Hooks.initWebDriver(Hooks.java:159)
</failure>
    <system-out><![CDATA[Verify that user is able to update item option : FAILED
]]></system-out>
  </testcase>
  <testcase name="runScenario" classname="tests.runners.RunTest" time="0.033">
    <failure message="Environment Variable is NOT Set" type="java.lang.AssertionError">java.lang.AssertionError: Environment Variable is NOT Set
	at org.testng.Assert.fail(Assert.java:110)
	at tests.utility.Hooks.ConfigFileReader(Hooks.java:69)
	at tests.utility.Hooks.initWebDriver(Hooks.java:159)
</failure>
    <system-out><![CDATA[Verify that user is able to update item quantity : FAILED
]]></system-out>
  </testcase>
  <testcase name="runScenario" classname="tests.runners.RunTest" time="0.03">
    <failure message="Environment Variable is NOT Set" type="java.lang.AssertionError">java.lang.AssertionError: Environment Variable is NOT Set
	at org.testng.Assert.fail(Assert.java:110)
	at tests.utility.Hooks.ConfigFileReader(Hooks.java:69)
	at tests.utility.Hooks.initWebDriver(Hooks.java:159)
</failure>
    <system-out><![CDATA[Verify that user is able to remove items from project : FAILED
]]></system-out>
  </testcase>
  <testcase name="runScenario" classname="tests.runners.RunTest" time="0.051">
    <failure message="Environment Variable is NOT Set" type="java.lang.AssertionError">java.lang.AssertionError: Environment Variable is NOT Set
	at org.testng.Assert.fail(Assert.java:110)
	at tests.utility.Hooks.ConfigFileReader(Hooks.java:69)
	at tests.utility.Hooks.initWebDriver(Hooks.java:159)
</failure>
    <system-out><![CDATA[Verify price override for item from project : FAILED
]]></system-out>
  </testcase>
  <testcase name="runScenario" classname="tests.runners.RunTest" time="0.03">
    <failure message="Environment Variable is NOT Set" type="java.lang.AssertionError">java.lang.AssertionError: Environment Variable is NOT Set
	at org.testng.Assert.fail(Assert.java:110)
	at tests.utility.Hooks.ConfigFileReader(Hooks.java:69)
	at tests.utility.Hooks.initWebDriver(Hooks.java:159)
</failure>
    <system-out><![CDATA[Verify shipping overrides in projects : FAILED
]]></system-out>
  </testcase>
  <testcase name="runScenario" classname="tests.runners.RunTest" time="0.031">
    <failure message="Environment Variable is NOT Set" type="java.lang.AssertionError">java.lang.AssertionError: Environment Variable is NOT Set
	at org.testng.Assert.fail(Assert.java:110)
	at tests.utility.Hooks.ConfigFileReader(Hooks.java:69)
	at tests.utility.Hooks.initWebDriver(Hooks.java:159)
</failure>
    <system-out><![CDATA[Verify subtotal/forecast by updating qty for items : FAILED
]]></system-out>
  </testcase>
  <testcase name="runScenario" classname="tests.runners.RunTest" time="0.031">
    <failure message="Environment Variable is NOT Set" type="java.lang.AssertionError">java.lang.AssertionError: Environment Variable is NOT Set
	at org.testng.Assert.fail(Assert.java:110)
	at tests.utility.Hooks.ConfigFileReader(Hooks.java:69)
	at tests.utility.Hooks.initWebDriver(Hooks.java:159)
</failure>
    <system-out><![CDATA[Verify subtotal/forecast by updating by hide/unhide items : FAILED
]]></system-out>
  </testcase>
  <testcase name="runScenario" classname="tests.runners.RunTest" time="0.034">
    <failure message="Environment Variable is NOT Set" type="java.lang.AssertionError">java.lang.AssertionError: Environment Variable is NOT Set
	at org.testng.Assert.fail(Assert.java:110)
	at tests.utility.Hooks.ConfigFileReader(Hooks.java:69)
	at tests.utility.Hooks.initWebDriver(Hooks.java:159)
</failure>
    <system-out><![CDATA[Verify subtotal/forecast by updating qty hide/unhide spaces : FAILED
]]></system-out>
  </testcase>
  <testcase name="runScenario" classname="tests.runners.RunTest" time="0.032">
    <failure message="Environment Variable is NOT Set" type="java.lang.AssertionError">java.lang.AssertionError: Environment Variable is NOT Set
	at org.testng.Assert.fail(Assert.java:110)
	at tests.utility.Hooks.ConfigFileReader(Hooks.java:69)
	at tests.utility.Hooks.initWebDriver(Hooks.java:159)
</failure>
    <system-out><![CDATA[Verify test project list and moodboard print - moodboard CMD+P or Browser print only : FAILED
]]></system-out>
  </testcase>
  <testcase name="runScenario" classname="tests.runners.RunTest" time="0.03">
    <failure message="Environment Variable is NOT Set" type="java.lang.AssertionError">java.lang.AssertionError: Environment Variable is NOT Set
	at org.testng.Assert.fail(Assert.java:110)
	at tests.utility.Hooks.ConfigFileReader(Hooks.java:69)
	at tests.utility.Hooks.initWebDriver(Hooks.java:159)
</failure>
    <system-out><![CDATA[Verify subtotal/forecast by updating qty overriding line items (all types/ one or more items - apply all functionality) : FAILED
]]></system-out>
  </testcase>
  <testcase name="runScenario" classname="tests.runners.RunTest" time="0.032">
    <failure message="Environment Variable is NOT Set" type="java.lang.AssertionError">java.lang.AssertionError: Environment Variable is NOT Set
	at org.testng.Assert.fail(Assert.java:110)
	at tests.utility.Hooks.ConfigFileReader(Hooks.java:69)
	at tests.utility.Hooks.initWebDriver(Hooks.java:159)
</failure>
    <system-out><![CDATA[Verity the Subtotal, Forecast , tax updated by changing the pricing type - NON-MEMBER, MEMBER : FAILED
]]></system-out>
  </testcase>
  <testcase name="runScenario" classname="tests.runners.RunTest" time="0.031">
    <failure message="Environment Variable is NOT Set" type="java.lang.AssertionError">java.lang.AssertionError: Environment Variable is NOT Set
	at org.testng.Assert.fail(Assert.java:110)
	at tests.utility.Hooks.ConfigFileReader(Hooks.java:69)
	at tests.utility.Hooks.initWebDriver(Hooks.java:159)
</failure>
    <system-out><![CDATA[Verity the Subtotal, Forecast , tax updated by changing the pricing type - NON-MEMBER, MEMBER : FAILED
]]></system-out>
  </testcase>
  <testcase name="runScenario" classname="tests.runners.RunTest" time="0.03">
    <failure message="Environment Variable is NOT Set" type="java.lang.AssertionError">java.lang.AssertionError: Environment Variable is NOT Set
	at org.testng.Assert.fail(Assert.java:110)
	at tests.utility.Hooks.ConfigFileReader(Hooks.java:69)
	at tests.utility.Hooks.initWebDriver(Hooks.java:159)
</failure>
    <system-out><![CDATA[Verify switch between pages in Myprojects List : FAILED
]]></system-out>
  </testcase>
  <testcase name="runScenario" classname="tests.runners.RunTest" time="0.031">
    <failure message="Environment Variable is NOT Set" type="java.lang.AssertionError">java.lang.AssertionError: Environment Variable is NOT Set
	at org.testng.Assert.fail(Assert.java:110)
	at tests.utility.Hooks.ConfigFileReader(Hooks.java:69)
	at tests.utility.Hooks.initWebDriver(Hooks.java:159)
</failure>
    <system-out><![CDATA[Verify Tax exempt in projects for Trade projects : FAILED
]]></system-out>
  </testcase>
  <testcase name="runScenario" classname="tests.runners.RunTest" time="0.035">
    <failure message="Environment Variable is NOT Set" type="java.lang.AssertionError">java.lang.AssertionError: Environment Variable is NOT Set
	at org.testng.Assert.fail(Assert.java:110)
	at tests.utility.Hooks.ConfigFileReader(Hooks.java:69)
	at tests.utility.Hooks.initWebDriver(Hooks.java:159)
</failure>
    <system-out><![CDATA[Verify Member/non Member /Trade/ Non Trade toggle pricing for unclassified business client project : FAILED
]]></system-out>
  </testcase>
  <testcase name="runScenario" classname="tests.runners.RunTest" time="0.054">
    <failure message="Environment Variable is NOT Set" type="java.lang.AssertionError">java.lang.AssertionError: Environment Variable is NOT Set
	at org.testng.Assert.fail(Assert.java:110)
	at tests.utility.Hooks.ConfigFileReader(Hooks.java:69)
	at tests.utility.Hooks.initWebDriver(Hooks.java:159)
</failure>
    <system-out><![CDATA[Verify Member/non Member /Trade/ Non Trade toggle pricing for unclassified business client project : FAILED
]]></system-out>
  </testcase>
  <testcase name="runScenario" classname="tests.runners.RunTest" time="0.038">
    <failure message="Environment Variable is NOT Set" type="java.lang.AssertionError">java.lang.AssertionError: Environment Variable is NOT Set
	at org.testng.Assert.fail(Assert.java:110)
	at tests.utility.Hooks.ConfigFileReader(Hooks.java:69)
	at tests.utility.Hooks.initWebDriver(Hooks.java:159)
</failure>
    <system-out><![CDATA[Verify Member/non Member /Trade/ Non Trade toggle pricing for unclassified business client project : FAILED
]]></system-out>
  </testcase>
  <testcase name="runScenario" classname="tests.runners.RunTest" time="0.04">
    <failure message="Environment Variable is NOT Set" type="java.lang.AssertionError">java.lang.AssertionError: Environment Variable is NOT Set
	at org.testng.Assert.fail(Assert.java:110)
	at tests.utility.Hooks.ConfigFileReader(Hooks.java:69)
	at tests.utility.Hooks.initWebDriver(Hooks.java:159)
</failure>
    <system-out><![CDATA[Verify transition between spaces : FAILED
]]></system-out>
  </testcase>
  <testcase name="runScenario" classname="tests.runners.RunTest" time="0.042">
    <failure message="Environment Variable is NOT Set" type="java.lang.AssertionError">java.lang.AssertionError: Environment Variable is NOT Set
	at org.testng.Assert.fail(Assert.java:110)
	at tests.utility.Hooks.ConfigFileReader(Hooks.java:69)
	at tests.utility.Hooks.initWebDriver(Hooks.java:159)
</failure>
    <system-out><![CDATA[Verify transition between spaces : FAILED
]]></system-out>
  </testcase>
  <testcase name="runScenario" classname="tests.runners.RunTest" time="0.043">
    <failure message="Environment Variable is NOT Set" type="java.lang.AssertionError">java.lang.AssertionError: Environment Variable is NOT Set
	at org.testng.Assert.fail(Assert.java:110)
	at tests.utility.Hooks.ConfigFileReader(Hooks.java:69)
	at tests.utility.Hooks.initWebDriver(Hooks.java:159)
</failure>
    <system-out><![CDATA[Verify rapid selection/deselction of project Moodboard items : FAILED
]]></system-out>
  </testcase>
  <testcase name="runScenario" classname="tests.runners.RunTest" time="0.038">
    <failure message="Environment Variable is NOT Set" type="java.lang.AssertionError">java.lang.AssertionError: Environment Variable is NOT Set
	at org.testng.Assert.fail(Assert.java:110)
	at tests.utility.Hooks.ConfigFileReader(Hooks.java:69)
	at tests.utility.Hooks.initWebDriver(Hooks.java:159)
</failure>
    <system-out><![CDATA[Create New project - Gallery, Design, Trade project types : FAILED
]]></system-out>
  </testcase>
  <testcase name="runScenario" classname="tests.runners.RunTest" time="0.043">
    <failure message="Environment Variable is NOT Set" type="java.lang.AssertionError">java.lang.AssertionError: Environment Variable is NOT Set
	at org.testng.Assert.fail(Assert.java:110)
	at tests.utility.Hooks.ConfigFileReader(Hooks.java:69)
	at tests.utility.Hooks.initWebDriver(Hooks.java:159)
</failure>
    <system-out><![CDATA[Create New project - Gallery, Design, Trade project types : FAILED
]]></system-out>
  </testcase>
  <testcase name="runScenario" classname="tests.runners.RunTest" time="0.033">
    <failure message="Environment Variable is NOT Set" type="java.lang.AssertionError">java.lang.AssertionError: Environment Variable is NOT Set
	at org.testng.Assert.fail(Assert.java:110)
	at tests.utility.Hooks.ConfigFileReader(Hooks.java:69)
	at tests.utility.Hooks.initWebDriver(Hooks.java:159)
</failure>
    <system-out><![CDATA[Create New project - Gallery, Design, Trade project types : FAILED
]]></system-out>
  </testcase>
  <testcase name="runScenario" classname="tests.runners.RunTest" time="0.036">
    <failure message="Environment Variable is NOT Set" type="java.lang.AssertionError">java.lang.AssertionError: Environment Variable is NOT Set
	at org.testng.Assert.fail(Assert.java:110)
	at tests.utility.Hooks.ConfigFileReader(Hooks.java:69)
	at tests.utility.Hooks.initWebDriver(Hooks.java:159)
</failure>
    <system-out><![CDATA[Verify the Add to Project Modal in CART/PDP - Projects list in dropdown : FAILED
]]></system-out>
  </testcase>
  <testcase name="runScenario" classname="tests.runners.RunTest" time="0.034">
    <failure message="Environment Variable is NOT Set" type="java.lang.AssertionError">java.lang.AssertionError: Environment Variable is NOT Set
	at org.testng.Assert.fail(Assert.java:110)
	at tests.utility.Hooks.ConfigFileReader(Hooks.java:69)
	at tests.utility.Hooks.initWebDriver(Hooks.java:159)
</failure>
    <system-out><![CDATA[Verify the Add to Project Modal in CART/PDP - Opportunities list in dropdown : FAILED
]]></system-out>
  </testcase>
  <testcase name="runScenario" classname="tests.runners.RunTest" time="0.037">
    <failure message="Environment Variable is NOT Set" type="java.lang.AssertionError">java.lang.AssertionError: Environment Variable is NOT Set
	at org.testng.Assert.fail(Assert.java:110)
	at tests.utility.Hooks.ConfigFileReader(Hooks.java:69)
	at tests.utility.Hooks.initWebDriver(Hooks.java:159)
</failure>
    <system-out><![CDATA[Verify the Add to Project Modal in CART/PDP - Spaces list in dropdown : FAILED
]]></system-out>
  </testcase>
  <testcase name="runScenario" classname="tests.runners.RunTest" time="0.034">
    <failure message="Environment Variable is NOT Set" type="java.lang.AssertionError">java.lang.AssertionError: Environment Variable is NOT Set
	at org.testng.Assert.fail(Assert.java:110)
	at tests.utility.Hooks.ConfigFileReader(Hooks.java:69)
	at tests.utility.Hooks.initWebDriver(Hooks.java:159)
</failure>
    <system-out><![CDATA[Verify add new Space in the modal and add items to the selected space -CART/PDP : FAILED
]]></system-out>
  </testcase>
  <testcase name="runScenario" classname="tests.runners.RunTest" time="0.031">
    <failure message="Environment Variable is NOT Set" type="java.lang.AssertionError">java.lang.AssertionError: Environment Variable is NOT Set
	at org.testng.Assert.fail(Assert.java:110)
	at tests.utility.Hooks.ConfigFileReader(Hooks.java:69)
	at tests.utility.Hooks.initWebDriver(Hooks.java:159)
</failure>
    <system-out><![CDATA[Verify the address page, pre filled address details and Email address once the project added to cart : FAILED
]]></system-out>
  </testcase>
  <testcase name="runScenario" classname="tests.runners.RunTest" time="0.054">
    <failure message="Environment Variable is NOT Set" type="java.lang.AssertionError">java.lang.AssertionError: Environment Variable is NOT Set
	at org.testng.Assert.fail(Assert.java:110)
	at tests.utility.Hooks.ConfigFileReader(Hooks.java:69)
	at tests.utility.Hooks.initWebDriver(Hooks.java:159)
</failure>
    <system-out><![CDATA[Add Item to Project from Cart - Verify item added and project load in correct space/oppty : FAILED
]]></system-out>
  </testcase>
  <testcase name="runScenario" classname="tests.runners.RunTest" time="0.029">
    <failure message="Environment Variable is NOT Set" type="java.lang.AssertionError">java.lang.AssertionError: Environment Variable is NOT Set
	at org.testng.Assert.fail(Assert.java:110)
	at tests.utility.Hooks.ConfigFileReader(Hooks.java:69)
	at tests.utility.Hooks.initWebDriver(Hooks.java:159)
</failure>
    <system-out><![CDATA[Space Dropdown in projects - multiple spaces in projects : FAILED
]]></system-out>
  </testcase>
  <testcase name="runScenario" classname="tests.runners.RunTest" time="0.048">
    <failure message="Environment Variable is NOT Set" type="java.lang.AssertionError">java.lang.AssertionError: Environment Variable is NOT Set
	at org.testng.Assert.fail(Assert.java:110)
	at tests.utility.Hooks.ConfigFileReader(Hooks.java:69)
	at tests.utility.Hooks.initWebDriver(Hooks.java:159)
</failure>
    <system-out><![CDATA[Verify Forecast Set in SF for a project - Selected spaces and entire oppty : FAILED
]]></system-out>
  </testcase>
  <testcase name="runScenario" classname="tests.runners.RunTest" time="0.034">
    <failure message="Environment Variable is NOT Set" type="java.lang.AssertionError">java.lang.AssertionError: Environment Variable is NOT Set
	at org.testng.Assert.fail(Assert.java:110)
	at tests.utility.Hooks.ConfigFileReader(Hooks.java:69)
	at tests.utility.Hooks.initWebDriver(Hooks.java:159)
</failure>
    <system-out><![CDATA[Verify that SKU id has been updated after making edits for line item in the project : FAILED
]]></system-out>
  </testcase>
  <testcase name="runScenario" classname="tests.runners.RunTest" time="0.03">
    <failure message="Environment Variable is NOT Set" type="java.lang.AssertionError">java.lang.AssertionError: Environment Variable is NOT Set
	at org.testng.Assert.fail(Assert.java:110)
	at tests.utility.Hooks.ConfigFileReader(Hooks.java:69)
	at tests.utility.Hooks.initWebDriver(Hooks.java:159)
</failure>
    <system-out><![CDATA[Verify the view all functionality for spaces in project : FAILED
]]></system-out>
  </testcase>
  <testcase name="runScenario" classname="tests.runners.RunTest" time="0.034">
    <failure message="Environment Variable is NOT Set" type="java.lang.AssertionError">java.lang.AssertionError: Environment Variable is NOT Set
	at org.testng.Assert.fail(Assert.java:110)
	at tests.utility.Hooks.ConfigFileReader(Hooks.java:69)
	at tests.utility.Hooks.initWebDriver(Hooks.java:159)
</failure>
    <system-out><![CDATA[Search by name : FAILED
]]></system-out>
  </testcase>
  <testcase name="runScenario" classname="tests.runners.RunTest" time="0.031">
    <failure message="Environment Variable is NOT Set" type="java.lang.AssertionError">java.lang.AssertionError: Environment Variable is NOT Set
	at org.testng.Assert.fail(Assert.java:110)
	at tests.utility.Hooks.ConfigFileReader(Hooks.java:69)
	at tests.utility.Hooks.initWebDriver(Hooks.java:159)
</failure>
    <system-out><![CDATA[Search by email : FAILED
]]></system-out>
  </testcase>
  <testcase name="runScenario" classname="tests.runners.RunTest" time="0.033">
    <failure message="Environment Variable is NOT Set" type="java.lang.AssertionError">java.lang.AssertionError: Environment Variable is NOT Set
	at org.testng.Assert.fail(Assert.java:110)
	at tests.utility.Hooks.ConfigFileReader(Hooks.java:69)
	at tests.utility.Hooks.initWebDriver(Hooks.java:159)
</failure>
    <system-out><![CDATA[Search by event type : FAILED
]]></system-out>
  </testcase>
  <testcase name="runScenario" classname="tests.runners.RunTest" time="0.032">
    <failure message="Environment Variable is NOT Set" type="java.lang.AssertionError">java.lang.AssertionError: Environment Variable is NOT Set
	at org.testng.Assert.fail(Assert.java:110)
	at tests.utility.Hooks.ConfigFileReader(Hooks.java:69)
	at tests.utility.Hooks.initWebDriver(Hooks.java:159)
</failure>
    <system-out><![CDATA[Create A New Registry : FAILED
]]></system-out>
  </testcase>
  <testcase name="runScenario" classname="tests.runners.RunTest" time="0.035">
    <failure message="Environment Variable is NOT Set" type="java.lang.AssertionError">java.lang.AssertionError: Environment Variable is NOT Set
	at org.testng.Assert.fail(Assert.java:110)
	at tests.utility.Hooks.ConfigFileReader(Hooks.java:69)
	at tests.utility.Hooks.initWebDriver(Hooks.java:159)
</failure>
    <system-out><![CDATA[Edit registry : FAILED
]]></system-out>
  </testcase>
  <testcase name="runScenario" classname="tests.runners.RunTest" time="0.035">
    <failure message="Environment Variable is NOT Set" type="java.lang.AssertionError">java.lang.AssertionError: Environment Variable is NOT Set
	at org.testng.Assert.fail(Assert.java:110)
	at tests.utility.Hooks.ConfigFileReader(Hooks.java:69)
	at tests.utility.Hooks.initWebDriver(Hooks.java:159)
</failure>
    <system-out><![CDATA[Delete registry : FAILED
]]></system-out>
  </testcase>
  <testcase name="runScenario" classname="tests.runners.RunTest" time="0.031">
    <failure message="Environment Variable is NOT Set" type="java.lang.AssertionError">java.lang.AssertionError: Environment Variable is NOT Set
	at org.testng.Assert.fail(Assert.java:110)
	at tests.utility.Hooks.ConfigFileReader(Hooks.java:69)
	at tests.utility.Hooks.initWebDriver(Hooks.java:159)
</failure>
    <system-out><![CDATA[Manage Registry : FAILED
]]></system-out>
  </testcase>
  <testcase name="runScenario" classname="tests.runners.RunTest" time="0.031">
    <failure message="Environment Variable is NOT Set" type="java.lang.AssertionError">java.lang.AssertionError: Environment Variable is NOT Set
	at org.testng.Assert.fail(Assert.java:110)
	at tests.utility.Hooks.ConfigFileReader(Hooks.java:69)
	at tests.utility.Hooks.initWebDriver(Hooks.java:159)
</failure>
    <system-out><![CDATA[Coregistraint name : FAILED
]]></system-out>
  </testcase>
  <testcase name="runScenario" classname="tests.runners.RunTest" time="0.031">
    <failure message="Environment Variable is NOT Set" type="java.lang.AssertionError">java.lang.AssertionError: Environment Variable is NOT Set
	at org.testng.Assert.fail(Assert.java:110)
	at tests.utility.Hooks.ConfigFileReader(Hooks.java:69)
	at tests.utility.Hooks.initWebDriver(Hooks.java:159)
</failure>
    <system-out><![CDATA[Sale navigation bar is displayed and functional : FAILED
]]></system-out>
  </testcase>
  <testcase name="runScenario" classname="tests.runners.RunTest" time="0.032">
    <failure message="Environment Variable is NOT Set" type="java.lang.AssertionError">java.lang.AssertionError: Environment Variable is NOT Set
	at org.testng.Assert.fail(Assert.java:110)
	at tests.utility.Hooks.ConfigFileReader(Hooks.java:69)
	at tests.utility.Hooks.initWebDriver(Hooks.java:159)
</failure>
    <system-out><![CDATA[Sale navigation and validate regular, member and finale sale prices on PDP. : FAILED
]]></system-out>
  </testcase>
  <testcase name="runScenario" classname="tests.runners.RunTest" time="0.033">
    <failure message="Environment Variable is NOT Set" type="java.lang.AssertionError">java.lang.AssertionError: Environment Variable is NOT Set
	at org.testng.Assert.fail(Assert.java:110)
	at tests.utility.Hooks.ConfigFileReader(Hooks.java:69)
	at tests.utility.Hooks.initWebDriver(Hooks.java:159)
</failure>
    <system-out><![CDATA[Verify order details : FAILED
]]></system-out>
  </testcase>
  <testcase name="runScenario" classname="tests.runners.RunTest" time="0.033">
    <failure message="Environment Variable is NOT Set" type="java.lang.AssertionError">java.lang.AssertionError: Environment Variable is NOT Set
	at org.testng.Assert.fail(Assert.java:110)
	at tests.utility.Hooks.ConfigFileReader(Hooks.java:69)
	at tests.utility.Hooks.initWebDriver(Hooks.java:159)
</failure>
    <system-out><![CDATA[Verify the payment details and Order estimate summary : FAILED
]]></system-out>
  </testcase>
  <testcase name="runScenario" classname="tests.runners.RunTest" time="0.033">
    <failure message="Environment Variable is NOT Set" type="java.lang.AssertionError">java.lang.AssertionError: Environment Variable is NOT Set
	at org.testng.Assert.fail(Assert.java:110)
	at tests.utility.Hooks.ConfigFileReader(Hooks.java:69)
	at tests.utility.Hooks.initWebDriver(Hooks.java:159)
</failure>
    <system-out><![CDATA[Verify all the line items in the cart : FAILED
]]></system-out>
  </testcase>
  <testcase name="runScenario" classname="tests.runners.RunTest" time="0.05">
    <failure message="Environment Variable is NOT Set" type="java.lang.AssertionError">java.lang.AssertionError: Environment Variable is NOT Set
	at org.testng.Assert.fail(Assert.java:110)
	at tests.utility.Hooks.ConfigFileReader(Hooks.java:69)
	at tests.utility.Hooks.initWebDriver(Hooks.java:159)
</failure>
    <system-out><![CDATA[Verify the order number and email address verbiage : FAILED
]]></system-out>
  </testcase>
  <testcase name="runScenario" classname="tests.runners.RunTest" time="0.033">
    <failure message="Environment Variable is NOT Set" type="java.lang.AssertionError">java.lang.AssertionError: Environment Variable is NOT Set
	at org.testng.Assert.fail(Assert.java:110)
	at tests.utility.Hooks.ConfigFileReader(Hooks.java:69)
	at tests.utility.Hooks.initWebDriver(Hooks.java:159)
</failure>
    <system-out><![CDATA[Trade Client - Non Exempt : FAILED
]]></system-out>
  </testcase>
  <testcase name="runScenario" classname="tests.runners.RunTest" time="0.029">
    <failure message="Environment Variable is NOT Set" type="java.lang.AssertionError">java.lang.AssertionError: Environment Variable is NOT Set
	at org.testng.Assert.fail(Assert.java:110)
	at tests.utility.Hooks.ConfigFileReader(Hooks.java:69)
	at tests.utility.Hooks.initWebDriver(Hooks.java:159)
</failure>
    <system-out><![CDATA[Verify Trade Prices for PDP : FAILED
]]></system-out>
  </testcase>
  <testcase name="runScenario" classname="tests.runners.RunTest" time="0.028">
    <failure message="Environment Variable is NOT Set" type="java.lang.AssertionError">java.lang.AssertionError: Environment Variable is NOT Set
	at org.testng.Assert.fail(Assert.java:110)
	at tests.utility.Hooks.ConfigFileReader(Hooks.java:69)
	at tests.utility.Hooks.initWebDriver(Hooks.java:159)
</failure>
    <system-out><![CDATA[Verify Trade Prices for CP : FAILED
]]></system-out>
  </testcase>
  <testcase name="runScenario" classname="tests.runners.RunTest" time="0.03">
    <failure message="Environment Variable is NOT Set" type="java.lang.AssertionError">java.lang.AssertionError: Environment Variable is NOT Set
	at org.testng.Assert.fail(Assert.java:110)
	at tests.utility.Hooks.ConfigFileReader(Hooks.java:69)
	at tests.utility.Hooks.initWebDriver(Hooks.java:159)
</failure>
    <system-out><![CDATA[Verify Trade Prices for PG : FAILED
]]></system-out>
  </testcase>
  <testcase name="runScenario" classname="tests.runners.RunTest" time="0.033">
    <failure message="Environment Variable is NOT Set" type="java.lang.AssertionError">java.lang.AssertionError: Environment Variable is NOT Set
	at org.testng.Assert.fail(Assert.java:110)
	at tests.utility.Hooks.ConfigFileReader(Hooks.java:69)
	at tests.utility.Hooks.initWebDriver(Hooks.java:159)
</failure>
    <system-out><![CDATA[Verify trade prices for project page : FAILED
]]></system-out>
  </testcase>
  <testcase name="runScenario" classname="tests.runners.RunTest" time="0.031">
    <failure message="Environment Variable is NOT Set" type="java.lang.AssertionError">java.lang.AssertionError: Environment Variable is NOT Set
	at org.testng.Assert.fail(Assert.java:110)
	at tests.utility.Hooks.ConfigFileReader(Hooks.java:69)
	at tests.utility.Hooks.initWebDriver(Hooks.java:159)
</failure>
    <system-out><![CDATA[Verify trade prices for order review page : FAILED
]]></system-out>
  </testcase>
  <testcase name="runScenario" classname="tests.runners.RunTest" time="0.03">
    <failure message="Environment Variable is NOT Set" type="java.lang.AssertionError">java.lang.AssertionError: Environment Variable is NOT Set
	at org.testng.Assert.fail(Assert.java:110)
	at tests.utility.Hooks.ConfigFileReader(Hooks.java:69)
	at tests.utility.Hooks.initWebDriver(Hooks.java:159)
</failure>
    <system-out><![CDATA[Address page: Sold-to, Billing, shipping address : FAILED
]]></system-out>
  </testcase>
  <testcase name="runScenario" classname="tests.runners.RunTest" time="0.032">
    <failure message="Environment Variable is NOT Set" type="java.lang.AssertionError">java.lang.AssertionError: Environment Variable is NOT Set
	at org.testng.Assert.fail(Assert.java:110)
	at tests.utility.Hooks.ConfigFileReader(Hooks.java:69)
	at tests.utility.Hooks.initWebDriver(Hooks.java:159)
</failure>
    <system-out><![CDATA[Verify that Membership banner is not present on the cart page : FAILED
]]></system-out>
  </testcase>
  <testcase name="runScenario" classname="tests.runners.RunTest" time="0.032">
    <failure message="Environment Variable is NOT Set" type="java.lang.AssertionError">java.lang.AssertionError: Environment Variable is NOT Set
	at org.testng.Assert.fail(Assert.java:110)
	at tests.utility.Hooks.ConfigFileReader(Hooks.java:69)
	at tests.utility.Hooks.initWebDrivereStore(Hooks.java:148)
</failure>
    <system-out><![CDATA[Verify the personal Info displayed after Sign in - First, last name and email : FAILED
]]></system-out>
  </testcase>
  <testcase name="runScenario" classname="tests.runners.RunTest" time="0.029">
    <failure message="Environment Variable is NOT Set" type="java.lang.AssertionError">java.lang.AssertionError: Environment Variable is NOT Set
	at org.testng.Assert.fail(Assert.java:110)
	at tests.utility.Hooks.ConfigFileReader(Hooks.java:69)
	at tests.utility.Hooks.initWebDrivereStore(Hooks.java:148)
</failure>
    <system-out><![CDATA[Verify the max length for First Name text field : FAILED
]]></system-out>
  </testcase>
  <testcase name="runScenario" classname="tests.runners.RunTest" time="0.032">
    <failure message="Environment Variable is NOT Set" type="java.lang.AssertionError">java.lang.AssertionError: Environment Variable is NOT Set
	at org.testng.Assert.fail(Assert.java:110)
	at tests.utility.Hooks.ConfigFileReader(Hooks.java:69)
	at tests.utility.Hooks.initWebDrivereStore(Hooks.java:148)
</failure>
    <system-out><![CDATA[Verify the min length for First Name text field : FAILED
]]></system-out>
  </testcase>
  <testcase name="runScenario" classname="tests.runners.RunTest" time="0.035">
    <failure message="Environment Variable is NOT Set" type="java.lang.AssertionError">java.lang.AssertionError: Environment Variable is NOT Set
	at org.testng.Assert.fail(Assert.java:110)
	at tests.utility.Hooks.ConfigFileReader(Hooks.java:69)
	at tests.utility.Hooks.initWebDrivereStore(Hooks.java:148)
</failure>
    <system-out><![CDATA[Verify that by updating personal information, application should get saved the entered details : FAILED
]]></system-out>
  </testcase>
  <testcase name="runScenario" classname="tests.runners.RunTest" time="0.031">
    <failure message="Environment Variable is NOT Set" type="java.lang.AssertionError">java.lang.AssertionError: Environment Variable is NOT Set
	at org.testng.Assert.fail(Assert.java:110)
	at tests.utility.Hooks.ConfigFileReader(Hooks.java:69)
	at tests.utility.Hooks.initWebDrivereStore(Hooks.java:148)
</failure>
    <system-out><![CDATA[Verify that after updating account profile, application should display popup with 'your profile has been updated' message : FAILED
]]></system-out>
  </testcase>
  <testcase name="runScenario" classname="tests.runners.RunTest" time="0.031">
    <failure message="Environment Variable is NOT Set" type="java.lang.AssertionError">java.lang.AssertionError: Environment Variable is NOT Set
	at org.testng.Assert.fail(Assert.java:110)
	at tests.utility.Hooks.ConfigFileReader(Hooks.java:69)
	at tests.utility.Hooks.initWebDrivereStore(Hooks.java:148)
</failure>
    <system-out><![CDATA[Verify the max length for Last Name text field : FAILED
]]></system-out>
  </testcase>
  <testcase name="runScenario" classname="tests.runners.RunTest" time="0.03">
    <failure message="Environment Variable is NOT Set" type="java.lang.AssertionError">java.lang.AssertionError: Environment Variable is NOT Set
	at org.testng.Assert.fail(Assert.java:110)
	at tests.utility.Hooks.ConfigFileReader(Hooks.java:69)
	at tests.utility.Hooks.initWebDrivereStore(Hooks.java:148)
</failure>
    <system-out><![CDATA[Verify the min length for Last Name text field : FAILED
]]></system-out>
  </testcase>
  <testcase name="runScenario" classname="tests.runners.RunTest" time="0.049">
    <failure message="Environment Variable is NOT Set" type="java.lang.AssertionError">java.lang.AssertionError: Environment Variable is NOT Set
	at org.testng.Assert.fail(Assert.java:110)
	at tests.utility.Hooks.ConfigFileReader(Hooks.java:69)
	at tests.utility.Hooks.initWebDrivereStore(Hooks.java:148)
</failure>
    <system-out><![CDATA[Verify by entering already existing email ID, application should get an error message : FAILED
]]></system-out>
  </testcase>
  <testcase name="runScenario" classname="tests.runners.RunTest" time="0.03">
    <failure message="Environment Variable is NOT Set" type="java.lang.AssertionError">java.lang.AssertionError: Environment Variable is NOT Set
	at org.testng.Assert.fail(Assert.java:110)
	at tests.utility.Hooks.ConfigFileReader(Hooks.java:69)
	at tests.utility.Hooks.initWebDrivereStore(Hooks.java:148)
</failure>
    <system-out><![CDATA[Verify the updated firstname in top nav Header : FAILED
]]></system-out>
  </testcase>
  <testcase name="runScenario" classname="tests.runners.RunTest" time="0.033">
    <failure message="Environment Variable is NOT Set" type="java.lang.AssertionError">java.lang.AssertionError: Environment Variable is NOT Set
	at org.testng.Assert.fail(Assert.java:110)
	at tests.utility.Hooks.ConfigFileReader(Hooks.java:69)
	at tests.utility.Hooks.initWebDrivereStore(Hooks.java:148)
</failure>
    <system-out><![CDATA[Verify the Update Personal Email Information Functionality - update first name : FAILED
]]></system-out>
  </testcase>
  <testcase name="runScenario" classname="tests.runners.RunTest" time="0.031">
    <failure message="Environment Variable is NOT Set" type="java.lang.AssertionError">java.lang.AssertionError: Environment Variable is NOT Set
	at org.testng.Assert.fail(Assert.java:110)
	at tests.utility.Hooks.ConfigFileReader(Hooks.java:69)
	at tests.utility.Hooks.initWebDrivereStore(Hooks.java:148)
</failure>
    <system-out><![CDATA[Verify the Update Personal Email Information Functionality - update last name : FAILED
]]></system-out>
  </testcase>
  <testcase name="runScenario" classname="tests.runners.RunTest" time="0.029">
    <failure message="Environment Variable is NOT Set" type="java.lang.AssertionError">java.lang.AssertionError: Environment Variable is NOT Set
	at org.testng.Assert.fail(Assert.java:110)
	at tests.utility.Hooks.ConfigFileReader(Hooks.java:69)
	at tests.utility.Hooks.initWebDrivereStore(Hooks.java:148)
</failure>
    <system-out><![CDATA[Verify the Update Personal Email Information Functionality -update to existing email (Error message should be displayed regarding Entered email is already registered) : FAILED
]]></system-out>
  </testcase>
  <testcase name="runScenario" classname="tests.runners.RunTest" time="0.033">
    <failure message="Environment Variable is NOT Set" type="java.lang.AssertionError">java.lang.AssertionError: Environment Variable is NOT Set
	at org.testng.Assert.fail(Assert.java:110)
	at tests.utility.Hooks.ConfigFileReader(Hooks.java:69)
	at tests.utility.Hooks.initWebDrivereStore(Hooks.java:148)
</failure>
    <system-out><![CDATA[eStore Address for Guest user : FAILED
]]></system-out>
  </testcase>
  <testcase name="runScenario" classname="tests.runners.RunTest" time="0.029">
    <failure message="Environment Variable is NOT Set" type="java.lang.AssertionError">java.lang.AssertionError: Environment Variable is NOT Set
	at org.testng.Assert.fail(Assert.java:110)
	at tests.utility.Hooks.ConfigFileReader(Hooks.java:69)
	at tests.utility.Hooks.initWebDrivereStore(Hooks.java:148)
</failure>
    <system-out><![CDATA[eStore Address for Registered user - To verify Add a new shipping Address option is present : FAILED
]]></system-out>
  </testcase>
  <testcase name="runScenario" classname="tests.runners.RunTest" time="0.031">
    <failure message="Environment Variable is NOT Set" type="java.lang.AssertionError">java.lang.AssertionError: Environment Variable is NOT Set
	at org.testng.Assert.fail(Assert.java:110)
	at tests.utility.Hooks.ConfigFileReader(Hooks.java:69)
	at tests.utility.Hooks.initWebDrivereStore(Hooks.java:148)
</failure>
    <system-out><![CDATA[eStore Address Page - To verify Add address button : FAILED
]]></system-out>
  </testcase>
  <testcase name="runScenario" classname="tests.runners.RunTest" time="0.031">
    <failure message="Environment Variable is NOT Set" type="java.lang.AssertionError">java.lang.AssertionError: Environment Variable is NOT Set
	at org.testng.Assert.fail(Assert.java:110)
	at tests.utility.Hooks.ConfigFileReader(Hooks.java:69)
	at tests.utility.Hooks.initWebDrivereStore(Hooks.java:148)
</failure>
    <system-out><![CDATA[eStore Address Page - To verify mandatory field in New address : FAILED
]]></system-out>
  </testcase>
  <testcase name="runScenario" classname="tests.runners.RunTest" time="0.035">
    <failure message="Environment Variable is NOT Set" type="java.lang.AssertionError">java.lang.AssertionError: Environment Variable is NOT Set
	at org.testng.Assert.fail(Assert.java:110)
	at tests.utility.Hooks.ConfigFileReader(Hooks.java:69)
	at tests.utility.Hooks.initWebDrivereStore(Hooks.java:148)
</failure>
    <system-out><![CDATA[eStore Address Page - To verify newly added address is present in shipping address list : FAILED
]]></system-out>
  </testcase>
  <testcase name="runScenario" classname="tests.runners.RunTest" time="0.031">
    <failure message="Environment Variable is NOT Set" type="java.lang.AssertionError">java.lang.AssertionError: Environment Variable is NOT Set
	at org.testng.Assert.fail(Assert.java:110)
	at tests.utility.Hooks.ConfigFileReader(Hooks.java:69)
	at tests.utility.Hooks.initWebDrivereStore(Hooks.java:148)
</failure>
    <system-out><![CDATA[eStore Address Page - To verify the deleted address removed from the shipping address list : FAILED
]]></system-out>
  </testcase>
  <testcase name="runScenario" classname="tests.runners.RunTest" time="0.03">
    <failure message="Environment Variable is NOT Set" type="java.lang.AssertionError">java.lang.AssertionError: Environment Variable is NOT Set
	at org.testng.Assert.fail(Assert.java:110)
	at tests.utility.Hooks.ConfigFileReader(Hooks.java:69)
	at tests.utility.Hooks.initWebDrivereStore(Hooks.java:148)
</failure>
    <system-out><![CDATA[eStore Address Page - To verify the edited address updated in the shipping address list : FAILED
]]></system-out>
  </testcase>
  <testcase name="runScenario" classname="tests.runners.RunTest" time="0.031">
    <failure message="Environment Variable is NOT Set" type="java.lang.AssertionError">java.lang.AssertionError: Environment Variable is NOT Set
	at org.testng.Assert.fail(Assert.java:110)
	at tests.utility.Hooks.ConfigFileReader(Hooks.java:69)
	at tests.utility.Hooks.initWebDrivereStore(Hooks.java:148)
</failure>
    <system-out><![CDATA[eStore Address Page - Verify the scenario when saved address has missing required address fields - Missing phone number etc : FAILED
]]></system-out>
  </testcase>
  <testcase name="runScenario" classname="tests.runners.RunTest" time="0.03">
    <failure message="Environment Variable is NOT Set" type="java.lang.AssertionError">java.lang.AssertionError: Environment Variable is NOT Set
	at org.testng.Assert.fail(Assert.java:110)
	at tests.utility.Hooks.ConfigFileReader(Hooks.java:69)
	at tests.utility.Hooks.initWebDrivereStore(Hooks.java:148)
</failure>
    <system-out><![CDATA[eStore Address Page - Verify same as Billing address same as Shipping functionality - switch between the listed shipping addresses : FAILED
]]></system-out>
  </testcase>
  <testcase name="runScenario" classname="tests.runners.RunTest" time="0.05">
    <failure message="Environment Variable is NOT Set" type="java.lang.AssertionError">java.lang.AssertionError: Environment Variable is NOT Set
	at org.testng.Assert.fail(Assert.java:110)
	at tests.utility.Hooks.ConfigFileReader(Hooks.java:69)
	at tests.utility.Hooks.initWebDrivereStore(Hooks.java:148)
</failure>
    <system-out><![CDATA[eStore Address Page - Verify the shipping and Billing address for registered User Order review and Order Confirmation pageko9 : FAILED
]]></system-out>
  </testcase>
  <testcase name="runScenario" classname="tests.runners.RunTest" time="0.039">
    <failure message="Environment Variable is NOT Set" type="java.lang.AssertionError">java.lang.AssertionError: Environment Variable is NOT Set
	at org.testng.Assert.fail(Assert.java:110)
	at tests.utility.Hooks.ConfigFileReader(Hooks.java:69)
	at tests.utility.Hooks.initWebDrivereStore(Hooks.java:148)
</failure>
    <system-out><![CDATA[eStore Address Page - Verify Gift message and order description showing on the order review and TY page : FAILED
]]></system-out>
  </testcase>
  <testcase name="runScenario" classname="tests.runners.RunTest" time="0.037">
    <failure message="Environment Variable is NOT Set" type="java.lang.AssertionError">java.lang.AssertionError: Environment Variable is NOT Set
	at org.testng.Assert.fail(Assert.java:110)
	at tests.utility.Hooks.ConfigFileReader(Hooks.java:69)
	at tests.utility.Hooks.initWebDrivereStore(Hooks.java:148)
</failure>
    <system-out><![CDATA[CG - Test CGS in all menu items (All brands) : FAILED
]]></system-out>
  </testcase>
  <testcase name="runScenario" classname="tests.runners.RunTest" time="0.034">
    <failure message="Environment Variable is NOT Set" type="java.lang.AssertionError">java.lang.AssertionError: Environment Variable is NOT Set
	at org.testng.Assert.fail(Assert.java:110)
	at tests.utility.Hooks.ConfigFileReader(Hooks.java:69)
	at tests.utility.Hooks.initWebDrivereStore(Hooks.java:148)
</failure>
    <system-out><![CDATA[CG - Test CGS in all menu items (All brands) : FAILED
]]></system-out>
  </testcase>
  <testcase name="runScenario" classname="tests.runners.RunTest" time="0.035">
    <failure message="Environment Variable is NOT Set" type="java.lang.AssertionError">java.lang.AssertionError: Environment Variable is NOT Set
	at org.testng.Assert.fail(Assert.java:110)
	at tests.utility.Hooks.ConfigFileReader(Hooks.java:69)
	at tests.utility.Hooks.initWebDrivereStore(Hooks.java:148)
</failure>
    <system-out><![CDATA[CG - Test CGS in all menu items (All brands) : FAILED
]]></system-out>
  </testcase>
  <testcase name="runScenario" classname="tests.runners.RunTest" time="0.035">
    <failure message="Environment Variable is NOT Set" type="java.lang.AssertionError">java.lang.AssertionError: Environment Variable is NOT Set
	at org.testng.Assert.fail(Assert.java:110)
	at tests.utility.Hooks.ConfigFileReader(Hooks.java:69)
	at tests.utility.Hooks.initWebDrivereStore(Hooks.java:148)
</failure>
    <system-out><![CDATA[CG - Test CGS in all menu items (All brands) : FAILED
]]></system-out>
  </testcase>
  <testcase name="runScenario" classname="tests.runners.RunTest" time="0.037">
    <failure message="Environment Variable is NOT Set" type="java.lang.AssertionError">java.lang.AssertionError: Environment Variable is NOT Set
	at org.testng.Assert.fail(Assert.java:110)
	at tests.utility.Hooks.ConfigFileReader(Hooks.java:69)
	at tests.utility.Hooks.initWebDrivereStore(Hooks.java:148)
</failure>
    <system-out><![CDATA[CG - Test CGS in all menu items (All brands) : FAILED
]]></system-out>
  </testcase>
  <testcase name="runScenario" classname="tests.runners.RunTest" time="0.039">
    <failure message="Environment Variable is NOT Set" type="java.lang.AssertionError">java.lang.AssertionError: Environment Variable is NOT Set
	at org.testng.Assert.fail(Assert.java:110)
	at tests.utility.Hooks.ConfigFileReader(Hooks.java:69)
	at tests.utility.Hooks.initWebDrivereStore(Hooks.java:148)
</failure>
    <system-out><![CDATA[CG - Test CGS in all menu items (All brands) : FAILED
]]></system-out>
  </testcase>
  <testcase name="runScenario" classname="tests.runners.RunTest" time="0.034">
    <failure message="Environment Variable is NOT Set" type="java.lang.AssertionError">java.lang.AssertionError: Environment Variable is NOT Set
	at org.testng.Assert.fail(Assert.java:110)
	at tests.utility.Hooks.ConfigFileReader(Hooks.java:69)
	at tests.utility.Hooks.initWebDrivereStore(Hooks.java:148)
</failure>
    <system-out><![CDATA[CG - Test CGS in all menu items (All brands) : FAILED
]]></system-out>
  </testcase>
  <testcase name="runScenario" classname="tests.runners.RunTest" time="0.034">
    <failure message="Environment Variable is NOT Set" type="java.lang.AssertionError">java.lang.AssertionError: Environment Variable is NOT Set
	at org.testng.Assert.fail(Assert.java:110)
	at tests.utility.Hooks.ConfigFileReader(Hooks.java:69)
	at tests.utility.Hooks.initWebDrivereStore(Hooks.java:148)
</failure>
    <system-out><![CDATA[CG - Test CGS in all menu items (All brands) : FAILED
]]></system-out>
  </testcase>
  <testcase name="runScenario" classname="tests.runners.RunTest" time="0.029">
    <failure message="Environment Variable is NOT Set" type="java.lang.AssertionError">java.lang.AssertionError: Environment Variable is NOT Set
	at org.testng.Assert.fail(Assert.java:110)
	at tests.utility.Hooks.ConfigFileReader(Hooks.java:69)
	at tests.utility.Hooks.initWebDrivereStore(Hooks.java:148)
</failure>
    <system-out><![CDATA[CG - Test CGS in all menu items (All brands) : FAILED
]]></system-out>
  </testcase>
  <testcase name="runScenario" classname="tests.runners.RunTest" time="0.028">
    <failure message="Environment Variable is NOT Set" type="java.lang.AssertionError">java.lang.AssertionError: Environment Variable is NOT Set
	at org.testng.Assert.fail(Assert.java:110)
	at tests.utility.Hooks.ConfigFileReader(Hooks.java:69)
	at tests.utility.Hooks.initWebDrivereStore(Hooks.java:148)
</failure>
    <system-out><![CDATA[CG-Verify Collection Name : FAILED
]]></system-out>
  </testcase>
  <testcase name="runScenario" classname="tests.runners.RunTest" time="0.028">
    <failure message="Environment Variable is NOT Set" type="java.lang.AssertionError">java.lang.AssertionError: Environment Variable is NOT Set
	at org.testng.Assert.fail(Assert.java:110)
	at tests.utility.Hooks.ConfigFileReader(Hooks.java:69)
	at tests.utility.Hooks.initWebDrivereStore(Hooks.java:148)
</failure>
    <system-out><![CDATA[CG-Verify Shop In Stock Link : FAILED
]]></system-out>
  </testcase>
  <testcase name="runScenario" classname="tests.runners.RunTest" time="0.032">
    <failure message="Environment Variable is NOT Set" type="java.lang.AssertionError">java.lang.AssertionError: Environment Variable is NOT Set
	at org.testng.Assert.fail(Assert.java:110)
	at tests.utility.Hooks.ConfigFileReader(Hooks.java:69)
	at tests.utility.Hooks.initWebDrivereStore(Hooks.java:148)
</failure>
    <system-out><![CDATA[CG-Verify Back To top Button : FAILED
]]></system-out>
  </testcase>
  <testcase name="runScenario" classname="tests.runners.RunTest" time="0.033">
    <failure message="Environment Variable is NOT Set" type="java.lang.AssertionError">java.lang.AssertionError: Environment Variable is NOT Set
	at org.testng.Assert.fail(Assert.java:110)
	at tests.utility.Hooks.ConfigFileReader(Hooks.java:69)
	at tests.utility.Hooks.initWebDrivereStore(Hooks.java:148)
</failure>
    <system-out><![CDATA[Verify single Grid View is as default on CG : FAILED
]]></system-out>
  </testcase>
  <testcase name="runScenario" classname="tests.runners.RunTest" time="0.032">
    <failure message="Environment Variable is NOT Set" type="java.lang.AssertionError">java.lang.AssertionError: Environment Variable is NOT Set
	at org.testng.Assert.fail(Assert.java:110)
	at tests.utility.Hooks.ConfigFileReader(Hooks.java:69)
	at tests.utility.Hooks.initWebDrivereStore(Hooks.java:148)
</failure>
    <system-out><![CDATA[Verify collection name,image (regular,member,sale(applicable) on collection banner : FAILED
]]></system-out>
  </testcase>
  <testcase name="runScenario" classname="tests.runners.RunTest" time="0.03">
    <failure message="Environment Variable is NOT Set" type="java.lang.AssertionError">java.lang.AssertionError: Environment Variable is NOT Set
	at org.testng.Assert.fail(Assert.java:110)
	at tests.utility.Hooks.ConfigFileReader(Hooks.java:69)
	at tests.utility.Hooks.initWebDrivereStore(Hooks.java:148)
</failure>
    <system-out><![CDATA[Verify 1,2,3 grid views are working fine : FAILED
]]></system-out>
  </testcase>
  <testcase name="runScenario" classname="tests.runners.RunTest" time="0.03">
    <failure message="Environment Variable is NOT Set" type="java.lang.AssertionError">java.lang.AssertionError: Environment Variable is NOT Set
	at org.testng.Assert.fail(Assert.java:110)
	at tests.utility.Hooks.ConfigFileReader(Hooks.java:69)
	at tests.utility.Hooks.initWebDrivereStore(Hooks.java:148)
</failure>
    <system-out><![CDATA[Change the grid view, to to PG, go back from PG, CG page should render in the same grid view that you previously selected : FAILED
]]></system-out>
  </testcase>
  <testcase name="runScenario" classname="tests.runners.RunTest" time="0.028">
    <failure message="Environment Variable is NOT Set" type="java.lang.AssertionError">java.lang.AssertionError: Environment Variable is NOT Set
	at org.testng.Assert.fail(Assert.java:110)
	at tests.utility.Hooks.ConfigFileReader(Hooks.java:69)
	at tests.utility.Hooks.initWebDrivereStore(Hooks.java:148)
</failure>
    <system-out><![CDATA[Verify Textile CG having "Enjoy Free Shipping On All Textiles" banner : FAILED
]]></system-out>
  </testcase>
  <testcase name="runScenario" classname="tests.runners.RunTest" time="0.032">
    <failure message="Environment Variable is NOT Set" type="java.lang.AssertionError">java.lang.AssertionError: Environment Variable is NOT Set
	at org.testng.Assert.fail(Assert.java:110)
	at tests.utility.Hooks.ConfigFileReader(Hooks.java:69)
	at tests.utility.Hooks.initWebDrivereStore(Hooks.java:148)
</failure>
    <system-out><![CDATA[Remove item from cart : FAILED
]]></system-out>
  </testcase>
  <testcase name="runScenario" classname="tests.runners.RunTest" time="0.031">
    <failure message="Environment Variable is NOT Set" type="java.lang.AssertionError">java.lang.AssertionError: Environment Variable is NOT Set
	at org.testng.Assert.fail(Assert.java:110)
	at tests.utility.Hooks.ConfigFileReader(Hooks.java:69)
	at tests.utility.Hooks.initWebDrivereStore(Hooks.java:148)
</failure>
    <system-out><![CDATA[Apply/Remove employee discount : FAILED
]]></system-out>
  </testcase>
  <testcase name="runScenario" classname="tests.runners.RunTest" time="0.053">
    <failure message="Environment Variable is NOT Set" type="java.lang.AssertionError">java.lang.AssertionError: Environment Variable is NOT Set
	at org.testng.Assert.fail(Assert.java:110)
	at tests.utility.Hooks.ConfigFileReader(Hooks.java:69)
	at tests.utility.Hooks.initWebDrivereStore(Hooks.java:148)
</failure>
    <system-out><![CDATA[Apply/Remove promotion code : FAILED
]]></system-out>
  </testcase>
  <testcase name="runScenario" classname="tests.runners.RunTest" time="0.03">
    <failure message="Environment Variable is NOT Set" type="java.lang.AssertionError">java.lang.AssertionError: Environment Variable is NOT Set
	at org.testng.Assert.fail(Assert.java:110)
	at tests.utility.Hooks.ConfigFileReader(Hooks.java:69)
	at tests.utility.Hooks.initWebDrivereStore(Hooks.java:148)
</failure>
    <system-out><![CDATA[Zip code validation in cart : FAILED
]]></system-out>
  </testcase>
  <testcase name="runScenario" classname="tests.runners.RunTest" time="0.031">
    <failure message="Environment Variable is NOT Set" type="java.lang.AssertionError">java.lang.AssertionError: Environment Variable is NOT Set
	at org.testng.Assert.fail(Assert.java:110)
	at tests.utility.Hooks.ConfigFileReader(Hooks.java:69)
	at tests.utility.Hooks.initWebDrivereStore(Hooks.java:148)
</failure>
    <system-out><![CDATA[eStore - Membership price in cart : FAILED
]]></system-out>
  </testcase>
  <testcase name="runScenario" classname="tests.runners.RunTest" time="0.03">
    <failure message="Environment Variable is NOT Set" type="java.lang.AssertionError">java.lang.AssertionError: Environment Variable is NOT Set
	at org.testng.Assert.fail(Assert.java:110)
	at tests.utility.Hooks.ConfigFileReader(Hooks.java:69)
	at tests.utility.Hooks.initWebDrivereStore(Hooks.java:148)
</failure>
    <system-out><![CDATA[eStore - Line item quantity update : FAILED
]]></system-out>
  </testcase>
  <testcase name="runScenario" classname="tests.runners.RunTest" time="0.029">
    <failure message="Environment Variable is NOT Set" type="java.lang.AssertionError">java.lang.AssertionError: Environment Variable is NOT Set
	at org.testng.Assert.fail(Assert.java:110)
	at tests.utility.Hooks.ConfigFileReader(Hooks.java:69)
	at tests.utility.Hooks.initWebDrivereStore(Hooks.java:148)
</failure>
    <system-out><![CDATA[Place order for guest user : FAILED
]]></system-out>
  </testcase>
  <testcase name="runScenario" classname="tests.runners.RunTest" time="0.028">
    <failure message="Environment Variable is NOT Set" type="java.lang.AssertionError">java.lang.AssertionError: Environment Variable is NOT Set
	at org.testng.Assert.fail(Assert.java:110)
	at tests.utility.Hooks.ConfigFileReader(Hooks.java:69)
	at tests.utility.Hooks.initWebDrivereStore(Hooks.java:148)
</failure>
    <system-out><![CDATA[eStore - Add UFD item to Cart : FAILED
]]></system-out>
  </testcase>
  <testcase name="runScenario" classname="tests.runners.RunTest" time="0.032">
    <failure message="Environment Variable is NOT Set" type="java.lang.AssertionError">java.lang.AssertionError: Environment Variable is NOT Set
	at org.testng.Assert.fail(Assert.java:110)
	at tests.utility.Hooks.ConfigFileReader(Hooks.java:69)
	at tests.utility.Hooks.initWebDrivereStore(Hooks.java:148)
</failure>
    <system-out><![CDATA[eStore - Add Surcharge item to Cart : FAILED
]]></system-out>
  </testcase>
  <testcase name="runScenario" classname="tests.runners.RunTest" time="0.031">
    <failure message="Environment Variable is NOT Set" type="java.lang.AssertionError">java.lang.AssertionError: Environment Variable is NOT Set
	at org.testng.Assert.fail(Assert.java:110)
	at tests.utility.Hooks.ConfigFileReader(Hooks.java:69)
	at tests.utility.Hooks.initWebDrivereStore(Hooks.java:148)
</failure>
    <system-out><![CDATA[eStore - Gift Box fee in cart : FAILED
]]></system-out>
  </testcase>
  <testcase name="runScenario" classname="tests.runners.RunTest" time="0.03">
    <failure message="Environment Variable is NOT Set" type="java.lang.AssertionError">java.lang.AssertionError: Environment Variable is NOT Set
	at org.testng.Assert.fail(Assert.java:110)
	at tests.utility.Hooks.ConfigFileReader(Hooks.java:69)
	at tests.utility.Hooks.initWebDrivereStore(Hooks.java:148)
</failure>
    <system-out><![CDATA[eStore - Membership price for US and CAN : FAILED
]]></system-out>
  </testcase>
  <testcase name="runScenario" classname="tests.runners.RunTest" time="0.031">
    <failure message="Environment Variable is NOT Set" type="java.lang.AssertionError">java.lang.AssertionError: Environment Variable is NOT Set
	at org.testng.Assert.fail(Assert.java:110)
	at tests.utility.Hooks.ConfigFileReader(Hooks.java:69)
	at tests.utility.Hooks.initWebDrivereStore(Hooks.java:148)
</failure>
    <system-out><![CDATA[eStore - Membership pop up for guest user : FAILED
]]></system-out>
  </testcase>
  <testcase name="runScenario" classname="tests.runners.RunTest" time="0.031">
    <failure message="Environment Variable is NOT Set" type="java.lang.AssertionError">java.lang.AssertionError: Environment Variable is NOT Set
	at org.testng.Assert.fail(Assert.java:110)
	at tests.utility.Hooks.ConfigFileReader(Hooks.java:69)
	at tests.utility.Hooks.initWebDrivereStore(Hooks.java:148)
</failure>
    <system-out><![CDATA[eStore - CAN Shipping restriction : FAILED
]]></system-out>
  </testcase>
  <testcase name="runScenario" classname="tests.runners.RunTest" time="0.029">
    <failure message="Environment Variable is NOT Set" type="java.lang.AssertionError">java.lang.AssertionError: Environment Variable is NOT Set
	at org.testng.Assert.fail(Assert.java:110)
	at tests.utility.Hooks.ConfigFileReader(Hooks.java:69)
	at tests.utility.Hooks.initWebDrivereStore(Hooks.java:148)
</failure>
    <system-out><![CDATA[eStore - New York Shipping restriction : FAILED
]]></system-out>
  </testcase>
  <testcase name="runScenario" classname="tests.runners.RunTest" time="0.029">
    <failure message="Environment Variable is NOT Set" type="java.lang.AssertionError">java.lang.AssertionError: Environment Variable is NOT Set
	at org.testng.Assert.fail(Assert.java:110)
	at tests.utility.Hooks.ConfigFileReader(Hooks.java:69)
	at tests.utility.Hooks.initWebDrivereStore(Hooks.java:148)
</failure>
    <system-out><![CDATA[eStore - Disable Continue as a Guest user option for guest user with membership : FAILED
]]></system-out>
  </testcase>
  <testcase name="runScenario" classname="tests.runners.RunTest" time="0.029">
    <failure message="Environment Variable is NOT Set" type="java.lang.AssertionError">java.lang.AssertionError: Environment Variable is NOT Set
	at org.testng.Assert.fail(Assert.java:110)
	at tests.utility.Hooks.ConfigFileReader(Hooks.java:69)
	at tests.utility.Hooks.initWebDrivereStore(Hooks.java:148)
</failure>
    <system-out><![CDATA[eStore Add products from all brands to cart : FAILED
]]></system-out>
  </testcase>
  <testcase name="runScenario" classname="tests.runners.RunTest" time="0.032">
    <failure message="Environment Variable is NOT Set" type="java.lang.AssertionError">java.lang.AssertionError: Environment Variable is NOT Set
	at org.testng.Assert.fail(Assert.java:110)
	at tests.utility.Hooks.ConfigFileReader(Hooks.java:69)
	at tests.utility.Hooks.initWebDrivereStore(Hooks.java:148)
</failure>
    <system-out><![CDATA[eStore Membership banner for member user : FAILED
]]></system-out>
  </testcase>
  <testcase name="runScenario" classname="tests.runners.RunTest" time="0.032">
    <failure message="Environment Variable is NOT Set" type="java.lang.AssertionError">java.lang.AssertionError: Environment Variable is NOT Set
	at org.testng.Assert.fail(Assert.java:110)
	at tests.utility.Hooks.ConfigFileReader(Hooks.java:69)
	at tests.utility.Hooks.initWebDrivereStore(Hooks.java:148)
</failure>
    <system-out><![CDATA[eStore Membership banner for non-member user : FAILED
]]></system-out>
  </testcase>
  <testcase name="runScenario" classname="tests.runners.RunTest" time="0.027">
    <failure message="Environment Variable is NOT Set" type="java.lang.AssertionError">java.lang.AssertionError: Environment Variable is NOT Set
	at org.testng.Assert.fail(Assert.java:110)
	at tests.utility.Hooks.ConfigFileReader(Hooks.java:69)
	at tests.utility.Hooks.initWebDrivereStore(Hooks.java:148)
</failure>
    <system-out><![CDATA[eStore Cart persistence in all brands : FAILED
]]></system-out>
  </testcase>
  <testcase name="runScenario" classname="tests.runners.RunTest" time="0.03">
    <failure message="Environment Variable is NOT Set" type="java.lang.AssertionError">java.lang.AssertionError: Environment Variable is NOT Set
	at org.testng.Assert.fail(Assert.java:110)
	at tests.utility.Hooks.ConfigFileReader(Hooks.java:69)
	at tests.utility.Hooks.initWebDrivereStore(Hooks.java:148)
</failure>
    <system-out><![CDATA[Verify the cart subtotal when regular user added membership card with other sku's. : FAILED
]]></system-out>
  </testcase>
  <testcase name="runScenario" classname="tests.runners.RunTest" time="0.032">
    <failure message="Environment Variable is NOT Set" type="java.lang.AssertionError">java.lang.AssertionError: Environment Variable is NOT Set
	at org.testng.Assert.fail(Assert.java:110)
	at tests.utility.Hooks.ConfigFileReader(Hooks.java:69)
	at tests.utility.Hooks.initWebDrivereStore(Hooks.java:148)
</failure>
    <system-out><![CDATA[Verify state field Empty dropdown issue for International billing address : FAILED
]]></system-out>
  </testcase>
  <testcase name="runScenario" classname="tests.runners.RunTest" time="0.028">
    <failure message="Environment Variable is NOT Set" type="java.lang.AssertionError">java.lang.AssertionError: Environment Variable is NOT Set
	at org.testng.Assert.fail(Assert.java:110)
	at tests.utility.Hooks.ConfigFileReader(Hooks.java:69)
	at tests.utility.Hooks.initWebDrivereStore(Hooks.java:148)
</failure>
    <system-out><![CDATA[Verify the standard delivery charges  (Free & applicable charges) : FAILED
]]></system-out>
  </testcase>
  <testcase name="runScenario" classname="tests.runners.RunTest" time="0.036">
    <failure message="Environment Variable is NOT Set" type="java.lang.AssertionError">java.lang.AssertionError: Environment Variable is NOT Set
	at org.testng.Assert.fail(Assert.java:110)
	at tests.utility.Hooks.ConfigFileReader(Hooks.java:69)
	at tests.utility.Hooks.initWebDrivereStore(Hooks.java:148)
</failure>
    <system-out><![CDATA[Add Membership and verify order total in order estimate : FAILED
]]></system-out>
  </testcase>
  <testcase name="runScenario" classname="tests.runners.RunTest" time="0.058">
    <failure message="Environment Variable is NOT Set" type="java.lang.AssertionError">java.lang.AssertionError: Environment Variable is NOT Set
	at org.testng.Assert.fail(Assert.java:110)
	at tests.utility.Hooks.ConfigFileReader(Hooks.java:69)
	at tests.utility.Hooks.initWebDrivereStore(Hooks.java:148)
</failure>
    <system-out><![CDATA[Verify the standard delivery charges (Free & applicable charges) : FAILED
]]></system-out>
  </testcase>
  <testcase name="runScenario" classname="tests.runners.RunTest" time="0.032">
    <failure message="Environment Variable is NOT Set" type="java.lang.AssertionError">java.lang.AssertionError: Environment Variable is NOT Set
	at org.testng.Assert.fail(Assert.java:110)
	at tests.utility.Hooks.ConfigFileReader(Hooks.java:69)
	at tests.utility.Hooks.initWebDrivereStore(Hooks.java:148)
</failure>
    <system-out><![CDATA[eStore Contract Login : FAILED
]]></system-out>
  </testcase>
  <testcase name="runScenario" classname="tests.runners.RunTest" time="0.03">
    <failure message="Environment Variable is NOT Set" type="java.lang.AssertionError">java.lang.AssertionError: Environment Variable is NOT Set
	at org.testng.Assert.fail(Assert.java:110)
	at tests.utility.Hooks.ConfigFileReader(Hooks.java:69)
	at tests.utility.Hooks.initWebDrivereStore(Hooks.java:148)
</failure>
    <system-out><![CDATA[eStore Contract - Price in the cart - RH : FAILED
]]></system-out>
  </testcase>
  <testcase name="runScenario" classname="tests.runners.RunTest" time="0.03">
    <failure message="Environment Variable is NOT Set" type="java.lang.AssertionError">java.lang.AssertionError: Environment Variable is NOT Set
	at org.testng.Assert.fail(Assert.java:110)
	at tests.utility.Hooks.ConfigFileReader(Hooks.java:69)
	at tests.utility.Hooks.initWebDrivereStore(Hooks.java:148)
</failure>
    <system-out><![CDATA[eStore Contract - Price on increasing the QTY in the cart : FAILED
]]></system-out>
  </testcase>
  <testcase name="runScenario" classname="tests.runners.RunTest" time="0.035">
    <failure message="Environment Variable is NOT Set" type="java.lang.AssertionError">java.lang.AssertionError: Environment Variable is NOT Set
	at org.testng.Assert.fail(Assert.java:110)
	at tests.utility.Hooks.ConfigFileReader(Hooks.java:69)
	at tests.utility.Hooks.initWebDrivereStore(Hooks.java:148)
</failure>
    <system-out><![CDATA[eStore Contract - Validate the currency for US Zip : FAILED
]]></system-out>
  </testcase>
  <testcase name="runScenario" classname="tests.runners.RunTest" time="0.031">
    <failure message="Environment Variable is NOT Set" type="java.lang.AssertionError">java.lang.AssertionError: Environment Variable is NOT Set
	at org.testng.Assert.fail(Assert.java:110)
	at tests.utility.Hooks.ConfigFileReader(Hooks.java:69)
	at tests.utility.Hooks.initWebDrivereStore(Hooks.java:148)
</failure>
    <system-out><![CDATA[eStore Contract - Validate the currency for CAN Zip : FAILED
]]></system-out>
  </testcase>
  <testcase name="runScenario" classname="tests.runners.RunTest" time="0.032">
    <failure message="Environment Variable is NOT Set" type="java.lang.AssertionError">java.lang.AssertionError: Environment Variable is NOT Set
	at org.testng.Assert.fail(Assert.java:110)
	at tests.utility.Hooks.ConfigFileReader(Hooks.java:69)
	at tests.utility.Hooks.initWebDrivereStore(Hooks.java:148)
</failure>
    <system-out><![CDATA[eStore Contract - Validate the dropdown's are enabled : FAILED
]]></system-out>
  </testcase>
  <testcase name="runScenario" classname="tests.runners.RunTest" time="0.031">
    <failure message="Environment Variable is NOT Set" type="java.lang.AssertionError">java.lang.AssertionError: Environment Variable is NOT Set
	at org.testng.Assert.fail(Assert.java:110)
	at tests.utility.Hooks.ConfigFileReader(Hooks.java:69)
	at tests.utility.Hooks.initWebDrivereStore(Hooks.java:148)
</failure>
    <system-out><![CDATA[eStore Contract - Price in the cart - MO : FAILED
]]></system-out>
  </testcase>
  <testcase name="runScenario" classname="tests.runners.RunTest" time="0.028">
    <failure message="Environment Variable is NOT Set" type="java.lang.AssertionError">java.lang.AssertionError: Environment Variable is NOT Set
	at org.testng.Assert.fail(Assert.java:110)
	at tests.utility.Hooks.ConfigFileReader(Hooks.java:69)
	at tests.utility.Hooks.initWebDrivereStore(Hooks.java:148)
</failure>
    <system-out><![CDATA[eStore Contract - Price in the cart - B&C : FAILED
]]></system-out>
  </testcase>
  <testcase name="runScenario" classname="tests.runners.RunTest" time="0.03">
    <failure message="Environment Variable is NOT Set" type="java.lang.AssertionError">java.lang.AssertionError: Environment Variable is NOT Set
	at org.testng.Assert.fail(Assert.java:110)
	at tests.utility.Hooks.ConfigFileReader(Hooks.java:69)
	at tests.utility.Hooks.initWebDrivereStore(Hooks.java:148)
</failure>
    <system-out><![CDATA[eStore Contract - Price in the cart - TN : FAILED
]]></system-out>
  </testcase>
  <testcase name="runScenario" classname="tests.runners.RunTest" time="0.031">
    <failure message="Environment Variable is NOT Set" type="java.lang.AssertionError">java.lang.AssertionError: Environment Variable is NOT Set
	at org.testng.Assert.fail(Assert.java:110)
	at tests.utility.Hooks.ConfigFileReader(Hooks.java:69)
	at tests.utility.Hooks.initWebDrivereStore(Hooks.java:148)
</failure>
    <system-out><![CDATA[eStore Contract - Verify RHCC payment option for Contract user : FAILED
]]></system-out>
  </testcase>
  <testcase name="runScenario" classname="tests.runners.RunTest" time="0.03">
    <failure message="Environment Variable is NOT Set" type="java.lang.AssertionError">java.lang.AssertionError: Environment Variable is NOT Set
	at org.testng.Assert.fail(Assert.java:110)
	at tests.utility.Hooks.ConfigFileReader(Hooks.java:69)
	at tests.utility.Hooks.initWebDrivereStore(Hooks.java:148)
</failure>
    <system-out><![CDATA[eStore Contract - Split Payment : FAILED
]]></system-out>
  </testcase>
  <testcase name="runScenario" classname="tests.runners.RunTest" time="0.029">
    <failure message="Environment Variable is NOT Set" type="java.lang.AssertionError">java.lang.AssertionError: Environment Variable is NOT Set
	at org.testng.Assert.fail(Assert.java:110)
	at tests.utility.Hooks.ConfigFileReader(Hooks.java:69)
	at tests.utility.Hooks.initWebDrivereStore(Hooks.java:148)
</failure>
    <system-out><![CDATA[estore Contract - Full Payment : FAILED
]]></system-out>
  </testcase>
  <testcase name="runScenario" classname="tests.runners.RunTest" time="0.033">
    <failure message="Environment Variable is NOT Set" type="java.lang.AssertionError">java.lang.AssertionError: Environment Variable is NOT Set
	at org.testng.Assert.fail(Assert.java:110)
	at tests.utility.Hooks.ConfigFileReader(Hooks.java:69)
	at tests.utility.Hooks.initWebDrivereStore(Hooks.java:148)
</failure>
    <system-out><![CDATA[estore Contract - RHCC : FAILED
]]></system-out>
  </testcase>
  <testcase name="runScenario" classname="tests.runners.RunTest" time="0.031">
    <failure message="Environment Variable is NOT Set" type="java.lang.AssertionError">java.lang.AssertionError: Environment Variable is NOT Set
	at org.testng.Assert.fail(Assert.java:110)
	at tests.utility.Hooks.ConfigFileReader(Hooks.java:69)
	at tests.utility.Hooks.initWebDrivereStore(Hooks.java:148)
</failure>
    <system-out><![CDATA[estore Contract - GC/ Balance check : FAILED
]]></system-out>
  </testcase>
  <testcase name="runScenario" classname="tests.runners.RunTest" time="0.029">
    <failure message="Environment Variable is NOT Set" type="java.lang.AssertionError">java.lang.AssertionError: Environment Variable is NOT Set
	at org.testng.Assert.fail(Assert.java:110)
	at tests.utility.Hooks.ConfigFileReader(Hooks.java:69)
	at tests.utility.Hooks.initWebDrivereStore(Hooks.java:148)
</failure>
    <system-out><![CDATA[eStore Contract - Edit Payment : FAILED
]]></system-out>
  </testcase>
  <testcase name="runScenario" classname="tests.runners.RunTest" time="0.029">
    <failure message="Environment Variable is NOT Set" type="java.lang.AssertionError">java.lang.AssertionError: Environment Variable is NOT Set
	at org.testng.Assert.fail(Assert.java:110)
	at tests.utility.Hooks.ConfigFileReader(Hooks.java:69)
	at tests.utility.Hooks.initWebDrivereStore(Hooks.java:148)
</failure>
    <system-out><![CDATA[estore Contract - Checkout and place order : FAILED
]]></system-out>
  </testcase>
  <testcase name="runScenario" classname="tests.runners.RunTest" time="0.029">
    <failure message="Environment Variable is NOT Set" type="java.lang.AssertionError">java.lang.AssertionError: Environment Variable is NOT Set
	at org.testng.Assert.fail(Assert.java:110)
	at tests.utility.Hooks.ConfigFileReader(Hooks.java:69)
	at tests.utility.Hooks.initWebDrivereStore(Hooks.java:148)
</failure>
    <system-out><![CDATA[eStore Contract - Verify UFD for different zip codes : FAILED
]]></system-out>
  </testcase>
  <testcase name="runScenario" classname="tests.runners.RunTest" time="0.028">
    <failure message="Environment Variable is NOT Set" type="java.lang.AssertionError">java.lang.AssertionError: Environment Variable is NOT Set
	at org.testng.Assert.fail(Assert.java:110)
	at tests.utility.Hooks.ConfigFileReader(Hooks.java:69)
	at tests.utility.Hooks.initWebDrivereStore(Hooks.java:148)
</failure>
    <system-out><![CDATA[Change zip code  in cart to US, currency should be in US$ : FAILED
]]></system-out>
  </testcase>
  <testcase name="runScenario" classname="tests.runners.RunTest" time="0.03">
    <failure message="Environment Variable is NOT Set" type="java.lang.AssertionError">java.lang.AssertionError: Environment Variable is NOT Set
	at org.testng.Assert.fail(Assert.java:110)
	at tests.utility.Hooks.ConfigFileReader(Hooks.java:69)
	at tests.utility.Hooks.initWebDrivereStore(Hooks.java:148)
</failure>
    <system-out><![CDATA[Verify different payment types on payment page : FAILED
]]></system-out>
  </testcase>
  <testcase name="runScenario" classname="tests.runners.RunTest" time="0.061">
    <failure message="Environment Variable is NOT Set" type="java.lang.AssertionError">java.lang.AssertionError: Environment Variable is NOT Set
	at org.testng.Assert.fail(Assert.java:110)
	at tests.utility.Hooks.ConfigFileReader(Hooks.java:69)
	at tests.utility.Hooks.initWebDrivereStore(Hooks.java:148)
</failure>
    <system-out><![CDATA[Verify different payment types on payment page : FAILED
]]></system-out>
  </testcase>
  <testcase name="runScenario" classname="tests.runners.RunTest" time="0.031">
    <failure message="Environment Variable is NOT Set" type="java.lang.AssertionError">java.lang.AssertionError: Environment Variable is NOT Set
	at org.testng.Assert.fail(Assert.java:110)
	at tests.utility.Hooks.ConfigFileReader(Hooks.java:69)
	at tests.utility.Hooks.initWebDrivereStore(Hooks.java:148)
</failure>
    <system-out><![CDATA[Verify different payment types on payment page : FAILED
]]></system-out>
  </testcase>
  <testcase name="runScenario" classname="tests.runners.RunTest" time="0.03">
    <failure message="Environment Variable is NOT Set" type="java.lang.AssertionError">java.lang.AssertionError: Environment Variable is NOT Set
	at org.testng.Assert.fail(Assert.java:110)
	at tests.utility.Hooks.ConfigFileReader(Hooks.java:69)
	at tests.utility.Hooks.initWebDrivereStore(Hooks.java:148)
</failure>
    <system-out><![CDATA[Verify different payment types on payment page : FAILED
]]></system-out>
  </testcase>
  <testcase name="runScenario" classname="tests.runners.RunTest" time="0.028">
    <failure message="Environment Variable is NOT Set" type="java.lang.AssertionError">java.lang.AssertionError: Environment Variable is NOT Set
	at org.testng.Assert.fail(Assert.java:110)
	at tests.utility.Hooks.ConfigFileReader(Hooks.java:69)
	at tests.utility.Hooks.initWebDrivereStore(Hooks.java:148)
</failure>
    <system-out><![CDATA[Change zip code  in cart to CAN, currency should be in US$ : FAILED
]]></system-out>
  </testcase>
  <testcase name="runScenario" classname="tests.runners.RunTest" time="0.029">
    <failure message="Environment Variable is NOT Set" type="java.lang.AssertionError">java.lang.AssertionError: Environment Variable is NOT Set
	at org.testng.Assert.fail(Assert.java:110)
	at tests.utility.Hooks.ConfigFileReader(Hooks.java:69)
	at tests.utility.Hooks.initWebDrivereStore(Hooks.java:148)
</failure>
    <system-out><![CDATA[estore Contract - Edit address : FAILED
]]></system-out>
  </testcase>
  <testcase name="runScenario" classname="tests.runners.RunTest" time="0.03">
    <failure message="Environment Variable is NOT Set" type="java.lang.AssertionError">java.lang.AssertionError: Environment Variable is NOT Set
	at org.testng.Assert.fail(Assert.java:110)
	at tests.utility.Hooks.ConfigFileReader(Hooks.java:69)
	at tests.utility.Hooks.initWebDrivereStore(Hooks.java:148)
</failure>
    <system-out><![CDATA[eStore Contract - Major CC : FAILED
]]></system-out>
  </testcase>
  <testcase name="runScenario" classname="tests.runners.RunTest" time="0.032">
    <failure message="Environment Variable is NOT Set" type="java.lang.AssertionError">java.lang.AssertionError: Environment Variable is NOT Set
	at org.testng.Assert.fail(Assert.java:110)
	at tests.utility.Hooks.ConfigFileReader(Hooks.java:69)
	at tests.utility.Hooks.initWebDrivereStore(Hooks.java:148)
</failure>
    <system-out><![CDATA[eStore Contract - Major CC : FAILED
]]></system-out>
  </testcase>
  <testcase name="runScenario" classname="tests.runners.RunTest" time="0.03">
    <failure message="Environment Variable is NOT Set" type="java.lang.AssertionError">java.lang.AssertionError: Environment Variable is NOT Set
	at org.testng.Assert.fail(Assert.java:110)
	at tests.utility.Hooks.ConfigFileReader(Hooks.java:69)
	at tests.utility.Hooks.initWebDrivereStore(Hooks.java:148)
</failure>
    <system-out><![CDATA[eStore Contract - Major CC : FAILED
]]></system-out>
  </testcase>
  <testcase name="runScenario" classname="tests.runners.RunTest" time="0.028">
    <failure message="Environment Variable is NOT Set" type="java.lang.AssertionError">java.lang.AssertionError: Environment Variable is NOT Set
	at org.testng.Assert.fail(Assert.java:110)
	at tests.utility.Hooks.ConfigFileReader(Hooks.java:69)
	at tests.utility.Hooks.initWebDrivereStore(Hooks.java:148)
</failure>
    <system-out><![CDATA[eStore Contract - Major CC : FAILED
]]></system-out>
  </testcase>
  <testcase name="runScenario" classname="tests.runners.RunTest" time="0.029">
    <failure message="Environment Variable is NOT Set" type="java.lang.AssertionError">java.lang.AssertionError: Environment Variable is NOT Set
	at org.testng.Assert.fail(Assert.java:110)
	at tests.utility.Hooks.ConfigFileReader(Hooks.java:69)
	at tests.utility.Hooks.initWebDrivereStore(Hooks.java:148)
</failure>
    <system-out><![CDATA[eStore Contract - Validate the currency for US Zip in cart : FAILED
]]></system-out>
  </testcase>
  <testcase name="runScenario" classname="tests.runners.RunTest" time="0.031">
    <failure message="Environment Variable is NOT Set" type="java.lang.AssertionError">java.lang.AssertionError: Environment Variable is NOT Set
	at org.testng.Assert.fail(Assert.java:110)
	at tests.utility.Hooks.ConfigFileReader(Hooks.java:69)
	at tests.utility.Hooks.initWebDrivereStore(Hooks.java:148)
</failure>
    <system-out><![CDATA[eStore Trade Login : FAILED
]]></system-out>
  </testcase>
  <testcase name="runScenario" classname="tests.runners.RunTest" time="0.029">
    <failure message="Environment Variable is NOT Set" type="java.lang.AssertionError">java.lang.AssertionError: Environment Variable is NOT Set
	at org.testng.Assert.fail(Assert.java:110)
	at tests.utility.Hooks.ConfigFileReader(Hooks.java:69)
	at tests.utility.Hooks.initWebDrivereStore(Hooks.java:148)
</failure>
    <system-out><![CDATA[eStore Trade - Price in the cart - RH : FAILED
]]></system-out>
  </testcase>
  <testcase name="runScenario" classname="tests.runners.RunTest" time="0.029">
    <failure message="Environment Variable is NOT Set" type="java.lang.AssertionError">java.lang.AssertionError: Environment Variable is NOT Set
	at org.testng.Assert.fail(Assert.java:110)
	at tests.utility.Hooks.ConfigFileReader(Hooks.java:69)
	at tests.utility.Hooks.initWebDrivereStore(Hooks.java:148)
</failure>
    <system-out><![CDATA[eStore Trade - Price on increasing the QTY in the cart : FAILED
]]></system-out>
  </testcase>
  <testcase name="runScenario" classname="tests.runners.RunTest" time="0.031">
    <failure message="Environment Variable is NOT Set" type="java.lang.AssertionError">java.lang.AssertionError: Environment Variable is NOT Set
	at org.testng.Assert.fail(Assert.java:110)
	at tests.utility.Hooks.ConfigFileReader(Hooks.java:69)
	at tests.utility.Hooks.initWebDrivereStore(Hooks.java:148)
</failure>
    <system-out><![CDATA[eStore Trade - Validate the currency for US Zip : FAILED
]]></system-out>
  </testcase>
  <testcase name="runScenario" classname="tests.runners.RunTest" time="0.033">
    <failure message="Environment Variable is NOT Set" type="java.lang.AssertionError">java.lang.AssertionError: Environment Variable is NOT Set
	at org.testng.Assert.fail(Assert.java:110)
	at tests.utility.Hooks.ConfigFileReader(Hooks.java:69)
	at tests.utility.Hooks.initWebDrivereStore(Hooks.java:148)
</failure>
    <system-out><![CDATA[eStore Trade - Validate the currency for CAN Zip : FAILED
]]></system-out>
  </testcase>
  <testcase name="runScenario" classname="tests.runners.RunTest" time="0.029">
    <failure message="Environment Variable is NOT Set" type="java.lang.AssertionError">java.lang.AssertionError: Environment Variable is NOT Set
	at org.testng.Assert.fail(Assert.java:110)
	at tests.utility.Hooks.ConfigFileReader(Hooks.java:69)
	at tests.utility.Hooks.initWebDrivereStore(Hooks.java:148)
</failure>
    <system-out><![CDATA[eStore Trade - Validate the dropdown's are enabled : FAILED
]]></system-out>
  </testcase>
  <testcase name="runScenario" classname="tests.runners.RunTest" time="0.034">
    <failure message="Environment Variable is NOT Set" type="java.lang.AssertionError">java.lang.AssertionError: Environment Variable is NOT Set
	at org.testng.Assert.fail(Assert.java:110)
	at tests.utility.Hooks.ConfigFileReader(Hooks.java:69)
	at tests.utility.Hooks.initWebDrivereStore(Hooks.java:148)
</failure>
    <system-out><![CDATA[eStore Trade - Split Payment : FAILED
]]></system-out>
  </testcase>
  <testcase name="runScenario" classname="tests.runners.RunTest" time="0.03">
    <failure message="Environment Variable is NOT Set" type="java.lang.AssertionError">java.lang.AssertionError: Environment Variable is NOT Set
	at org.testng.Assert.fail(Assert.java:110)
	at tests.utility.Hooks.ConfigFileReader(Hooks.java:69)
	at tests.utility.Hooks.initWebDrivereStore(Hooks.java:148)
</failure>
    <system-out><![CDATA[estore Trade - Full Payment : FAILED
]]></system-out>
  </testcase>
  <testcase name="runScenario" classname="tests.runners.RunTest" time="0.029">
    <failure message="Environment Variable is NOT Set" type="java.lang.AssertionError">java.lang.AssertionError: Environment Variable is NOT Set
	at org.testng.Assert.fail(Assert.java:110)
	at tests.utility.Hooks.ConfigFileReader(Hooks.java:69)
	at tests.utility.Hooks.initWebDrivereStore(Hooks.java:148)
</failure>
    <system-out><![CDATA[estore Trade - RHCC : FAILED
]]></system-out>
  </testcase>
  <testcase name="runScenario" classname="tests.runners.RunTest" time="0.03">
    <failure message="Environment Variable is NOT Set" type="java.lang.AssertionError">java.lang.AssertionError: Environment Variable is NOT Set
	at org.testng.Assert.fail(Assert.java:110)
	at tests.utility.Hooks.ConfigFileReader(Hooks.java:69)
	at tests.utility.Hooks.initWebDrivereStore(Hooks.java:148)
</failure>
    <system-out><![CDATA[estore Trade - GC/ Balance check : FAILED
]]></system-out>
  </testcase>
  <testcase name="runScenario" classname="tests.runners.RunTest" time="0.033">
    <failure message="Environment Variable is NOT Set" type="java.lang.AssertionError">java.lang.AssertionError: Environment Variable is NOT Set
	at org.testng.Assert.fail(Assert.java:110)
	at tests.utility.Hooks.ConfigFileReader(Hooks.java:69)
	at tests.utility.Hooks.initWebDrivereStore(Hooks.java:148)
</failure>
    <system-out><![CDATA[eStore Trade - Edit Payment : FAILED
]]></system-out>
  </testcase>
  <testcase name="runScenario" classname="tests.runners.RunTest" time="0.065">
    <failure message="Environment Variable is NOT Set" type="java.lang.AssertionError">java.lang.AssertionError: Environment Variable is NOT Set
	at org.testng.Assert.fail(Assert.java:110)
	at tests.utility.Hooks.ConfigFileReader(Hooks.java:69)
	at tests.utility.Hooks.initWebDrivereStore(Hooks.java:148)
</failure>
    <system-out><![CDATA[estore Trade - Major CC : FAILED
]]></system-out>
  </testcase>
  <testcase name="runScenario" classname="tests.runners.RunTest" time="0.037">
    <failure message="Environment Variable is NOT Set" type="java.lang.AssertionError">java.lang.AssertionError: Environment Variable is NOT Set
	at org.testng.Assert.fail(Assert.java:110)
	at tests.utility.Hooks.ConfigFileReader(Hooks.java:69)
	at tests.utility.Hooks.initWebDrivereStore(Hooks.java:148)
</failure>
    <system-out><![CDATA[estore Trade - Major CC : FAILED
]]></system-out>
  </testcase>
  <testcase name="runScenario" classname="tests.runners.RunTest" time="0.04">
    <failure message="Environment Variable is NOT Set" type="java.lang.AssertionError">java.lang.AssertionError: Environment Variable is NOT Set
	at org.testng.Assert.fail(Assert.java:110)
	at tests.utility.Hooks.ConfigFileReader(Hooks.java:69)
	at tests.utility.Hooks.initWebDrivereStore(Hooks.java:148)
</failure>
    <system-out><![CDATA[estore Trade - Major CC : FAILED
]]></system-out>
  </testcase>
  <testcase name="runScenario" classname="tests.runners.RunTest" time="0.048">
    <failure message="Environment Variable is NOT Set" type="java.lang.AssertionError">java.lang.AssertionError: Environment Variable is NOT Set
	at org.testng.Assert.fail(Assert.java:110)
	at tests.utility.Hooks.ConfigFileReader(Hooks.java:69)
	at tests.utility.Hooks.initWebDrivereStore(Hooks.java:148)
</failure>
    <system-out><![CDATA[estore Trade - Major CC : FAILED
]]></system-out>
  </testcase>
  <testcase name="runScenario" classname="tests.runners.RunTest" time="0.047">
    <failure message="Environment Variable is NOT Set" type="java.lang.AssertionError">java.lang.AssertionError: Environment Variable is NOT Set
	at org.testng.Assert.fail(Assert.java:110)
	at tests.utility.Hooks.ConfigFileReader(Hooks.java:69)
	at tests.utility.Hooks.initWebDrivereStore(Hooks.java:148)
</failure>
    <system-out><![CDATA[estore Trade - Checkout and place order : FAILED
]]></system-out>
  </testcase>
  <testcase name="runScenario" classname="tests.runners.RunTest" time="0.041">
    <failure message="Environment Variable is NOT Set" type="java.lang.AssertionError">java.lang.AssertionError: Environment Variable is NOT Set
	at org.testng.Assert.fail(Assert.java:110)
	at tests.utility.Hooks.ConfigFileReader(Hooks.java:69)
	at tests.utility.Hooks.initWebDrivereStore(Hooks.java:148)
</failure>
    <system-out><![CDATA[eStore Trade - Verify UFD for different zip codes : FAILED
]]></system-out>
  </testcase>
  <testcase name="runScenario" classname="tests.runners.RunTest" time="0.038">
    <failure message="Environment Variable is NOT Set" type="java.lang.AssertionError">java.lang.AssertionError: Environment Variable is NOT Set
	at org.testng.Assert.fail(Assert.java:110)
	at tests.utility.Hooks.ConfigFileReader(Hooks.java:69)
	at tests.utility.Hooks.initWebDrivereStore(Hooks.java:148)
</failure>
    <system-out><![CDATA[Change zip code in cart to US, currency should be in US$ : FAILED
]]></system-out>
  </testcase>
  <testcase name="runScenario" classname="tests.runners.RunTest" time="0.044">
    <failure message="Environment Variable is NOT Set" type="java.lang.AssertionError">java.lang.AssertionError: Environment Variable is NOT Set
	at org.testng.Assert.fail(Assert.java:110)
	at tests.utility.Hooks.ConfigFileReader(Hooks.java:69)
	at tests.utility.Hooks.initWebDrivereStore(Hooks.java:148)
</failure>
    <system-out><![CDATA[Change zip code in cart to CAN, currency should be in US$ : FAILED
]]></system-out>
  </testcase>
  <testcase name="runScenario" classname="tests.runners.RunTest" time="0.042">
    <failure message="Environment Variable is NOT Set" type="java.lang.AssertionError">java.lang.AssertionError: Environment Variable is NOT Set
	at org.testng.Assert.fail(Assert.java:110)
	at tests.utility.Hooks.ConfigFileReader(Hooks.java:69)
	at tests.utility.Hooks.initWebDrivereStore(Hooks.java:148)
</failure>
    <system-out><![CDATA[estore Trade - Edit address : FAILED
]]></system-out>
  </testcase>
  <testcase name="runScenario" classname="tests.runners.RunTest" time="0.042">
    <failure message="Environment Variable is NOT Set" type="java.lang.AssertionError">java.lang.AssertionError: Environment Variable is NOT Set
	at org.testng.Assert.fail(Assert.java:110)
	at tests.utility.Hooks.ConfigFileReader(Hooks.java:69)
	at tests.utility.Hooks.initWebDrivereStore(Hooks.java:148)
</failure>
    <system-out><![CDATA[eStore Trade - Price in the cart - MO : FAILED
]]></system-out>
  </testcase>
  <testcase name="runScenario" classname="tests.runners.RunTest" time="0.048">
    <failure message="Environment Variable is NOT Set" type="java.lang.AssertionError">java.lang.AssertionError: Environment Variable is NOT Set
	at org.testng.Assert.fail(Assert.java:110)
	at tests.utility.Hooks.ConfigFileReader(Hooks.java:69)
	at tests.utility.Hooks.initWebDrivereStore(Hooks.java:148)
</failure>
    <system-out><![CDATA[eStore Trade - Price in the cart - B&C : FAILED
]]></system-out>
  </testcase>
  <testcase name="runScenario" classname="tests.runners.RunTest" time="0.037">
    <failure message="Environment Variable is NOT Set" type="java.lang.AssertionError">java.lang.AssertionError: Environment Variable is NOT Set
	at org.testng.Assert.fail(Assert.java:110)
	at tests.utility.Hooks.ConfigFileReader(Hooks.java:69)
	at tests.utility.Hooks.initWebDrivereStore(Hooks.java:148)
</failure>
    <system-out><![CDATA[eStore Trade - Price in the cart - TN : FAILED
]]></system-out>
  </testcase>
  <testcase name="runScenario" classname="tests.runners.RunTest" time="0.032">
    <failure message="Environment Variable is NOT Set" type="java.lang.AssertionError">java.lang.AssertionError: Environment Variable is NOT Set
	at org.testng.Assert.fail(Assert.java:110)
	at tests.utility.Hooks.ConfigFileReader(Hooks.java:69)
	at tests.utility.Hooks.initWebDrivereStore(Hooks.java:148)
</failure>
    <system-out><![CDATA[Verify that user is able to buy item for estore : FAILED
]]></system-out>
  </testcase>
  <testcase name="runScenario" classname="tests.runners.RunTest" time="0.034">
    <failure message="Environment Variable is NOT Set" type="java.lang.AssertionError">java.lang.AssertionError: Environment Variable is NOT Set
	at org.testng.Assert.fail(Assert.java:110)
	at tests.utility.Hooks.ConfigFileReader(Hooks.java:69)
	at tests.utility.Hooks.initWebDrivereStore(Hooks.java:148)
</failure>
    <system-out><![CDATA[Verify footer resources section links : FAILED
]]></system-out>
  </testcase>
  <testcase name="runScenario" classname="tests.runners.RunTest" time="0.035">
    <failure message="Environment Variable is NOT Set" type="java.lang.AssertionError">java.lang.AssertionError: Environment Variable is NOT Set
	at org.testng.Assert.fail(Assert.java:110)
	at tests.utility.Hooks.ConfigFileReader(Hooks.java:69)
	at tests.utility.Hooks.initWebDrivereStore(Hooks.java:148)
</failure>
    <system-out><![CDATA[Verify footer resources section links : FAILED
]]></system-out>
  </testcase>
  <testcase name="runScenario" classname="tests.runners.RunTest" time="0.034">
    <failure message="Environment Variable is NOT Set" type="java.lang.AssertionError">java.lang.AssertionError: Environment Variable is NOT Set
	at org.testng.Assert.fail(Assert.java:110)
	at tests.utility.Hooks.ConfigFileReader(Hooks.java:69)
	at tests.utility.Hooks.initWebDrivereStore(Hooks.java:148)
</failure>
    <system-out><![CDATA[Verify footer resources section links : FAILED
]]></system-out>
  </testcase>
  <testcase name="runScenario" classname="tests.runners.RunTest" time="0.03">
    <failure message="Environment Variable is NOT Set" type="java.lang.AssertionError">java.lang.AssertionError: Environment Variable is NOT Set
	at org.testng.Assert.fail(Assert.java:110)
	at tests.utility.Hooks.ConfigFileReader(Hooks.java:69)
	at tests.utility.Hooks.initWebDrivereStore(Hooks.java:148)
</failure>
    <system-out><![CDATA[Verify footer resources section links : FAILED
]]></system-out>
  </testcase>
  <testcase name="runScenario" classname="tests.runners.RunTest" time="0.031">
    <failure message="Environment Variable is NOT Set" type="java.lang.AssertionError">java.lang.AssertionError: Environment Variable is NOT Set
	at org.testng.Assert.fail(Assert.java:110)
	at tests.utility.Hooks.ConfigFileReader(Hooks.java:69)
	at tests.utility.Hooks.initWebDrivereStore(Hooks.java:148)
</failure>
    <system-out><![CDATA[Verify footer resources section links : FAILED
]]></system-out>
  </testcase>
  <testcase name="runScenario" classname="tests.runners.RunTest" time="0.032">
    <failure message="Environment Variable is NOT Set" type="java.lang.AssertionError">java.lang.AssertionError: Environment Variable is NOT Set
	at org.testng.Assert.fail(Assert.java:110)
	at tests.utility.Hooks.ConfigFileReader(Hooks.java:69)
	at tests.utility.Hooks.initWebDrivereStore(Hooks.java:148)
</failure>
    <system-out><![CDATA[Verify footer resources section links : FAILED
]]></system-out>
  </testcase>
  <testcase name="runScenario" classname="tests.runners.RunTest" time="0.06">
    <failure message="Environment Variable is NOT Set" type="java.lang.AssertionError">java.lang.AssertionError: Environment Variable is NOT Set
	at org.testng.Assert.fail(Assert.java:110)
	at tests.utility.Hooks.ConfigFileReader(Hooks.java:69)
	at tests.utility.Hooks.initWebDrivereStore(Hooks.java:148)
</failure>
    <system-out><![CDATA[Verify footer resources section links : FAILED
]]></system-out>
  </testcase>
  <testcase name="runScenario" classname="tests.runners.RunTest" time="0.032">
    <failure message="Environment Variable is NOT Set" type="java.lang.AssertionError">java.lang.AssertionError: Environment Variable is NOT Set
	at org.testng.Assert.fail(Assert.java:110)
	at tests.utility.Hooks.ConfigFileReader(Hooks.java:69)
	at tests.utility.Hooks.initWebDrivereStore(Hooks.java:148)
</failure>
    <system-out><![CDATA[Verify footer resources section links : FAILED
]]></system-out>
  </testcase>
  <testcase name="runScenario" classname="tests.runners.RunTest" time="0.032">
    <failure message="Environment Variable is NOT Set" type="java.lang.AssertionError">java.lang.AssertionError: Environment Variable is NOT Set
	at org.testng.Assert.fail(Assert.java:110)
	at tests.utility.Hooks.ConfigFileReader(Hooks.java:69)
	at tests.utility.Hooks.initWebDrivereStore(Hooks.java:148)
</failure>
    <system-out><![CDATA[Verify footer customer experience links : FAILED
]]></system-out>
  </testcase>
  <testcase name="runScenario" classname="tests.runners.RunTest" time="0.03">
    <failure message="Environment Variable is NOT Set" type="java.lang.AssertionError">java.lang.AssertionError: Environment Variable is NOT Set
	at org.testng.Assert.fail(Assert.java:110)
	at tests.utility.Hooks.ConfigFileReader(Hooks.java:69)
	at tests.utility.Hooks.initWebDrivereStore(Hooks.java:148)
</failure>
    <system-out><![CDATA[Verify footer customer experience links : FAILED
]]></system-out>
  </testcase>
  <testcase name="runScenario" classname="tests.runners.RunTest" time="0.03">
    <failure message="Environment Variable is NOT Set" type="java.lang.AssertionError">java.lang.AssertionError: Environment Variable is NOT Set
	at org.testng.Assert.fail(Assert.java:110)
	at tests.utility.Hooks.ConfigFileReader(Hooks.java:69)
	at tests.utility.Hooks.initWebDrivereStore(Hooks.java:148)
</failure>
    <system-out><![CDATA[Verify footer customer experience links : FAILED
]]></system-out>
  </testcase>
  <testcase name="runScenario" classname="tests.runners.RunTest" time="0.032">
    <failure message="Environment Variable is NOT Set" type="java.lang.AssertionError">java.lang.AssertionError: Environment Variable is NOT Set
	at org.testng.Assert.fail(Assert.java:110)
	at tests.utility.Hooks.ConfigFileReader(Hooks.java:69)
	at tests.utility.Hooks.initWebDrivereStore(Hooks.java:148)
</failure>
    <system-out><![CDATA[Verify footer customer experience links : FAILED
]]></system-out>
  </testcase>
  <testcase name="runScenario" classname="tests.runners.RunTest" time="0.031">
    <failure message="Environment Variable is NOT Set" type="java.lang.AssertionError">java.lang.AssertionError: Environment Variable is NOT Set
	at org.testng.Assert.fail(Assert.java:110)
	at tests.utility.Hooks.ConfigFileReader(Hooks.java:69)
	at tests.utility.Hooks.initWebDrivereStore(Hooks.java:148)
</failure>
    <system-out><![CDATA[Verify footer customer experience links : FAILED
]]></system-out>
  </testcase>
  <testcase name="runScenario" classname="tests.runners.RunTest" time="0.032">
    <failure message="Environment Variable is NOT Set" type="java.lang.AssertionError">java.lang.AssertionError: Environment Variable is NOT Set
	at org.testng.Assert.fail(Assert.java:110)
	at tests.utility.Hooks.ConfigFileReader(Hooks.java:69)
	at tests.utility.Hooks.initWebDrivereStore(Hooks.java:148)
</failure>
    <system-out><![CDATA[Verify footer customer experience links : FAILED
]]></system-out>
  </testcase>
  <testcase name="runScenario" classname="tests.runners.RunTest" time="0.032">
    <failure message="Environment Variable is NOT Set" type="java.lang.AssertionError">java.lang.AssertionError: Environment Variable is NOT Set
	at org.testng.Assert.fail(Assert.java:110)
	at tests.utility.Hooks.ConfigFileReader(Hooks.java:69)
	at tests.utility.Hooks.initWebDrivereStore(Hooks.java:148)
</failure>
    <system-out><![CDATA[Verify footer customer experience links : FAILED
]]></system-out>
  </testcase>
  <testcase name="runScenario" classname="tests.runners.RunTest" time="0.069">
    <failure message="Environment Variable is NOT Set" type="java.lang.AssertionError">java.lang.AssertionError: Environment Variable is NOT Set
	at org.testng.Assert.fail(Assert.java:110)
	at tests.utility.Hooks.ConfigFileReader(Hooks.java:69)
	at tests.utility.Hooks.initWebDrivereStore(Hooks.java:148)
</failure>
    <system-out><![CDATA[Verify our company : FAILED
]]></system-out>
  </testcase>
  <testcase name="runScenario" classname="tests.runners.RunTest" time="0.034">
    <failure message="Environment Variable is NOT Set" type="java.lang.AssertionError">java.lang.AssertionError: Environment Variable is NOT Set
	at org.testng.Assert.fail(Assert.java:110)
	at tests.utility.Hooks.ConfigFileReader(Hooks.java:69)
	at tests.utility.Hooks.initWebDrivereStore(Hooks.java:148)
</failure>
    <system-out><![CDATA[Verify our company : FAILED
]]></system-out>
  </testcase>
  <testcase name="runScenario" classname="tests.runners.RunTest" time="0.034">
    <failure message="Environment Variable is NOT Set" type="java.lang.AssertionError">java.lang.AssertionError: Environment Variable is NOT Set
	at org.testng.Assert.fail(Assert.java:110)
	at tests.utility.Hooks.ConfigFileReader(Hooks.java:69)
	at tests.utility.Hooks.initWebDrivereStore(Hooks.java:148)
</failure>
    <system-out><![CDATA[Verify our company : FAILED
]]></system-out>
  </testcase>
  <testcase name="runScenario" classname="tests.runners.RunTest" time="0.032">
    <failure message="Environment Variable is NOT Set" type="java.lang.AssertionError">java.lang.AssertionError: Environment Variable is NOT Set
	at org.testng.Assert.fail(Assert.java:110)
	at tests.utility.Hooks.ConfigFileReader(Hooks.java:69)
	at tests.utility.Hooks.initWebDrivereStore(Hooks.java:148)
</failure>
    <system-out><![CDATA[Verify our company : FAILED
]]></system-out>
  </testcase>
  <testcase name="runScenario" classname="tests.runners.RunTest" time="0.033">
    <failure message="Environment Variable is NOT Set" type="java.lang.AssertionError">java.lang.AssertionError: Environment Variable is NOT Set
	at org.testng.Assert.fail(Assert.java:110)
	at tests.utility.Hooks.ConfigFileReader(Hooks.java:69)
	at tests.utility.Hooks.initWebDrivereStore(Hooks.java:148)
</failure>
    <system-out><![CDATA[Verify our company : FAILED
]]></system-out>
  </testcase>
  <testcase name="runScenario" classname="tests.runners.RunTest" time="0.033">
    <failure message="Environment Variable is NOT Set" type="java.lang.AssertionError">java.lang.AssertionError: Environment Variable is NOT Set
	at org.testng.Assert.fail(Assert.java:110)
	at tests.utility.Hooks.ConfigFileReader(Hooks.java:69)
	at tests.utility.Hooks.initWebDrivereStore(Hooks.java:148)
</failure>
    <system-out><![CDATA[Verify legal links : FAILED
]]></system-out>
  </testcase>
  <testcase name="runScenario" classname="tests.runners.RunTest" time="0.032">
    <failure message="Environment Variable is NOT Set" type="java.lang.AssertionError">java.lang.AssertionError: Environment Variable is NOT Set
	at org.testng.Assert.fail(Assert.java:110)
	at tests.utility.Hooks.ConfigFileReader(Hooks.java:69)
	at tests.utility.Hooks.initWebDrivereStore(Hooks.java:148)
</failure>
    <system-out><![CDATA[Verify legal links : FAILED
]]></system-out>
  </testcase>
  <testcase name="runScenario" classname="tests.runners.RunTest" time="0.033">
    <failure message="Environment Variable is NOT Set" type="java.lang.AssertionError">java.lang.AssertionError: Environment Variable is NOT Set
	at org.testng.Assert.fail(Assert.java:110)
	at tests.utility.Hooks.ConfigFileReader(Hooks.java:69)
	at tests.utility.Hooks.initWebDrivereStore(Hooks.java:148)
</failure>
    <system-out><![CDATA[Verify dinning room page : FAILED
]]></system-out>
  </testcase>
  <testcase name="runScenario" classname="tests.runners.RunTest" time="0.034">
    <failure message="Environment Variable is NOT Set" type="java.lang.AssertionError">java.lang.AssertionError: Environment Variable is NOT Set
	at org.testng.Assert.fail(Assert.java:110)
	at tests.utility.Hooks.ConfigFileReader(Hooks.java:69)
	at tests.utility.Hooks.initWebDrivereStore(Hooks.java:148)
</failure>
    <system-out><![CDATA[Verify Champagne Caviar bar page : FAILED
]]></system-out>
  </testcase>
  <testcase name="runScenario" classname="tests.runners.RunTest" time="0.032">
    <failure message="Environment Variable is NOT Set" type="java.lang.AssertionError">java.lang.AssertionError: Environment Variable is NOT Set
	at org.testng.Assert.fail(Assert.java:110)
	at tests.utility.Hooks.ConfigFileReader(Hooks.java:69)
	at tests.utility.Hooks.initWebDrivereStore(Hooks.java:148)
</failure>
    <system-out><![CDATA[Verify Guest rooms Suites page : FAILED
]]></system-out>
  </testcase>
  <testcase name="runScenario" classname="tests.runners.RunTest" time="0.03">
    <failure message="Environment Variable is NOT Set" type="java.lang.AssertionError">java.lang.AssertionError: Environment Variable is NOT Set
	at org.testng.Assert.fail(Assert.java:110)
	at tests.utility.Hooks.ConfigFileReader(Hooks.java:69)
	at tests.utility.Hooks.initWebDrivereStore(Hooks.java:148)
</failure>
    <system-out><![CDATA[Verify Rooftop pool page : FAILED
]]></system-out>
  </testcase>
  <testcase name="runScenario" classname="tests.runners.RunTest" time="0.035">
    <failure message="Environment Variable is NOT Set" type="java.lang.AssertionError">java.lang.AssertionError: Environment Variable is NOT Set
	at org.testng.Assert.fail(Assert.java:110)
	at tests.utility.Hooks.ConfigFileReader(Hooks.java:69)
	at tests.utility.Hooks.initWebDrivereStore(Hooks.java:148)
</failure>
    <system-out><![CDATA[Verify search functionality : FAILED
]]></system-out>
  </testcase>
  <testcase name="runScenario" classname="tests.runners.RunTest" time="0.037">
    <failure message="Environment Variable is NOT Set" type="java.lang.AssertionError">java.lang.AssertionError: Environment Variable is NOT Set
	at org.testng.Assert.fail(Assert.java:110)
	at tests.utility.Hooks.ConfigFileReader(Hooks.java:69)
	at tests.utility.Hooks.initWebDrivereStore(Hooks.java:148)
</failure>
    <system-out><![CDATA[Verify search functionality : FAILED
]]></system-out>
  </testcase>
  <testcase name="runScenario" classname="tests.runners.RunTest" time="0.031">
    <failure message="Environment Variable is NOT Set" type="java.lang.AssertionError">java.lang.AssertionError: Environment Variable is NOT Set
	at org.testng.Assert.fail(Assert.java:110)
	at tests.utility.Hooks.ConfigFileReader(Hooks.java:69)
	at tests.utility.Hooks.initWebDrivereStore(Hooks.java:148)
</failure>
    <system-out><![CDATA[Verify search functionality : FAILED
]]></system-out>
  </testcase>
  <testcase name="runScenario" classname="tests.runners.RunTest" time="0.029">
    <failure message="Environment Variable is NOT Set" type="java.lang.AssertionError">java.lang.AssertionError: Environment Variable is NOT Set
	at org.testng.Assert.fail(Assert.java:110)
	at tests.utility.Hooks.ConfigFileReader(Hooks.java:69)
	at tests.utility.Hooks.initWebDrivereStore(Hooks.java:148)
</failure>
    <system-out><![CDATA[Verify RH Brand Dropdown : FAILED
]]></system-out>
  </testcase>
  <testcase name="runScenario" classname="tests.runners.RunTest" time="0.029">
    <failure message="Environment Variable is NOT Set" type="java.lang.AssertionError">java.lang.AssertionError: Environment Variable is NOT Set
	at org.testng.Assert.fail(Assert.java:110)
	at tests.utility.Hooks.ConfigFileReader(Hooks.java:69)
	at tests.utility.Hooks.initWebDrivereStore(Hooks.java:148)
</failure>
    <system-out><![CDATA[Verify categories : FAILED
]]></system-out>
  </testcase>
  <testcase name="runScenario" classname="tests.runners.RunTest" time="0.029">
    <failure message="Environment Variable is NOT Set" type="java.lang.AssertionError">java.lang.AssertionError: Environment Variable is NOT Set
	at org.testng.Assert.fail(Assert.java:110)
	at tests.utility.Hooks.ConfigFileReader(Hooks.java:69)
	at tests.utility.Hooks.initWebDrivereStore(Hooks.java:148)
</failure>
    <system-out><![CDATA[Verify Hamburger menu : FAILED
]]></system-out>
  </testcase>
  <testcase name="runScenario" classname="tests.runners.RunTest" time="0.03">
    <failure message="Environment Variable is NOT Set" type="java.lang.AssertionError">java.lang.AssertionError: Environment Variable is NOT Set
	at org.testng.Assert.fail(Assert.java:110)
	at tests.utility.Hooks.ConfigFileReader(Hooks.java:69)
	at tests.utility.Hooks.initWebDrivereStore(Hooks.java:148)
</failure>
    <system-out><![CDATA[Verify CTA functionality : FAILED
]]></system-out>
  </testcase>
  <testcase name="runScenario" classname="tests.runners.RunTest" time="0.032">
    <failure message="Environment Variable is NOT Set" type="java.lang.AssertionError">java.lang.AssertionError: Environment Variable is NOT Set
	at org.testng.Assert.fail(Assert.java:110)
	at tests.utility.Hooks.ConfigFileReader(Hooks.java:69)
	at tests.utility.Hooks.initWebDrivereStore(Hooks.java:148)
</failure>
    <system-out><![CDATA[eStore Membership : FAILED
]]></system-out>
  </testcase>
  <testcase name="runScenario" classname="tests.runners.RunTest" time="0.033">
    <failure message="Environment Variable is NOT Set" type="java.lang.AssertionError">java.lang.AssertionError: Environment Variable is NOT Set
	at org.testng.Assert.fail(Assert.java:110)
	at tests.utility.Hooks.ConfigFileReader(Hooks.java:69)
	at tests.utility.Hooks.initWebDrivereStore(Hooks.java:148)
</failure>
    <system-out><![CDATA[eStore Membership renewal details : FAILED
]]></system-out>
  </testcase>
  <testcase name="runScenario" classname="tests.runners.RunTest" time="0.034">
    <failure message="Environment Variable is NOT Set" type="java.lang.AssertionError">java.lang.AssertionError: Environment Variable is NOT Set
	at org.testng.Assert.fail(Assert.java:110)
	at tests.utility.Hooks.ConfigFileReader(Hooks.java:69)
	at tests.utility.Hooks.initWebDrivereStore(Hooks.java:148)
</failure>
    <system-out><![CDATA[eStore Membership Add to Cart button : FAILED
]]></system-out>
  </testcase>
  <testcase name="runScenario" classname="tests.runners.RunTest" time="0.029">
    <failure message="Environment Variable is NOT Set" type="java.lang.AssertionError">java.lang.AssertionError: Environment Variable is NOT Set
	at org.testng.Assert.fail(Assert.java:110)
	at tests.utility.Hooks.ConfigFileReader(Hooks.java:69)
	at tests.utility.Hooks.initWebDrivereStore(Hooks.java:148)
</failure>
    <system-out><![CDATA[eStore Link to Membership : FAILED
]]></system-out>
  </testcase>
  <testcase name="runScenario" classname="tests.runners.RunTest" time="0.031">
    <failure message="Environment Variable is NOT Set" type="java.lang.AssertionError">java.lang.AssertionError: Environment Variable is NOT Set
	at org.testng.Assert.fail(Assert.java:110)
	at tests.utility.Hooks.ConfigFileReader(Hooks.java:69)
	at tests.utility.Hooks.initWebDrivereStore(Hooks.java:148)
</failure>
    <system-out><![CDATA[eStore Membership details - Member User : FAILED
]]></system-out>
  </testcase>
  <testcase name="runScenario" classname="tests.runners.RunTest" time="0.032">
    <failure message="Environment Variable is NOT Set" type="java.lang.AssertionError">java.lang.AssertionError: Environment Variable is NOT Set
	at org.testng.Assert.fail(Assert.java:110)
	at tests.utility.Hooks.ConfigFileReader(Hooks.java:69)
	at tests.utility.Hooks.initWebDrivereStore(Hooks.java:148)
</failure>
    <system-out><![CDATA[eStore Cancel Membership : FAILED
]]></system-out>
  </testcase>
  <testcase name="runScenario" classname="tests.runners.RunTest" time="0.029">
    <failure message="Environment Variable is NOT Set" type="java.lang.AssertionError">java.lang.AssertionError: Environment Variable is NOT Set
	at org.testng.Assert.fail(Assert.java:110)
	at tests.utility.Hooks.ConfigFileReader(Hooks.java:69)
	at tests.utility.Hooks.initWebDrivereStore(Hooks.java:148)
</failure>
    <system-out><![CDATA[Verify the membership Terms and Conditions Link : FAILED
]]></system-out>
  </testcase>
  <testcase name="runScenario" classname="tests.runners.RunTest" time="0.033">
    <failure message="Environment Variable is NOT Set" type="java.lang.AssertionError">java.lang.AssertionError: Environment Variable is NOT Set
	at org.testng.Assert.fail(Assert.java:110)
	at tests.utility.Hooks.ConfigFileReader(Hooks.java:69)
	at tests.utility.Hooks.initWebDrivereStore(Hooks.java:148)
</failure>
    <system-out><![CDATA[Verify the email address displayed in membership page : FAILED
]]></system-out>
  </testcase>
  <testcase name="runScenario" classname="tests.runners.RunTest" time="0.032">
    <failure message="Environment Variable is NOT Set" type="java.lang.AssertionError">java.lang.AssertionError: Environment Variable is NOT Set
	at org.testng.Assert.fail(Assert.java:110)
	at tests.utility.Hooks.ConfigFileReader(Hooks.java:69)
	at tests.utility.Hooks.initWebDrivereStore(Hooks.java:148)
</failure>
    <system-out><![CDATA[Verfiy membership FAQa link : FAILED
]]></system-out>
  </testcase>
  <testcase name="runScenario" classname="tests.runners.RunTest" time="0.064">
    <failure message="Environment Variable is NOT Set" type="java.lang.AssertionError">java.lang.AssertionError: Environment Variable is NOT Set
	at org.testng.Assert.fail(Assert.java:110)
	at tests.utility.Hooks.ConfigFileReader(Hooks.java:69)
	at tests.utility.Hooks.initWebDrivereStore(Hooks.java:148)
</failure>
    <system-out><![CDATA[Verify the membership page when the membership is canceled : FAILED
]]></system-out>
  </testcase>
  <testcase name="runScenario" classname="tests.runners.RunTest" time="0.028">
    <failure message="Environment Variable is NOT Set" type="java.lang.AssertionError">java.lang.AssertionError: Environment Variable is NOT Set
	at org.testng.Assert.fail(Assert.java:110)
	at tests.utility.Hooks.ConfigFileReader(Hooks.java:69)
	at tests.utility.Hooks.initWebDrivereStore(Hooks.java:148)
</failure>
    <system-out><![CDATA[User having membership on cart and navigates to Payment Page - "Save card to account" checkbox should be checked by default : FAILED
]]></system-out>
  </testcase>
  <testcase name="runScenario" classname="tests.runners.RunTest" time="0.029">
    <failure message="Environment Variable is NOT Set" type="java.lang.AssertionError">java.lang.AssertionError: Environment Variable is NOT Set
	at org.testng.Assert.fail(Assert.java:110)
	at tests.utility.Hooks.ConfigFileReader(Hooks.java:69)
	at tests.utility.Hooks.initWebDrivereStore(Hooks.java:148)
</failure>
    <system-out><![CDATA[Verify accessing order history - orders displayed for registered user : FAILED
]]></system-out>
  </testcase>
  <testcase name="runScenario" classname="tests.runners.RunTest" time="0.029">
    <failure message="Environment Variable is NOT Set" type="java.lang.AssertionError">java.lang.AssertionError: Environment Variable is NOT Set
	at org.testng.Assert.fail(Assert.java:110)
	at tests.utility.Hooks.ConfigFileReader(Hooks.java:69)
	at tests.utility.Hooks.initWebDrivereStore(Hooks.java:148)
</failure>
    <system-out><![CDATA[Verify no Orders display for new registered user - verify the copy provided : FAILED
]]></system-out>
  </testcase>
  <testcase name="runScenario" classname="tests.runners.RunTest" time="0.033">
    <failure message="Environment Variable is NOT Set" type="java.lang.AssertionError">java.lang.AssertionError: Environment Variable is NOT Set
	at org.testng.Assert.fail(Assert.java:110)
	at tests.utility.Hooks.ConfigFileReader(Hooks.java:69)
	at tests.utility.Hooks.initWebDrivereStore(Hooks.java:148)
</failure>
    <system-out><![CDATA[Verify placing a new order and see it listed in Order History  - logged user : FAILED
]]></system-out>
  </testcase>
  <testcase name="runScenario" classname="tests.runners.RunTest" time="0.033">
    <failure message="Environment Variable is NOT Set" type="java.lang.AssertionError">java.lang.AssertionError: Environment Variable is NOT Set
	at org.testng.Assert.fail(Assert.java:110)
	at tests.utility.Hooks.ConfigFileReader(Hooks.java:69)
	at tests.utility.Hooks.initWebDrivereStore(Hooks.java:148)
</failure>
    <system-out><![CDATA[Verify the fields - ORDER DATE, EST. ORDER TOTAL, ORDER NUMBER,	SHIPPED TO,	ORDER DESCRIPTION : FAILED
]]></system-out>
  </testcase>
  <testcase name="runScenario" classname="tests.runners.RunTest" time="0.031">
    <failure message="Environment Variable is NOT Set" type="java.lang.AssertionError">java.lang.AssertionError: Environment Variable is NOT Set
	at org.testng.Assert.fail(Assert.java:110)
	at tests.utility.Hooks.ConfigFileReader(Hooks.java:69)
	at tests.utility.Hooks.initWebDrivereStore(Hooks.java:148)
</failure>
    <system-out><![CDATA[Verify the total order count displayed at the bottom of the list : FAILED
]]></system-out>
  </testcase>
  <testcase name="runScenario" classname="tests.runners.RunTest" time="0.031">
    <failure message="Environment Variable is NOT Set" type="java.lang.AssertionError">java.lang.AssertionError: Environment Variable is NOT Set
	at org.testng.Assert.fail(Assert.java:110)
	at tests.utility.Hooks.ConfigFileReader(Hooks.java:69)
	at tests.utility.Hooks.initWebDrivereStore(Hooks.java:148)
</failure>
    <system-out><![CDATA[Verify the pagination for the order history : FAILED
]]></system-out>
  </testcase>
  <testcase name="runScenario" classname="tests.runners.RunTest" time="0.029">
    <failure message="Environment Variable is NOT Set" type="java.lang.AssertionError">java.lang.AssertionError: Environment Variable is NOT Set
	at org.testng.Assert.fail(Assert.java:110)
	at tests.utility.Hooks.ConfigFileReader(Hooks.java:69)
	at tests.utility.Hooks.initWebDrivereStore(Hooks.java:148)
</failure>
    <system-out><![CDATA[Verify the Billing summary link for order - Order to be in shipped/delivered state : FAILED
]]></system-out>
  </testcase>
  <testcase name="runScenario" classname="tests.runners.RunTest" time="0.029">
    <failure message="Environment Variable is NOT Set" type="java.lang.AssertionError">java.lang.AssertionError: Environment Variable is NOT Set
	at org.testng.Assert.fail(Assert.java:110)
	at tests.utility.Hooks.ConfigFileReader(Hooks.java:69)
	at tests.utility.Hooks.initWebDrivereStore(Hooks.java:148)
</failure>
    <system-out><![CDATA[Verify the Details and Tracking link for the order placed : FAILED
]]></system-out>
  </testcase>
  <testcase name="runScenario" classname="tests.runners.RunTest" time="0.028">
    <failure message="Environment Variable is NOT Set" type="java.lang.AssertionError">java.lang.AssertionError: Environment Variable is NOT Set
	at org.testng.Assert.fail(Assert.java:110)
	at tests.utility.Hooks.ConfigFileReader(Hooks.java:69)
	at tests.utility.Hooks.initWebDrivereStore(Hooks.java:148)
</failure>
    <system-out><![CDATA[Verify the CW order number displayed once the order is Available : FAILED
]]></system-out>
  </testcase>
  <testcase name="runScenario" classname="tests.runners.RunTest" time="0.032">
    <failure message="Environment Variable is NOT Set" type="java.lang.AssertionError">java.lang.AssertionError: Environment Variable is NOT Set
	at org.testng.Assert.fail(Assert.java:110)
	at tests.utility.Hooks.ConfigFileReader(Hooks.java:69)
	at tests.utility.Hooks.initWebDrivereStore(Hooks.java:148)
</failure>
    <system-out><![CDATA[Verify the status order processing while the order is still processing : FAILED
]]></system-out>
  </testcase>
  <testcase name="runScenario" classname="tests.runners.RunTest" time="0.034">
    <failure message="Environment Variable is NOT Set" type="java.lang.AssertionError">java.lang.AssertionError: Environment Variable is NOT Set
	at org.testng.Assert.fail(Assert.java:110)
	at tests.utility.Hooks.ConfigFileReader(Hooks.java:69)
	at tests.utility.Hooks.initWebDrivereStore(Hooks.java:148)
</failure>
    <system-out><![CDATA[Verify address, price, payment information, total, subtotal tags : FAILED
]]></system-out>
  </testcase>
  <testcase name="runScenario" classname="tests.runners.RunTest" time="0.033">
    <failure message="Environment Variable is NOT Set" type="java.lang.AssertionError">java.lang.AssertionError: Environment Variable is NOT Set
	at org.testng.Assert.fail(Assert.java:110)
	at tests.utility.Hooks.ConfigFileReader(Hooks.java:69)
	at tests.utility.Hooks.initWebDrivereStore(Hooks.java:148)
</failure>
    <system-out><![CDATA[Edit payment : FAILED
]]></system-out>
  </testcase>
  <testcase name="runScenario" classname="tests.runners.RunTest" time="0.029">
    <failure message="Environment Variable is NOT Set" type="java.lang.AssertionError">java.lang.AssertionError: Environment Variable is NOT Set
	at org.testng.Assert.fail(Assert.java:110)
	at tests.utility.Hooks.ConfigFileReader(Hooks.java:69)
	at tests.utility.Hooks.initWebDrivereStore(Hooks.java:148)
</failure>
    <system-out><![CDATA[Edit Shipping and Billing Address : FAILED
]]></system-out>
  </testcase>
  <testcase name="runScenario" classname="tests.runners.RunTest" time="0.031">
    <failure message="Environment Variable is NOT Set" type="java.lang.AssertionError">java.lang.AssertionError: Environment Variable is NOT Set
	at org.testng.Assert.fail(Assert.java:110)
	at tests.utility.Hooks.ConfigFileReader(Hooks.java:69)
	at tests.utility.Hooks.initWebDrivereStore(Hooks.java:148)
</failure>
    <system-out><![CDATA[Grid view Mobile Only 1 and 2 grid view : FAILED
]]></system-out>
  </testcase>
  <testcase name="runScenario" classname="tests.runners.RunTest" time="0.032">
    <failure message="Environment Variable is NOT Set" type="java.lang.AssertionError">java.lang.AssertionError: Environment Variable is NOT Set
	at org.testng.Assert.fail(Assert.java:110)
	at tests.utility.Hooks.ConfigFileReader(Hooks.java:69)
	at tests.utility.Hooks.initWebDrivereStore(Hooks.java:148)
</failure>
    <system-out><![CDATA[Verify two grids are default Grid view in PG : FAILED
]]></system-out>
  </testcase>
  <testcase name="runScenario" classname="tests.runners.RunTest" time="0.029">
    <failure message="Environment Variable is NOT Set" type="java.lang.AssertionError">java.lang.AssertionError: Environment Variable is NOT Set
	at org.testng.Assert.fail(Assert.java:110)
	at tests.utility.Hooks.ConfigFileReader(Hooks.java:69)
	at tests.utility.Hooks.initWebDrivereStore(Hooks.java:148)
</failure>
    <system-out><![CDATA[PG - Back to Top button : FAILED
]]></system-out>
  </testcase>
  <testcase name="runScenario" classname="tests.runners.RunTest" time="0.033">
    <failure message="Environment Variable is NOT Set" type="java.lang.AssertionError">java.lang.AssertionError: Environment Variable is NOT Set
	at org.testng.Assert.fail(Assert.java:110)
	at tests.utility.Hooks.ConfigFileReader(Hooks.java:69)
	at tests.utility.Hooks.initWebDrivereStore(Hooks.java:148)
</failure>
    <system-out><![CDATA[Back button after appying filter : FAILED
]]></system-out>
  </testcase>
  <testcase name="runScenario" classname="tests.runners.RunTest" time="0.033">
    <failure message="Environment Variable is NOT Set" type="java.lang.AssertionError">java.lang.AssertionError: Environment Variable is NOT Set
	at org.testng.Assert.fail(Assert.java:110)
	at tests.utility.Hooks.ConfigFileReader(Hooks.java:69)
	at tests.utility.Hooks.initWebDrivereStore(Hooks.java:148)
</failure>
    <system-out><![CDATA[Apply filter on PG and search for any term, application should give newly searched items : FAILED
]]></system-out>
  </testcase>
  <testcase name="runScenario" classname="tests.runners.RunTest" time="0.031">
    <failure message="Environment Variable is NOT Set" type="java.lang.AssertionError">java.lang.AssertionError: Environment Variable is NOT Set
	at org.testng.Assert.fail(Assert.java:110)
	at tests.utility.Hooks.ConfigFileReader(Hooks.java:69)
	at tests.utility.Hooks.initWebDrivereStore(Hooks.java:148)
</failure>
    <system-out><![CDATA[Search any term apply filter and move to fusion PG and take back : FAILED
]]></system-out>
  </testcase>
  <testcase name="runScenario" classname="tests.runners.RunTest" time="0.032">
    <failure message="Environment Variable is NOT Set" type="java.lang.AssertionError">java.lang.AssertionError: Environment Variable is NOT Set
	at org.testng.Assert.fail(Assert.java:110)
	at tests.utility.Hooks.ConfigFileReader(Hooks.java:69)
	at tests.utility.Hooks.initWebDrivereStore(Hooks.java:148)
</failure>
    <system-out><![CDATA[Change the different grid and search the any product via search : FAILED
]]></system-out>
  </testcase>
  <testcase name="runScenario" classname="tests.runners.RunTest" time="0.033">
    <failure message="Environment Variable is NOT Set" type="java.lang.AssertionError">java.lang.AssertionError: Environment Variable is NOT Set
	at org.testng.Assert.fail(Assert.java:110)
	at tests.utility.Hooks.ConfigFileReader(Hooks.java:69)
	at tests.utility.Hooks.initWebDrivereStore(Hooks.java:148)
</failure>
    <system-out><![CDATA[Navigation to PG pages from top menu : FAILED
]]></system-out>
  </testcase>
  <testcase name="runScenario" classname="tests.runners.RunTest" time="0.042">
    <failure message="Environment Variable is NOT Set" type="java.lang.AssertionError">java.lang.AssertionError: Environment Variable is NOT Set
	at org.testng.Assert.fail(Assert.java:110)
	at tests.utility.Hooks.ConfigFileReader(Hooks.java:69)
	at tests.utility.Hooks.initWebDrivereStore(Hooks.java:148)
</failure>
    <system-out><![CDATA[Verify sale verbiage messages are present : FAILED
]]></system-out>
  </testcase>
  <testcase name="runScenario" classname="tests.runners.RunTest" time="0.036">
    <failure message="Environment Variable is NOT Set" type="java.lang.AssertionError">java.lang.AssertionError: Environment Variable is NOT Set
	at org.testng.Assert.fail(Assert.java:110)
	at tests.utility.Hooks.ConfigFileReader(Hooks.java:69)
	at tests.utility.Hooks.initWebDrivereStore(Hooks.java:148)
</failure>
    <system-out><![CDATA[Two grid and three grid views alignment : FAILED
]]></system-out>
  </testcase>
  <testcase name="runScenario" classname="tests.runners.RunTest" time="0.036">
    <failure message="Environment Variable is NOT Set" type="java.lang.AssertionError">java.lang.AssertionError: Environment Variable is NOT Set
	at org.testng.Assert.fail(Assert.java:110)
	at tests.utility.Hooks.ConfigFileReader(Hooks.java:69)
	at tests.utility.Hooks.initWebDrivereStore(Hooks.java:148)
</failure>
    <system-out><![CDATA[Change PG grid view, go to PDP, go back to PG. Application should render to the same view grid which was selected : FAILED
]]></system-out>
  </testcase>
  <testcase name="runScenario" classname="tests.runners.RunTest" time="0.033">
    <failure message="Environment Variable is NOT Set" type="java.lang.AssertionError">java.lang.AssertionError: Environment Variable is NOT Set
	at org.testng.Assert.fail(Assert.java:110)
	at tests.utility.Hooks.ConfigFileReader(Hooks.java:69)
	at tests.utility.Hooks.initWebDrivereStore(Hooks.java:148)
</failure>
    <system-out><![CDATA[Go to PDP, go back from PG, should redirect to the exact Product on PG : FAILED
]]></system-out>
  </testcase>
  <testcase name="runScenario" classname="tests.runners.RunTest" time="0.067">
    <failure message="Environment Variable is NOT Set" type="java.lang.AssertionError">java.lang.AssertionError: Environment Variable is NOT Set
	at org.testng.Assert.fail(Assert.java:110)
	at tests.utility.Hooks.ConfigFileReader(Hooks.java:69)
	at tests.utility.Hooks.initWebDrivereStore(Hooks.java:148)
</failure>
    <system-out><![CDATA[Search option should work fine on fusion + ATG PGs. : FAILED
]]></system-out>
  </testcase>
  <testcase name="runScenario" classname="tests.runners.RunTest" time="0.036">
    <failure message="Environment Variable is NOT Set" type="java.lang.AssertionError">java.lang.AssertionError: Environment Variable is NOT Set
	at org.testng.Assert.fail(Assert.java:110)
	at tests.utility.Hooks.ConfigFileReader(Hooks.java:69)
	at tests.utility.Hooks.initWebDrivereStore(Hooks.java:148)
</failure>
    <system-out><![CDATA[Change the different grid and search the turkish towel product via search : FAILED
]]></system-out>
  </testcase>
  <testcase name="runScenario" classname="tests.runners.RunTest" time="0.034">
    <failure message="Environment Variable is NOT Set" type="java.lang.AssertionError">java.lang.AssertionError: Environment Variable is NOT Set
	at org.testng.Assert.fail(Assert.java:110)
	at tests.utility.Hooks.ConfigFileReader(Hooks.java:69)
	at tests.utility.Hooks.initWebDrivereStore(Hooks.java:148)
</failure>
    <system-out><![CDATA[Verify the title after navigating fusion PG : FAILED
]]></system-out>
  </testcase>
  <testcase name="runScenario" classname="tests.runners.RunTest" time="0.04">
    <failure message="Environment Variable is NOT Set" type="java.lang.AssertionError">java.lang.AssertionError: Environment Variable is NOT Set
	at org.testng.Assert.fail(Assert.java:110)
	at tests.utility.Hooks.ConfigFileReader(Hooks.java:69)
	at tests.utility.Hooks.initWebDrivereStore(Hooks.java:148)
</failure>
    <system-out><![CDATA[eStore Split Payment : FAILED
]]></system-out>
  </testcase>
  <testcase name="runScenario" classname="tests.runners.RunTest" time="0.033">
    <failure message="Environment Variable is NOT Set" type="java.lang.AssertionError">java.lang.AssertionError: Environment Variable is NOT Set
	at org.testng.Assert.fail(Assert.java:110)
	at tests.utility.Hooks.ConfigFileReader(Hooks.java:69)
	at tests.utility.Hooks.initWebDrivereStore(Hooks.java:148)
</failure>
    <system-out><![CDATA[eStore Saved Cards : FAILED
]]></system-out>
  </testcase>
  <testcase name="runScenario" classname="tests.runners.RunTest" time="0.034">
    <failure message="Environment Variable is NOT Set" type="java.lang.AssertionError">java.lang.AssertionError: Environment Variable is NOT Set
	at org.testng.Assert.fail(Assert.java:110)
	at tests.utility.Hooks.ConfigFileReader(Hooks.java:69)
	at tests.utility.Hooks.initWebDrivereStore(Hooks.java:148)
</failure>
    <system-out><![CDATA[eStore Edit Payment : FAILED
]]></system-out>
  </testcase>
  <testcase name="runScenario" classname="tests.runners.RunTest" time="0.033">
    <failure message="Environment Variable is NOT Set" type="java.lang.AssertionError">java.lang.AssertionError: Environment Variable is NOT Set
	at org.testng.Assert.fail(Assert.java:110)
	at tests.utility.Hooks.ConfigFileReader(Hooks.java:69)
	at tests.utility.Hooks.initWebDrivereStore(Hooks.java:148)
</failure>
    <system-out><![CDATA[eStore Edit Address : FAILED
]]></system-out>
  </testcase>
  <testcase name="runScenario" classname="tests.runners.RunTest" time="0.031">
    <failure message="Environment Variable is NOT Set" type="java.lang.AssertionError">java.lang.AssertionError: Environment Variable is NOT Set
	at org.testng.Assert.fail(Assert.java:110)
	at tests.utility.Hooks.ConfigFileReader(Hooks.java:69)
	at tests.utility.Hooks.initWebDrivereStore(Hooks.java:148)
</failure>
    <system-out><![CDATA[eStore unavailability of RHCC for CAN address : FAILED
]]></system-out>
  </testcase>
  <testcase name="runScenario" classname="tests.runners.RunTest" time="0.031">
    <failure message="Environment Variable is NOT Set" type="java.lang.AssertionError">java.lang.AssertionError: Environment Variable is NOT Set
	at org.testng.Assert.fail(Assert.java:110)
	at tests.utility.Hooks.ConfigFileReader(Hooks.java:69)
	at tests.utility.Hooks.initWebDrivereStore(Hooks.java:148)
</failure>
    <system-out><![CDATA[eStore RHCC : FAILED
]]></system-out>
  </testcase>
  <testcase name="runScenario" classname="tests.runners.RunTest" time="0.036">
    <failure message="Environment Variable is NOT Set" type="java.lang.AssertionError">java.lang.AssertionError: Environment Variable is NOT Set
	at org.testng.Assert.fail(Assert.java:110)
	at tests.utility.Hooks.ConfigFileReader(Hooks.java:69)
	at tests.utility.Hooks.initWebDrivereStore(Hooks.java:148)
</failure>
    <system-out><![CDATA[eStore Update address (Non impacting change) after making payment : FAILED
]]></system-out>
  </testcase>
  <testcase name="runScenario" classname="tests.runners.RunTest" time="0.034">
    <failure message="Environment Variable is NOT Set" type="java.lang.AssertionError">java.lang.AssertionError: Environment Variable is NOT Set
	at org.testng.Assert.fail(Assert.java:110)
	at tests.utility.Hooks.ConfigFileReader(Hooks.java:69)
	at tests.utility.Hooks.initWebDrivereStore(Hooks.java:148)
</failure>
    <system-out><![CDATA[eStore Update address (Impacting change) after making payment : FAILED
]]></system-out>
  </testcase>
  <testcase name="runScenario" classname="tests.runners.RunTest" time="0.036">
    <failure message="Environment Variable is NOT Set" type="java.lang.AssertionError">java.lang.AssertionError: Environment Variable is NOT Set
	at org.testng.Assert.fail(Assert.java:110)
	at tests.utility.Hooks.ConfigFileReader(Hooks.java:69)
	at tests.utility.Hooks.initWebDrivereStore(Hooks.java:148)
</failure>
    <system-out><![CDATA[eStore Order total increased after making payment : FAILED
]]></system-out>
  </testcase>
  <testcase name="runScenario" classname="tests.runners.RunTest" time="0.038">
    <failure message="Environment Variable is NOT Set" type="java.lang.AssertionError">java.lang.AssertionError: Environment Variable is NOT Set
	at org.testng.Assert.fail(Assert.java:110)
	at tests.utility.Hooks.ConfigFileReader(Hooks.java:69)
	at tests.utility.Hooks.initWebDrivereStore(Hooks.java:148)
</failure>
    <system-out><![CDATA[eStore Order total decreased after making payment : FAILED
]]></system-out>
  </testcase>
  <testcase name="runScenario" classname="tests.runners.RunTest" time="0.033">
    <failure message="Environment Variable is NOT Set" type="java.lang.AssertionError">java.lang.AssertionError: Environment Variable is NOT Set
	at org.testng.Assert.fail(Assert.java:110)
	at tests.utility.Hooks.ConfigFileReader(Hooks.java:69)
	at tests.utility.Hooks.initWebDrivereStore(Hooks.java:148)
</failure>
    <system-out><![CDATA[eStore Billing address based on saved payment method : FAILED
]]></system-out>
  </testcase>
  <testcase name="runScenario" classname="tests.runners.RunTest" time="0.036">
    <failure message="Environment Variable is NOT Set" type="java.lang.AssertionError">java.lang.AssertionError: Environment Variable is NOT Set
	at org.testng.Assert.fail(Assert.java:110)
	at tests.utility.Hooks.ConfigFileReader(Hooks.java:69)
	at tests.utility.Hooks.initWebDrivereStore(Hooks.java:148)
</failure>
    <system-out><![CDATA[eStore Add new payment method : FAILED
]]></system-out>
  </testcase>
  <testcase name="runScenario" classname="tests.runners.RunTest" time="0.036">
    <failure message="Environment Variable is NOT Set" type="java.lang.AssertionError">java.lang.AssertionError: Environment Variable is NOT Set
	at org.testng.Assert.fail(Assert.java:110)
	at tests.utility.Hooks.ConfigFileReader(Hooks.java:69)
	at tests.utility.Hooks.initWebDrivereStore(Hooks.java:148)
</failure>
    <system-out><![CDATA[eStore unavailability of Discover for CAN address : FAILED
]]></system-out>
  </testcase>
  <testcase name="runScenario" classname="tests.runners.RunTest" time="0.036">
    <failure message="Environment Variable is NOT Set" type="java.lang.AssertionError">java.lang.AssertionError: Environment Variable is NOT Set
	at org.testng.Assert.fail(Assert.java:110)
	at tests.utility.Hooks.ConfigFileReader(Hooks.java:69)
	at tests.utility.Hooks.initWebDrivereStore(Hooks.java:148)
</failure>
    <system-out><![CDATA[eStore unavailability of Saved Discover for CAN shipping address : FAILED
]]></system-out>
  </testcase>
  <testcase name="runScenario" classname="tests.runners.RunTest" time="0.035">
    <failure message="Environment Variable is NOT Set" type="java.lang.AssertionError">java.lang.AssertionError: Environment Variable is NOT Set
	at org.testng.Assert.fail(Assert.java:110)
	at tests.utility.Hooks.ConfigFileReader(Hooks.java:69)
	at tests.utility.Hooks.initWebDrivereStore(Hooks.java:148)
</failure>
    <system-out><![CDATA[eStore unavailability of Saved RHCC for CAN shipping address : FAILED
]]></system-out>
  </testcase>
  <testcase name="runScenario" classname="tests.runners.RunTest" time="0.035">
    <failure message="Environment Variable is NOT Set" type="java.lang.AssertionError">java.lang.AssertionError: Environment Variable is NOT Set
	at org.testng.Assert.fail(Assert.java:110)
	at tests.utility.Hooks.ConfigFileReader(Hooks.java:69)
	at tests.utility.Hooks.initWebDrivereStore(Hooks.java:148)
</failure>
    <system-out><![CDATA[eStore Update address (Change Country) after making payment : FAILED
]]></system-out>
  </testcase>
  <testcase name="runScenario" classname="tests.runners.RunTest" time="0.035">
    <failure message="Environment Variable is NOT Set" type="java.lang.AssertionError">java.lang.AssertionError: Environment Variable is NOT Set
	at org.testng.Assert.fail(Assert.java:110)
	at tests.utility.Hooks.ConfigFileReader(Hooks.java:69)
	at tests.utility.Hooks.initWebDrivereStore(Hooks.java:148)
</failure>
    <system-out><![CDATA[eStore masked CC : FAILED
]]></system-out>
  </testcase>
  <testcase name="runScenario" classname="tests.runners.RunTest" time="0.033">
    <failure message="Environment Variable is NOT Set" type="java.lang.AssertionError">java.lang.AssertionError: Environment Variable is NOT Set
	at org.testng.Assert.fail(Assert.java:110)
	at tests.utility.Hooks.ConfigFileReader(Hooks.java:69)
	at tests.utility.Hooks.initWebDrivereStore(Hooks.java:148)
</failure>
    <system-out><![CDATA[eStore Saved credit cards : FAILED
]]></system-out>
  </testcase>
  <testcase name="runScenario" classname="tests.runners.RunTest" time="0.033">
    <failure message="Environment Variable is NOT Set" type="java.lang.AssertionError">java.lang.AssertionError: Environment Variable is NOT Set
	at org.testng.Assert.fail(Assert.java:110)
	at tests.utility.Hooks.ConfigFileReader(Hooks.java:69)
	at tests.utility.Hooks.initWebDrivereStore(Hooks.java:148)
</failure>
    <system-out><![CDATA[GC/ Balance check : FAILED
]]></system-out>
  </testcase>
  <testcase name="runScenario" classname="tests.runners.RunTest" time="0.035">
    <failure message="Environment Variable is NOT Set" type="java.lang.AssertionError">java.lang.AssertionError: Environment Variable is NOT Set
	at org.testng.Assert.fail(Assert.java:110)
	at tests.utility.Hooks.ConfigFileReader(Hooks.java:69)
	at tests.utility.Hooks.initWebDrivereStore(Hooks.java:148)
</failure>
    <system-out><![CDATA[Verify that user is able to execute payment via GC for USA : FAILED
]]></system-out>
  </testcase>
  <testcase name="runScenario" classname="tests.runners.RunTest" time="0.033">
    <failure message="Environment Variable is NOT Set" type="java.lang.AssertionError">java.lang.AssertionError: Environment Variable is NOT Set
	at org.testng.Assert.fail(Assert.java:110)
	at tests.utility.Hooks.ConfigFileReader(Hooks.java:69)
	at tests.utility.Hooks.initWebDrivereStore(Hooks.java:148)
</failure>
    <system-out><![CDATA[Verify that user is able to execute payment via GC for CAN : FAILED
]]></system-out>
  </testcase>
  <testcase name="runScenario" classname="tests.runners.RunTest" time="0.033">
    <failure message="Environment Variable is NOT Set" type="java.lang.AssertionError">java.lang.AssertionError: Environment Variable is NOT Set
	at org.testng.Assert.fail(Assert.java:110)
	at tests.utility.Hooks.ConfigFileReader(Hooks.java:69)
	at tests.utility.Hooks.initWebDrivereStore(Hooks.java:148)
</failure>
    <system-out><![CDATA[Verify the saving AMEX payment method : FAILED
]]></system-out>
  </testcase>
  <testcase name="runScenario" classname="tests.runners.RunTest" time="0.031">
    <failure message="Environment Variable is NOT Set" type="java.lang.AssertionError">java.lang.AssertionError: Environment Variable is NOT Set
	at org.testng.Assert.fail(Assert.java:110)
	at tests.utility.Hooks.ConfigFileReader(Hooks.java:69)
	at tests.utility.Hooks.initWebDrivereStore(Hooks.java:148)
</failure>
    <system-out><![CDATA[Verify the saving DI payment method : FAILED
]]></system-out>
  </testcase>
  <testcase name="runScenario" classname="tests.runners.RunTest" time="0.078">
    <failure message="Environment Variable is NOT Set" type="java.lang.AssertionError">java.lang.AssertionError: Environment Variable is NOT Set
	at org.testng.Assert.fail(Assert.java:110)
	at tests.utility.Hooks.ConfigFileReader(Hooks.java:69)
	at tests.utility.Hooks.initWebDrivereStore(Hooks.java:148)
</failure>
    <system-out><![CDATA[Sale Nav verification : FAILED
]]></system-out>
  </testcase>
  <testcase name="runScenario" classname="tests.runners.RunTest" time="0.048">
    <failure message="Environment Variable is NOT Set" type="java.lang.AssertionError">java.lang.AssertionError: Environment Variable is NOT Set
	at org.testng.Assert.fail(Assert.java:110)
	at tests.utility.Hooks.ConfigFileReader(Hooks.java:69)
	at tests.utility.Hooks.initWebDrivereStore(Hooks.java:148)
</failure>
    <system-out><![CDATA[Verify Sale Category : FAILED
]]></system-out>
  </testcase>
  <testcase name="runScenario" classname="tests.runners.RunTest" time="0.04">
    <failure message="Environment Variable is NOT Set" type="java.lang.AssertionError">java.lang.AssertionError: Environment Variable is NOT Set
	at org.testng.Assert.fail(Assert.java:110)
	at tests.utility.Hooks.ConfigFileReader(Hooks.java:69)
	at tests.utility.Hooks.initWebDrivereStore(Hooks.java:148)
</failure>
    <system-out><![CDATA[To verify sale PDP load : FAILED
]]></system-out>
  </testcase>
  <testcase name="runScenario" classname="tests.runners.RunTest" time="0.041">
    <failure message="Environment Variable is NOT Set" type="java.lang.AssertionError">java.lang.AssertionError: Environment Variable is NOT Set
	at org.testng.Assert.fail(Assert.java:110)
	at tests.utility.Hooks.ConfigFileReader(Hooks.java:69)
	at tests.utility.Hooks.initWebDrivereStore(Hooks.java:148)
</failure>
    <system-out><![CDATA[To Verify Sale banner : FAILED
]]></system-out>
  </testcase>
  <testcase name="runScenario" classname="tests.runners.RunTest" time="0.039">
    <failure message="Environment Variable is NOT Set" type="java.lang.AssertionError">java.lang.AssertionError: Environment Variable is NOT Set
	at org.testng.Assert.fail(Assert.java:110)
	at tests.utility.Hooks.ConfigFileReader(Hooks.java:69)
	at tests.utility.Hooks.initWebDrivereStore(Hooks.java:148)
</failure>
    <system-out><![CDATA[To verify the back button from sale PDP page : FAILED
]]></system-out>
  </testcase>
  <testcase name="runScenario" classname="tests.runners.RunTest" time="0.041">
    <failure message="Environment Variable is NOT Set" type="java.lang.AssertionError">java.lang.AssertionError: Environment Variable is NOT Set
	at org.testng.Assert.fail(Assert.java:110)
	at tests.utility.Hooks.ConfigFileReader(Hooks.java:69)
	at tests.utility.Hooks.initWebDrivereStore(Hooks.java:148)
</failure>
    <system-out><![CDATA[Search after opening hamburger menu : FAILED
]]></system-out>
  </testcase>
  <testcase name="runScenario" classname="tests.runners.RunTest" time="0.042">
    <failure message="Environment Variable is NOT Set" type="java.lang.AssertionError">java.lang.AssertionError: Environment Variable is NOT Set
	at org.testng.Assert.fail(Assert.java:110)
	at tests.utility.Hooks.ConfigFileReader(Hooks.java:69)
	at tests.utility.Hooks.initWebDrivereStore(Hooks.java:148)
</failure>
    <system-out><![CDATA[Search product via Product name : FAILED
]]></system-out>
  </testcase>
  <testcase name="runScenario" classname="tests.runners.RunTest" time="0.038">
    <failure message="Environment Variable is NOT Set" type="java.lang.AssertionError">java.lang.AssertionError: Environment Variable is NOT Set
	at org.testng.Assert.fail(Assert.java:110)
	at tests.utility.Hooks.ConfigFileReader(Hooks.java:69)
	at tests.utility.Hooks.initWebDrivereStore(Hooks.java:148)
</failure>
    <system-out><![CDATA[Search product from other category : FAILED
]]></system-out>
  </testcase>
  <testcase name="runScenario" classname="tests.runners.RunTest" time="0.039">
    <failure message="Environment Variable is NOT Set" type="java.lang.AssertionError">java.lang.AssertionError: Environment Variable is NOT Set
	at org.testng.Assert.fail(Assert.java:110)
	at tests.utility.Hooks.ConfigFileReader(Hooks.java:69)
	at tests.utility.Hooks.initWebDrivereStore(Hooks.java:148)
</failure>
    <system-out><![CDATA[Search product via SKU 17050044 EUCY : FAILED
]]></system-out>
  </testcase>
  <testcase name="runScenario" classname="tests.runners.RunTest" time="0.039">
    <failure message="Environment Variable is NOT Set" type="java.lang.AssertionError">java.lang.AssertionError: Environment Variable is NOT Set
	at org.testng.Assert.fail(Assert.java:110)
	at tests.utility.Hooks.ConfigFileReader(Hooks.java:69)
	at tests.utility.Hooks.initWebDrivereStore(Hooks.java:148)
</failure>
    <system-out><![CDATA[To verify search for random text : FAILED
]]></system-out>
  </testcase>
  <testcase name="runScenario" classname="tests.runners.RunTest" time="0.037">
    <failure message="Environment Variable is NOT Set" type="java.lang.AssertionError">java.lang.AssertionError: Environment Variable is NOT Set
	at org.testng.Assert.fail(Assert.java:110)
	at tests.utility.Hooks.ConfigFileReader(Hooks.java:69)
	at tests.utility.Hooks.initWebDrivereStore(Hooks.java:148)
</failure>
    <system-out><![CDATA[Verify count of search result and product : FAILED
]]></system-out>
  </testcase>
  <testcase name="runScenario" classname="tests.runners.RunTest" time="0.039">
    <failure message="Environment Variable is NOT Set" type="java.lang.AssertionError">java.lang.AssertionError: Environment Variable is NOT Set
	at org.testng.Assert.fail(Assert.java:110)
	at tests.utility.Hooks.ConfigFileReader(Hooks.java:69)
	at tests.utility.Hooks.initWebDrivereStore(Hooks.java:148)
</failure>
    <system-out><![CDATA[Verify the Back to top button : FAILED
]]></system-out>
  </testcase>
  <testcase name="runScenario" classname="tests.runners.RunTest" time="0.031">
    <failure message="Environment Variable is NOT Set" type="java.lang.AssertionError">java.lang.AssertionError: Environment Variable is NOT Set
	at org.testng.Assert.fail(Assert.java:110)
	at tests.utility.Hooks.ConfigFileReader(Hooks.java:69)
	at tests.utility.Hooks.initWebDrivereStore(Hooks.java:148)
</failure>
    <system-out><![CDATA[Verify the search results with multiple terms search: white and blue corner leather sofa : FAILED
]]></system-out>
  </testcase>
  <testcase name="runScenario" classname="tests.runners.RunTest" time="0.031">
    <failure message="Environment Variable is NOT Set" type="java.lang.AssertionError">java.lang.AssertionError: Environment Variable is NOT Set
	at org.testng.Assert.fail(Assert.java:110)
	at tests.utility.Hooks.ConfigFileReader(Hooks.java:69)
	at tests.utility.Hooks.initWebDrivereStore(Hooks.java:148)
</failure>
    <system-out><![CDATA[Place order: search with any key term, select Low to High. navigate to first product PDP : FAILED
]]></system-out>
  </testcase>
  <testcase name="runScenario" classname="tests.runners.RunTest" time="0.029">
    <failure message="Environment Variable is NOT Set" type="java.lang.AssertionError">java.lang.AssertionError: Environment Variable is NOT Set
	at org.testng.Assert.fail(Assert.java:110)
	at tests.utility.Hooks.ConfigFileReader(Hooks.java:69)
	at tests.utility.Hooks.initWebDrivereStore(Hooks.java:148)
</failure>
    <system-out><![CDATA[Place order: search with any key term, select high to low. navigate to first product PDP : FAILED
]]></system-out>
  </testcase>
  <testcase name="runScenario" classname="tests.runners.RunTest" time="0.03">
    <failure message="Environment Variable is NOT Set" type="java.lang.AssertionError">java.lang.AssertionError: Environment Variable is NOT Set
	at org.testng.Assert.fail(Assert.java:110)
	at tests.utility.Hooks.ConfigFileReader(Hooks.java:69)
	at tests.utility.Hooks.initWebDrivereStore(Hooks.java:148)
</failure>
    <system-out><![CDATA[Pricing on search result page(US and CAN) : FAILED
]]></system-out>
  </testcase>
  <testcase name="runScenario" classname="tests.runners.RunTest" time="0.028">
    <failure message="Environment Variable is NOT Set" type="java.lang.AssertionError">java.lang.AssertionError: Environment Variable is NOT Set
	at org.testng.Assert.fail(Assert.java:110)
	at tests.utility.Hooks.ConfigFileReader(Hooks.java:69)
	at tests.utility.Hooks.initWebDrivereStore(Hooks.java:148)
</failure>
    <system-out><![CDATA[Back button : FAILED
]]></system-out>
  </testcase>
  <testcase name="runScenario" classname="tests.runners.RunTest" time="0.028">
    <failure message="Environment Variable is NOT Set" type="java.lang.AssertionError">java.lang.AssertionError: Environment Variable is NOT Set
	at org.testng.Assert.fail(Assert.java:110)
	at tests.utility.Hooks.ConfigFileReader(Hooks.java:69)
	at tests.utility.Hooks.initWebDrivereStore(Hooks.java:148)
</failure>
    <system-out><![CDATA[Search any product from CG and verify for back button : FAILED
]]></system-out>
  </testcase>
  <testcase name="runScenario" classname="tests.runners.RunTest" time="0.03">
    <failure message="Environment Variable is NOT Set" type="java.lang.AssertionError">java.lang.AssertionError: Environment Variable is NOT Set
	at org.testng.Assert.fail(Assert.java:110)
	at tests.utility.Hooks.ConfigFileReader(Hooks.java:69)
	at tests.utility.Hooks.initWebDrivereStore(Hooks.java:148)
</failure>
    <system-out><![CDATA[Search any product from cart page and verify for back button : FAILED
]]></system-out>
  </testcase>
  <testcase name="runScenario" classname="tests.runners.RunTest" time="0.032">
    <failure message="Environment Variable is NOT Set" type="java.lang.AssertionError">java.lang.AssertionError: Environment Variable is NOT Set
	at org.testng.Assert.fail(Assert.java:110)
	at tests.utility.Hooks.ConfigFileReader(Hooks.java:69)
	at tests.utility.Hooks.initWebDrivereStore(Hooks.java:148)
</failure>
    <system-out><![CDATA[Verify the 1,2 and 3 grid : FAILED
]]></system-out>
  </testcase>
  <testcase name="runScenario" classname="tests.runners.RunTest" time="0.031">
    <failure message="Environment Variable is NOT Set" type="java.lang.AssertionError">java.lang.AssertionError: Environment Variable is NOT Set
	at org.testng.Assert.fail(Assert.java:110)
	at tests.utility.Hooks.ConfigFileReader(Hooks.java:69)
	at tests.utility.Hooks.initWebDrivereStore(Hooks.java:148)
</failure>
    <system-out><![CDATA[Verify the 1,2 and 3 grid : FAILED
]]></system-out>
  </testcase>
  <testcase name="runScenario" classname="tests.runners.RunTest" time="0.029">
    <failure message="Environment Variable is NOT Set" type="java.lang.AssertionError">java.lang.AssertionError: Environment Variable is NOT Set
	at org.testng.Assert.fail(Assert.java:110)
	at tests.utility.Hooks.ConfigFileReader(Hooks.java:69)
	at tests.utility.Hooks.initWebDrivereStore(Hooks.java:148)
</failure>
    <system-out><![CDATA[Verify the 1,2 and 3 grid : FAILED
]]></system-out>
  </testcase>
  <testcase name="runScenario" classname="tests.runners.RunTest" time="0.061">
    <failure message="Environment Variable is NOT Set" type="java.lang.AssertionError">java.lang.AssertionError: Environment Variable is NOT Set
	at org.testng.Assert.fail(Assert.java:110)
	at tests.utility.Hooks.ConfigFileReader(Hooks.java:69)
	at tests.utility.Hooks.initWebDrivereStore(Hooks.java:148)
</failure>
    <system-out><![CDATA[Apply any facet and verify the count of product : FAILED
]]></system-out>
  </testcase>
  <testcase name="runScenario" classname="tests.runners.RunTest" time="0.042">
    <failure message="Environment Variable is NOT Set" type="java.lang.AssertionError">java.lang.AssertionError: Environment Variable is NOT Set
	at org.testng.Assert.fail(Assert.java:110)
	at tests.utility.Hooks.ConfigFileReader(Hooks.java:69)
	at tests.utility.Hooks.initWebDrivereStore(Hooks.java:148)
</failure>
    <system-out><![CDATA[Verify that user is not able to login with ivalid email and password : FAILED
]]></system-out>
  </testcase>
  <testcase name="runScenario" classname="tests.runners.RunTest" time="0.035">
    <failure message="Environment Variable is NOT Set" type="java.lang.AssertionError">java.lang.AssertionError: Environment Variable is NOT Set
	at org.testng.Assert.fail(Assert.java:110)
	at tests.utility.Hooks.ConfigFileReader(Hooks.java:69)
	at tests.utility.Hooks.initWebDrivereStore(Hooks.java:148)
</failure>
    <system-out><![CDATA[Forgot Password option should be present with proper funtionality : FAILED
]]></system-out>
  </testcase>
  <testcase name="runScenario" classname="tests.runners.RunTest" time="0.034">
    <failure message="Environment Variable is NOT Set" type="java.lang.AssertionError">java.lang.AssertionError: Environment Variable is NOT Set
	at org.testng.Assert.fail(Assert.java:110)
	at tests.utility.Hooks.ConfigFileReader(Hooks.java:69)
	at tests.utility.Hooks.initWebDrivereStore(Hooks.java:148)
</failure>
    <system-out><![CDATA[To check if user is able to sign out properly : FAILED
]]></system-out>
  </testcase>
  <testcase name="runScenario" classname="tests.runners.RunTest" time="0.03">
    <failure message="Environment Variable is NOT Set" type="java.lang.AssertionError">java.lang.AssertionError: Environment Variable is NOT Set
	at org.testng.Assert.fail(Assert.java:110)
	at tests.utility.Hooks.ConfigFileReader(Hooks.java:69)
	at tests.utility.Hooks.initWebDrivereStore(Hooks.java:148)
</failure>
    <system-out><![CDATA[Verify the signout functionaity : FAILED
]]></system-out>
  </testcase>
  <testcase name="runScenario" classname="tests.runners.RunTest" time="0.03">
    <failure message="Environment Variable is NOT Set" type="java.lang.AssertionError">java.lang.AssertionError: Environment Variable is NOT Set
	at org.testng.Assert.fail(Assert.java:110)
	at tests.utility.Hooks.ConfigFileReader(Hooks.java:69)
	at tests.utility.Hooks.initWebDrivereStore(Hooks.java:148)
</failure>
    <system-out><![CDATA[Verify the user is completely signed out of all brands : FAILED
]]></system-out>
  </testcase>
  <testcase name="runScenario" classname="tests.runners.RunTest" time="0.03">
    <failure message="Environment Variable is NOT Set" type="java.lang.AssertionError">java.lang.AssertionError: Environment Variable is NOT Set
	at org.testng.Assert.fail(Assert.java:110)
	at tests.utility.Hooks.ConfigFileReader(Hooks.java:69)
	at tests.utility.Hooks.initWebDrivereStore(Hooks.java:148)
</failure>
    <system-out><![CDATA[Verify address, price, payment information, total, subtotal tags : FAILED
]]></system-out>
  </testcase>
  <testcase name="runScenario" classname="tests.runners.RunTest" time="0.033">
    <failure message="Environment Variable is NOT Set" type="java.lang.AssertionError">java.lang.AssertionError: Environment Variable is NOT Set
	at org.testng.Assert.fail(Assert.java:110)
	at tests.utility.Hooks.ConfigFileReader(Hooks.java:69)
	at tests.utility.Hooks.initWebDrivereStore(Hooks.java:148)
</failure>
    <system-out><![CDATA[Wishlist for registered users : FAILED
]]></system-out>
  </testcase>
  <testcase name="runScenario" classname="tests.runners.RunTest" time="0.031">
    <failure message="Environment Variable is NOT Set" type="java.lang.AssertionError">java.lang.AssertionError: Environment Variable is NOT Set
	at org.testng.Assert.fail(Assert.java:110)
	at tests.utility.Hooks.ConfigFileReader(Hooks.java:69)
	at tests.utility.Hooks.initWebDrivereStore(Hooks.java:148)
</failure>
    <system-out><![CDATA[Add an item to wishlist : FAILED
]]></system-out>
  </testcase>
  <testcase name="runScenario" classname="tests.runners.RunTest" time="0.032">
    <failure message="Environment Variable is NOT Set" type="java.lang.AssertionError">java.lang.AssertionError: Environment Variable is NOT Set
	at org.testng.Assert.fail(Assert.java:110)
	at tests.utility.Hooks.ConfigFileReader(Hooks.java:69)
	at tests.utility.Hooks.initWebDrivereStore(Hooks.java:148)
</failure>
    <system-out><![CDATA[Add an item to wishlist (Member User) : FAILED
]]></system-out>
  </testcase>
  <testcase name="runScenario" classname="tests.runners.RunTest" time="0.033">
    <failure message="Environment Variable is NOT Set" type="java.lang.AssertionError">java.lang.AssertionError: Environment Variable is NOT Set
	at org.testng.Assert.fail(Assert.java:110)
	at tests.utility.Hooks.ConfigFileReader(Hooks.java:69)
	at tests.utility.Hooks.initWebDrivereStore(Hooks.java:148)
</failure>
    <system-out><![CDATA[Add an item from cart to wishlist : FAILED
]]></system-out>
  </testcase>
  <testcase name="tearDownClass" classname="tests.runners.RunTest" time="1.441">
    <failure message="javax.net.ssl.SSLHandshakeException: PKIX path building failed: sun.security.provider.certpath.SunCertPathBuilderException: unable to find valid certification path to requested target" type="java.lang.RuntimeException">java.lang.RuntimeException: javax.net.ssl.SSLHandshakeException: PKIX path building failed: sun.security.provider.certpath.SunCertPathBuilderException: unable to find valid certification path to requested target
	at io.cucumber.core.plugin.MessageFormatter.writeMessage(MessageFormatter.java:36)
	at io.cucumber.core.eventbus.AbstractEventPublisher.send(AbstractEventPublisher.java:51)
	at io.cucumber.core.eventbus.AbstractEventBus.send(AbstractEventBus.java:12)
	at io.cucumber.core.runtime.CucumberExecutionContext.emitTestRunFinished(CucumberExecutionContext.java:102)
	at io.cucumber.core.runtime.CucumberExecutionContext.finishTestRun(CucumberExecutionContext.java:74)
	at io.cucumber.testng.TestNGCucumberRunner.finish(TestNGCucumberRunner.java:126)
	at io.cucumber.testng.AbstractTestNGCucumberTests.tearDownClass(AbstractTestNGCucumberTests.java:53)
	at java.base/jdk.internal.reflect.NativeMethodAccessorImpl.invoke0(Native Method)
	at java.base/jdk.internal.reflect.NativeMethodAccessorImpl.invoke(NativeMethodAccessorImpl.java:78)
	at java.base/jdk.internal.reflect.DelegatingMethodAccessorImpl.invoke(DelegatingMethodAccessorImpl.java:43)
	at java.base/java.lang.reflect.Method.invoke(Method.java:567)
	at org.testng.internal.invokers.MethodInvocationHelper.invokeMethod(MethodInvocationHelper.java:135)
	at org.testng.internal.invokers.MethodInvocationHelper.invokeMethodConsideringTimeout(MethodInvocationHelper.java:65)
	at org.testng.internal.invokers.ConfigInvoker.invokeConfigurationMethod(ConfigInvoker.java:381)
	at org.testng.internal.invokers.ConfigInvoker.invokeConfigurations(ConfigInvoker.java:319)
	at org.testng.internal.invokers.TestMethodWorker.invokeAfterClassMethods(TestMethodWorker.java:220)
	at org.testng.internal.invokers.TestMethodWorker.run(TestMethodWorker.java:130)
	at java.base/java.util.ArrayList.forEach(ArrayList.java:1511)
	at org.testng.TestRunner.privateRun(TestRunner.java:808)
	at org.testng.TestRunner.run(TestRunner.java:603)
	at org.testng.SuiteRunner.runTest(SuiteRunner.java:429)
	at org.testng.SuiteRunner.runSequentially(SuiteRunner.java:423)
	at org.testng.SuiteRunner.privateRun(SuiteRunner.java:383)
	at org.testng.SuiteRunner.run(SuiteRunner.java:326)
	at org.testng.SuiteRunnerWorker.runSuite(SuiteRunnerWorker.java:52)
	at org.testng.SuiteRunnerWorker.run(SuiteRunnerWorker.java:95)
	at org.testng.TestNG.runSuitesSequentially(TestNG.java:1249)
	at org.testng.TestNG.runSuitesLocally(TestNG.java:1169)
	at org.testng.TestNG.runSuites(TestNG.java:1092)
	at org.testng.TestNG.run(TestNG.java:1060)
	at org.apache.maven.surefire.testng.TestNGExecutor.run(TestNGExecutor.java:295)
	at org.apache.maven.surefire.testng.TestNGXmlTestSuite.execute(TestNGXmlTestSuite.java:84)
	at org.apache.maven.surefire.testng.TestNGProvider.invoke(TestNGProvider.java:90)
	at org.apache.maven.surefire.booter.ForkedBooter.invokeProviderInSameClassLoader(ForkedBooter.java:203)
	at org.apache.maven.surefire.booter.ForkedBooter.runSuitesInProcess(ForkedBooter.java:155)
	at org.apache.maven.surefire.booter.ForkedBooter.main(ForkedBooter.java:103)
Caused by: javax.net.ssl.SSLHandshakeException: PKIX path building failed: sun.security.provider.certpath.SunCertPathBuilderException: unable to find valid certification path to requested target
	at java.base/jdk.internal.reflect.NativeConstructorAccessorImpl.newInstance0(Native Method)
	at java.base/jdk.internal.reflect.NativeConstructorAccessorImpl.newInstance(NativeConstructorAccessorImpl.java:78)
	at java.base/jdk.internal.reflect.DelegatingConstructorAccessorImpl.newInstance(DelegatingConstructorAccessorImpl.java:45)
	at java.base/java.lang.reflect.Constructor.newInstanceWithCaller(Constructor.java:499)
	at java.base/java.lang.reflect.Constructor.newInstance(Constructor.java:480)
	at java.base/sun.net.www.protocol.http.HttpURLConnection$10.run(HttpURLConnection.java:2035)
	at java.base/sun.net.www.protocol.http.HttpURLConnection$10.run(HttpURLConnection.java:2030)
	at java.base/java.security.AccessController.doPrivileged(AccessController.java:554)
	at java.base/sun.net.www.protocol.http.HttpURLConnection.getChainedException(HttpURLConnection.java:2029)
	at java.base/sun.net.www.protocol.http.HttpURLConnection.getInputStream0(HttpURLConnection.java:1597)
	at java.base/sun.net.www.protocol.http.HttpURLConnection.getInputStream(HttpURLConnection.java:1577)
	at java.base/java.net.HttpURLConnection.getResponseCode(HttpURLConnection.java:527)
	at java.base/sun.net.www.protocol.https.HttpsURLConnectionImpl.getResponseCode(HttpsURLConnectionImpl.java:308)
	at io.cucumber.core.plugin.UrlOutputStream.getResponseBody(UrlOutputStream.java:111)
	at io.cucumber.core.plugin.UrlOutputStream.sendRequest(UrlOutputStream.java:83)
	at io.cucumber.core.plugin.UrlOutputStream.close(UrlOutputStream.java:63)
	at java.base/sun.nio.cs.StreamEncoder.implClose(StreamEncoder.java:353)
	at java.base/sun.nio.cs.StreamEncoder.close(StreamEncoder.java:168)
	at java.base/java.io.OutputStreamWriter.close(OutputStreamWriter.java:252)
	at io.cucumber.core.plugin.MessageFormatter.writeMessage(MessageFormatter.java:33)
	at io.cucumber.core.eventbus.AbstractEventPublisher.send(AbstractEventPublisher.java:51)
	at io.cucumber.core.eventbus.AbstractEventBus.send(AbstractEventBus.java:12)
	at io.cucumber.core.runtime.CucumberExecutionContext.emitTestRunFinished(CucumberExecutionContext.java:102)
	at io.cucumber.core.runtime.CucumberExecutionContext.finishTestRun(CucumberExecutionContext.java:74)
	at io.cucumber.testng.TestNGCucumberRunner.finish(TestNGCucumberRunner.java:126)
	at io.cucumber.testng.AbstractTestNGCucumberTests.tearDownClass(AbstractTestNGCucumberTests.java:53)
	at java.base/jdk.internal.reflect.NativeMethodAccessorImpl.invoke0(Native Method)
	at java.base/jdk.internal.reflect.NativeMethodAccessorImpl.invoke(NativeMethodAccessorImpl.java:78)
	at java.base/jdk.internal.reflect.DelegatingMethodAccessorImpl.invoke(DelegatingMethodAccessorImpl.java:43)
	at java.base/java.lang.reflect.Method.invoke(Method.java:567)
	at org.testng.internal.invokers.MethodInvocationHelper.invokeMethod(MethodInvocationHelper.java:135)
	at org.testng.internal.invokers.MethodInvocationHelper.invokeMethodConsideringTimeout(MethodInvocationHelper.java:65)
	at org.testng.internal.invokers.ConfigInvoker.invokeConfigurationMethod(ConfigInvoker.java:381)
	at org.testng.internal.invokers.ConfigInvoker.invokeConfigurations(ConfigInvoker.java:319)
	at org.testng.internal.invokers.TestMethodWorker.invokeAfterClassMethods(TestMethodWorker.java:220)
	at org.testng.internal.invokers.TestMethodWorker.run(TestMethodWorker.java:130)
	at java.base/java.util.ArrayList.forEach(ArrayList.java:1511)
	at org.testng.TestRunner.privateRun(TestRunner.java:808)
	at org.testng.TestRunner.run(TestRunner.java:603)
	at org.testng.SuiteRunner.runTest(SuiteRunner.java:429)
	at org.testng.SuiteRunner.runSequentially(SuiteRunner.java:423)
	at org.testng.SuiteRunner.privateRun(SuiteRunner.java:383)
	at org.testng.SuiteRunner.run(SuiteRunner.java:326)
	at org.testng.SuiteRunnerWorker.runSuite(SuiteRunnerWorker.java:52)
	at org.testng.SuiteRunnerWorker.run(SuiteRunnerWorker.java:95)
	at org.testng.TestNG.runSuitesSequentially(TestNG.java:1249)
	at org.testng.TestNG.runSuitesLocally(TestNG.java:1169)
	at org.testng.TestNG.runSuites(TestNG.java:1092)
	at org.testng.TestNG.run(TestNG.java:1060)
	at org.apache.maven.surefire.testng.TestNGExecutor.run(TestNGExecutor.java:295)
	at org.apache.maven.surefire.testng.TestNGXmlTestSuite.execute(TestNGXmlTestSuite.java:84)
	at org.apache.maven.surefire.testng.TestNGProvider.invoke(TestNGProvider.java:90)
	at org.apache.maven.surefire.booter.ForkedBooter.invokeProviderInSameClassLoader(ForkedBooter.java:203)
	at org.apache.maven.surefire.booter.ForkedBooter.runSuitesInProcess(ForkedBooter.java:155)
	at org.apache.maven.surefire.booter.ForkedBooter.main(ForkedBooter.java:103)
Caused by: javax.net.ssl.SSLHandshakeException: PKIX path building failed: sun.security.provider.certpath.SunCertPathBuilderException: unable to find valid certification path to requested target
	at java.base/sun.security.ssl.Alert.createSSLException(Alert.java:131)
	at java.base/sun.security.ssl.TransportContext.fatal(TransportContext.java:369)
	at java.base/sun.security.ssl.TransportContext.fatal(TransportContext.java:312)
	at java.base/sun.security.ssl.TransportContext.fatal(TransportContext.java:307)
	at java.base/sun.security.ssl.CertificateMessage$T13CertificateConsumer.checkServerCerts(CertificateMessage.java:1357)
	at java.base/sun.security.ssl.CertificateMessage$T13CertificateConsumer.onConsumeCertificate(CertificateMessage.java:1232)
	at java.base/sun.security.ssl.CertificateMessage$T13CertificateConsumer.consume(CertificateMessage.java:1175)
	at java.base/sun.security.ssl.SSLHandshake.consume(SSLHandshake.java:396)
	at java.base/sun.security.ssl.HandshakeContext.dispatch(HandshakeContext.java:480)
	at java.base/sun.security.ssl.HandshakeContext.dispatch(HandshakeContext.java:458)
	at java.base/sun.security.ssl.TransportContext.dispatch(TransportContext.java:199)
	at java.base/sun.security.ssl.SSLTransport.decode(SSLTransport.java:172)
	at java.base/sun.security.ssl.SSLSocketImpl.decode(SSLSocketImpl.java:1506)
	at java.base/sun.security.ssl.SSLSocketImpl.readHandshakeRecord(SSLSocketImpl.java:1416)
	at java.base/sun.security.ssl.SSLSocketImpl.startHandshake(SSLSocketImpl.java:451)
	at java.base/sun.security.ssl.SSLSocketImpl.startHandshake(SSLSocketImpl.java:422)
	at java.base/sun.net.www.protocol.https.HttpsClient.afterConnect(HttpsClient.java:574)
	at java.base/sun.net.www.protocol.https.AbstractDelegateHttpsURLConnection.connect(AbstractDelegateHttpsURLConnection.java:183)
	at java.base/sun.net.www.protocol.http.HttpURLConnection.getInputStream0(HttpURLConnection.java:1653)
	at java.base/sun.net.www.protocol.http.HttpURLConnection.getInputStream(HttpURLConnection.java:1577)
	at java.base/sun.net.www.protocol.http.HttpURLConnection.getHeaderFields(HttpURLConnection.java:3229)
	at java.base/sun.net.www.protocol.https.HttpsURLConnectionImpl.getHeaderFields(HttpsURLConnectionImpl.java:253)
	at io.cucumber.core.plugin.UrlOutputStream.getResponseBody(UrlOutputStream.java:110)
	at io.cucumber.core.plugin.UrlOutputStream.sendRequest(UrlOutputStream.java:83)
	at io.cucumber.core.plugin.UrlOutputStream.close(UrlOutputStream.java:63)
	at java.base/sun.nio.cs.StreamEncoder.implClose(StreamEncoder.java:353)
	at java.base/sun.nio.cs.StreamEncoder.close(StreamEncoder.java:168)
	at java.base/java.io.OutputStreamWriter.close(OutputStreamWriter.java:252)
	at io.cucumber.core.plugin.MessageFormatter.writeMessage(MessageFormatter.java:33)
	at io.cucumber.core.eventbus.AbstractEventPublisher.send(AbstractEventPublisher.java:51)
	at io.cucumber.core.eventbus.AbstractEventBus.send(AbstractEventBus.java:12)
	at io.cucumber.core.runtime.CucumberExecutionContext.emitTestRunFinished(CucumberExecutionContext.java:102)
	at io.cucumber.core.runtime.CucumberExecutionContext.finishTestRun(CucumberExecutionContext.java:74)
	at io.cucumber.testng.TestNGCucumberRunner.finish(TestNGCucumberRunner.java:126)
	at io.cucumber.testng.AbstractTestNGCucumberTests.tearDownClass(AbstractTestNGCucumberTests.java:53)
	at java.base/jdk.internal.reflect.NativeMethodAccessorImpl.invoke0(Native Method)
	at java.base/jdk.internal.reflect.NativeMethodAccessorImpl.invoke(NativeMethodAccessorImpl.java:78)
	at java.base/jdk.internal.reflect.DelegatingMethodAccessorImpl.invoke(DelegatingMethodAccessorImpl.java:43)
	at java.base/java.lang.reflect.Method.invoke(Method.java:567)
	at org.testng.internal.invokers.MethodInvocationHelper.invokeMethod(MethodInvocationHelper.java:135)
	at org.testng.internal.invokers.MethodInvocationHelper.invokeMethodConsideringTimeout(MethodInvocationHelper.java:65)
	at org.testng.internal.invokers.ConfigInvoker.invokeConfigurationMethod(ConfigInvoker.java:381)
	at org.testng.internal.invokers.ConfigInvoker.invokeConfigurations(ConfigInvoker.java:319)
	at org.testng.internal.invokers.TestMethodWorker.invokeAfterClassMethods(TestMethodWorker.java:220)
	at org.testng.internal.invokers.TestMethodWorker.run(TestMethodWorker.java:130)
	at java.base/java.util.ArrayList.forEach(ArrayList.java:1511)
	at org.testng.TestRunner.privateRun(TestRunner.java:808)
	at org.testng.TestRunner.run(TestRunner.java:603)
	at org.testng.SuiteRunner.runTest(SuiteRunner.java:429)
	at org.testng.SuiteRunner.runSequentially(SuiteRunner.java:423)
	at org.testng.SuiteRunner.privateRun(SuiteRunner.java:383)
	at org.testng.SuiteRunner.run(SuiteRunner.java:326)
	at org.testng.SuiteRunnerWorker.runSuite(SuiteRunnerWorker.java:52)
	at org.testng.SuiteRunnerWorker.run(SuiteRunnerWorker.java:95)
	at org.testng.TestNG.runSuitesSequentially(TestNG.java:1249)
	at org.testng.TestNG.runSuitesLocally(TestNG.java:1169)
	at org.testng.TestNG.runSuites(TestNG.java:1092)
	at org.testng.TestNG.run(TestNG.java:1060)
	at org.apache.maven.surefire.testng.TestNGExecutor.run(TestNGExecutor.java:295)
	at org.apache.maven.surefire.testng.TestNGXmlTestSuite.execute(TestNGXmlTestSuite.java:84)
	at org.apache.maven.surefire.testng.TestNGProvider.invoke(TestNGProvider.java:90)
	at org.apache.maven.surefire.booter.ForkedBooter.invokeProviderInSameClassLoader(ForkedBooter.java:203)
	at org.apache.maven.surefire.booter.ForkedBooter.runSuitesInProcess(ForkedBooter.java:155)
	at org.apache.maven.surefire.booter.ForkedBooter.main(ForkedBooter.java:103)
Caused by: sun.security.validator.ValidatorException: PKIX path building failed: sun.security.provider.certpath.SunCertPathBuilderException: unable to find valid certification path to requested target
	at java.base/sun.security.validator.PKIXValidator.doBuild(PKIXValidator.java:439)
	at java.base/sun.security.validator.PKIXValidator.engineValidate(PKIXValidator.java:306)
	at java.base/sun.security.validator.Validator.validate(Validator.java:264)
	at java.base/sun.security.ssl.X509TrustManagerImpl.checkTrusted(X509TrustManagerImpl.java:231)
	at java.base/sun.security.ssl.X509TrustManagerImpl.checkServerTrusted(X509TrustManagerImpl.java:132)
	at java.base/sun.security.ssl.CertificateMessage$T13CertificateConsumer.checkServerCerts(CertificateMessage.java:1341)
	at java.base/sun.security.ssl.CertificateMessage$T13CertificateConsumer.onConsumeCertificate(CertificateMessage.java:1232)
	at java.base/sun.security.ssl.CertificateMessage$T13CertificateConsumer.consume(CertificateMessage.java:1175)
	at java.base/sun.security.ssl.SSLHandshake.consume(SSLHandshake.java:396)
	at java.base/sun.security.ssl.HandshakeContext.dispatch(HandshakeContext.java:480)
	at java.base/sun.security.ssl.HandshakeContext.dispatch(HandshakeContext.java:458)
	at java.base/sun.security.ssl.TransportContext.dispatch(TransportContext.java:199)
	at java.base/sun.security.ssl.SSLTransport.decode(SSLTransport.java:172)
	at java.base/sun.security.ssl.SSLSocketImpl.decode(SSLSocketImpl.java:1506)
	at java.base/sun.security.ssl.SSLSocketImpl.readHandshakeRecord(SSLSocketImpl.java:1416)
	at java.base/sun.security.ssl.SSLSocketImpl.startHandshake(SSLSocketImpl.java:451)
	at java.base/sun.security.ssl.SSLSocketImpl.startHandshake(SSLSocketImpl.java:422)
	at java.base/sun.net.www.protocol.https.HttpsClient.afterConnect(HttpsClient.java:574)
	at java.base/sun.net.www.protocol.https.AbstractDelegateHttpsURLConnection.connect(AbstractDelegateHttpsURLConnection.java:183)
	at java.base/sun.net.www.protocol.http.HttpURLConnection.getInputStream0(HttpURLConnection.java:1653)
	at java.base/sun.net.www.protocol.http.HttpURLConnection.getInputStream(HttpURLConnection.java:1577)
	at java.base/sun.net.www.protocol.http.HttpURLConnection.getHeaderFields(HttpURLConnection.java:3229)
	at java.base/sun.net.www.protocol.https.HttpsURLConnectionImpl.getHeaderFields(HttpsURLConnectionImpl.java:253)
	at io.cucumber.core.plugin.UrlOutputStream.getResponseBody(UrlOutputStream.java:110)
	at io.cucumber.core.plugin.UrlOutputStream.sendRequest(UrlOutputStream.java:83)
	at io.cucumber.core.plugin.UrlOutputStream.close(UrlOutputStream.java:63)
	at java.base/sun.nio.cs.StreamEncoder.implClose(StreamEncoder.java:353)
	at java.base/sun.nio.cs.StreamEncoder.close(StreamEncoder.java:168)
	at java.base/java.io.OutputStreamWriter.close(OutputStreamWriter.java:252)
	at io.cucumber.core.plugin.MessageFormatter.writeMessage(MessageFormatter.java:33)
	at io.cucumber.core.eventbus.AbstractEventPublisher.send(AbstractEventPublisher.java:51)
	at io.cucumber.core.eventbus.AbstractEventBus.send(AbstractEventBus.java:12)
	at io.cucumber.core.runtime.CucumberExecutionContext.emitTestRunFinished(CucumberExecutionContext.java:102)
	at io.cucumber.core.runtime.CucumberExecutionContext.finishTestRun(CucumberExecutionContext.java:74)
	at io.cucumber.testng.TestNGCucumberRunner.finish(TestNGCucumberRunner.java:126)
	at io.cucumber.testng.AbstractTestNGCucumberTests.tearDownClass(AbstractTestNGCucumberTests.java:53)
	at java.base/jdk.internal.reflect.NativeMethodAccessorImpl.invoke0(Native Method)
	at java.base/jdk.internal.reflect.NativeMethodAccessorImpl.invoke(NativeMethodAccessorImpl.java:78)
	at java.base/jdk.internal.reflect.DelegatingMethodAccessorImpl.invoke(DelegatingMethodAccessorImpl.java:43)
	at java.base/java.lang.reflect.Method.invoke(Method.java:567)
	at org.testng.internal.invokers.MethodInvocationHelper.invokeMethod(MethodInvocationHelper.java:135)
	at org.testng.internal.invokers.MethodInvocationHelper.invokeMethodConsideringTimeout(MethodInvocationHelper.java:65)
	at org.testng.internal.invokers.ConfigInvoker.invokeConfigurationMethod(ConfigInvoker.java:381)
	at org.testng.internal.invokers.ConfigInvoker.invokeConfigurations(ConfigInvoker.java:319)
	at org.testng.internal.invokers.TestMethodWorker.invokeAfterClassMethods(TestMethodWorker.java:220)
	at org.testng.internal.invokers.TestMethodWorker.run(TestMethodWorker.java:130)
	at java.base/java.util.ArrayList.forEach(ArrayList.java:1511)
	at org.testng.TestRunner.privateRun(TestRunner.java:808)
	at org.testng.TestRunner.run(TestRunner.java:603)
	at org.testng.SuiteRunner.runTest(SuiteRunner.java:429)
	at org.testng.SuiteRunner.runSequentially(SuiteRunner.java:423)
	at org.testng.SuiteRunner.privateRun(SuiteRunner.java:383)
	at org.testng.SuiteRunner.run(SuiteRunner.java:326)
	at org.testng.SuiteRunnerWorker.runSuite(SuiteRunnerWorker.java:52)
	at org.testng.SuiteRunnerWorker.run(SuiteRunnerWorker.java:95)
	at org.testng.TestNG.runSuitesSequentially(TestNG.java:1249)
	at org.testng.TestNG.runSuitesLocally(TestNG.java:1169)
	at org.testng.TestNG.runSuites(TestNG.java:1092)
	at org.testng.TestNG.run(TestNG.java:1060)
	at org.apache.maven.surefire.testng.TestNGExecutor.run(TestNGExecutor.java:295)
	at org.apache.maven.surefire.testng.TestNGXmlTestSuite.execute(TestNGXmlTestSuite.java:84)
	at org.apache.maven.surefire.testng.TestNGProvider.invoke(TestNGProvider.java:90)
	at org.apache.maven.surefire.booter.ForkedBooter.invokeProviderInSameClassLoader(ForkedBooter.java:203)
	at org.apache.maven.surefire.booter.ForkedBooter.runSuitesInProcess(ForkedBooter.java:155)
	at org.apache.maven.surefire.booter.ForkedBooter.main(ForkedBooter.java:103)
Caused by: sun.security.provider.certpath.SunCertPathBuilderException: unable to find valid certification path to requested target
	at java.base/sun.security.provider.certpath.SunCertPathBuilder.build(SunCertPathBuilder.java:141)
	at java.base/sun.security.provider.certpath.SunCertPathBuilder.engineBuild(SunCertPathBuilder.java:126)
	at java.base/java.security.cert.CertPathBuilder.build(CertPathBuilder.java:297)
	at java.base/sun.security.validator.PKIXValidator.doBuild(PKIXValidator.java:434)
	at java.base/sun.security.validator.PKIXValidator.engineValidate(PKIXValidator.java:306)
	at java.base/sun.security.validator.Validator.validate(Validator.java:264)
	at java.base/sun.security.ssl.X509TrustManagerImpl.checkTrusted(X509TrustManagerImpl.java:231)
	at java.base/sun.security.ssl.X509TrustManagerImpl.checkServerTrusted(X509TrustManagerImpl.java:132)
	at java.base/sun.security.ssl.CertificateMessage$T13CertificateConsumer.checkServerCerts(CertificateMessage.java:1341)
	at java.base/sun.security.ssl.CertificateMessage$T13CertificateConsumer.onConsumeCertificate(CertificateMessage.java:1232)
	at java.base/sun.security.ssl.CertificateMessage$T13CertificateConsumer.consume(CertificateMessage.java:1175)
	at java.base/sun.security.ssl.SSLHandshake.consume(SSLHandshake.java:396)
	at java.base/sun.security.ssl.HandshakeContext.dispatch(HandshakeContext.java:480)
	at java.base/sun.security.ssl.HandshakeContext.dispatch(HandshakeContext.java:458)
	at java.base/sun.security.ssl.TransportContext.dispatch(TransportContext.java:199)
	at java.base/sun.security.ssl.SSLTransport.decode(SSLTransport.java:172)
	at java.base/sun.security.ssl.SSLSocketImpl.decode(SSLSocketImpl.java:1506)
	at java.base/sun.security.ssl.SSLSocketImpl.readHandshakeRecord(SSLSocketImpl.java:1416)
	at java.base/sun.security.ssl.SSLSocketImpl.startHandshake(SSLSocketImpl.java:451)
	at java.base/sun.security.ssl.SSLSocketImpl.startHandshake(SSLSocketImpl.java:422)
	at java.base/sun.net.www.protocol.https.HttpsClient.afterConnect(HttpsClient.java:574)
	at java.base/sun.net.www.protocol.https.AbstractDelegateHttpsURLConnection.connect(AbstractDelegateHttpsURLConnection.java:183)
	at java.base/sun.net.www.protocol.http.HttpURLConnection.getInputStream0(HttpURLConnection.java:1653)
	at java.base/sun.net.www.protocol.http.HttpURLConnection.getInputStream(HttpURLConnection.java:1577)
	at java.base/sun.net.www.protocol.http.HttpURLConnection.getHeaderFields(HttpURLConnection.java:3229)
	at java.base/sun.net.www.protocol.https.HttpsURLConnectionImpl.getHeaderFields(HttpsURLConnectionImpl.java:253)
	at io.cucumber.core.plugin.UrlOutputStream.getResponseBody(UrlOutputStream.java:110)
	at io.cucumber.core.plugin.UrlOutputStream.sendRequest(UrlOutputStream.java:83)
	at io.cucumber.core.plugin.UrlOutputStream.close(UrlOutputStream.java:63)
	at java.base/sun.nio.cs.StreamEncoder.implClose(StreamEncoder.java:353)
	at java.base/sun.nio.cs.StreamEncoder.close(StreamEncoder.java:168)
	at java.base/java.io.OutputStreamWriter.close(OutputStreamWriter.java:252)
	at io.cucumber.core.plugin.MessageFormatter.writeMessage(MessageFormatter.java:33)
	at io.cucumber.core.eventbus.AbstractEventPublisher.send(AbstractEventPublisher.java:51)
	at io.cucumber.core.eventbus.AbstractEventBus.send(AbstractEventBus.java:12)
	at io.cucumber.core.runtime.CucumberExecutionContext.emitTestRunFinished(CucumberExecutionContext.java:102)
	at io.cucumber.core.runtime.CucumberExecutionContext.finishTestRun(CucumberExecutionContext.java:74)
	at io.cucumber.testng.TestNGCucumberRunner.finish(TestNGCucumberRunner.java:126)
	at io.cucumber.testng.AbstractTestNGCucumberTests.tearDownClass(AbstractTestNGCucumberTests.java:53)
	at java.base/jdk.internal.reflect.NativeMethodAccessorImpl.invoke0(Native Method)
	at java.base/jdk.internal.reflect.NativeMethodAccessorImpl.invoke(NativeMethodAccessorImpl.java:78)
	at java.base/jdk.internal.reflect.DelegatingMethodAccessorImpl.invoke(DelegatingMethodAccessorImpl.java:43)
	at java.base/java.lang.reflect.Method.invoke(Method.java:567)
	at org.testng.internal.invokers.MethodInvocationHelper.invokeMethod(MethodInvocationHelper.java:135)
	at org.testng.internal.invokers.MethodInvocationHelper.invokeMethodConsideringTimeout(MethodInvocationHelper.java:65)
	at org.testng.internal.invokers.ConfigInvoker.invokeConfigurationMethod(ConfigInvoker.java:381)
	at org.testng.internal.invokers.ConfigInvoker.invokeConfigurations(ConfigInvoker.java:319)
	at org.testng.internal.invokers.TestMethodWorker.invokeAfterClassMethods(TestMethodWorker.java:220)
	at org.testng.internal.invokers.TestMethodWorker.run(TestMethodWorker.java:130)
	at java.base/java.util.ArrayList.forEach(ArrayList.java:1511)
	at org.testng.TestRunner.privateRun(TestRunner.java:808)
	at org.testng.TestRunner.run(TestRunner.java:603)
	at org.testng.SuiteRunner.runTest(SuiteRunner.java:429)
	at org.testng.SuiteRunner.runSequentially(SuiteRunner.java:423)
	at org.testng.SuiteRunner.privateRun(SuiteRunner.java:383)
	at org.testng.SuiteRunner.run(SuiteRunner.java:326)
	at org.testng.SuiteRunnerWorker.runSuite(SuiteRunnerWorker.java:52)
	at org.testng.SuiteRunnerWorker.run(SuiteRunnerWorker.java:95)
	at org.testng.TestNG.runSuitesSequentially(TestNG.java:1249)
	at org.testng.TestNG.runSuitesLocally(TestNG.java:1169)
	at org.testng.TestNG.runSuites(TestNG.java:1092)
	at org.testng.TestNG.run(TestNG.java:1060)
	at org.apache.maven.surefire.testng.TestNGExecutor.run(TestNGExecutor.java:295)
	at org.apache.maven.surefire.testng.TestNGXmlTestSuite.execute(TestNGXmlTestSuite.java:84)
	at org.apache.maven.surefire.testng.TestNGProvider.invoke(TestNGProvider.java:90)
	at org.apache.maven.surefire.booter.ForkedBooter.invokeProviderInSameClassLoader(ForkedBooter.java:203)
	at org.apache.maven.surefire.booter.ForkedBooter.runSuitesInProcess(ForkedBooter.java:155)
	at org.apache.maven.surefire.booter.ForkedBooter.main(ForkedBooter.java:103)
</failure>
    <system-out><![CDATA[[]]]></system-out>
    <system-err><![CDATA[log4j:WARN No appenders could be found for logger (freemarker.cache).
log4j:WARN Please initialize the log4j system properly.
log4j:WARN See http://logging.apache.org/log4j/1.2/faq.html#noconfig for more info.
]]></system-err>
  </testcase>
</testsuite>