<?xml version="1.0" encoding="UTF-8"?>
<!-- Generated by org.testng.reporters.JUnitReportReporter -->
<testsuite hostname="Mikes-MacBook-Pro.local" failures="111" tests="111" name="tests.runners.RunTest" time="2.571" errors="0" timestamp="2023-08-25T11:34:43 EEST" skipped="0">
  <testcase classname="tests.runners.RunTest" name="runScenario" time="0.020">
    <failure message="Environment Variable is NOT Set" type="java.lang.AssertionError">
      <![CDATA[java.lang.AssertionError: Environment Variable is NOT Set
at org.testng.Assert.fail(Assert.java:110)
at tests.utility.Hooks.ConfigFileReader(Hooks.java:70)
at tests.utility.Hooks.initWebDrivereStore(Hooks.java:150)
]]>
    </failure>
  </testcase> <!-- runScenario -->
  <system-out/>
  <testcase classname="tests.runners.RunTest" name="runScenario" time="0.022">
    <failure message="Environment Variable is NOT Set" type="java.lang.AssertionError">
      <![CDATA[java.lang.AssertionError: Environment Variable is NOT Set
at org.testng.Assert.fail(Assert.java:110)
at tests.utility.Hooks.ConfigFileReader(Hooks.java:70)
at tests.utility.Hooks.initWebDrivereStore(Hooks.java:150)
]]>
    </failure>
  </testcase> <!-- runScenario -->
  <system-out/>
  <testcase classname="tests.runners.RunTest" name="runScenario" time="0.019">
    <failure message="Environment Variable is NOT Set" type="java.lang.AssertionError">
      <![CDATA[java.lang.AssertionError: Environment Variable is NOT Set
at org.testng.Assert.fail(Assert.java:110)
at tests.utility.Hooks.ConfigFileReader(Hooks.java:70)
at tests.utility.Hooks.initWebDrivereStore(Hooks.java:150)
]]>
    </failure>
  </testcase> <!-- runScenario -->
  <system-out/>
  <testcase classname="tests.runners.RunTest" name="runScenario" time="0.020">
    <failure message="Environment Variable is NOT Set" type="java.lang.AssertionError">
      <![CDATA[java.lang.AssertionError: Environment Variable is NOT Set
at org.testng.Assert.fail(Assert.java:110)
at tests.utility.Hooks.ConfigFileReader(Hooks.java:70)
at tests.utility.Hooks.initWebDrivereStore(Hooks.java:150)
]]>
    </failure>
  </testcase> <!-- runScenario -->
  <system-out/>
  <testcase classname="tests.runners.RunTest" name="runScenario" time="0.020">
    <failure message="Environment Variable is NOT Set" type="java.lang.AssertionError">
      <![CDATA[java.lang.AssertionError: Environment Variable is NOT Set
at org.testng.Assert.fail(Assert.java:110)
at tests.utility.Hooks.ConfigFileReader(Hooks.java:70)
at tests.utility.Hooks.initWebDrivereStore(Hooks.java:150)
]]>
    </failure>
  </testcase> <!-- runScenario -->
  <system-out/>
  <testcase classname="tests.runners.RunTest" name="runScenario" time="0.021">
    <failure message="Environment Variable is NOT Set" type="java.lang.AssertionError">
      <![CDATA[java.lang.AssertionError: Environment Variable is NOT Set
at org.testng.Assert.fail(Assert.java:110)
at tests.utility.Hooks.ConfigFileReader(Hooks.java:70)
at tests.utility.Hooks.initWebDrivereStore(Hooks.java:150)
]]>
    </failure>
  </testcase> <!-- runScenario -->
  <system-out/>
  <testcase classname="tests.runners.RunTest" name="runScenario" time="0.019">
    <failure message="Environment Variable is NOT Set" type="java.lang.AssertionError">
      <![CDATA[java.lang.AssertionError: Environment Variable is NOT Set
at org.testng.Assert.fail(Assert.java:110)
at tests.utility.Hooks.ConfigFileReader(Hooks.java:70)
at tests.utility.Hooks.initWebDrivereStore(Hooks.java:150)
]]>
    </failure>
  </testcase> <!-- runScenario -->
  <system-out/>
  <testcase classname="tests.runners.RunTest" name="runScenario" time="0.019">
    <failure message="Environment Variable is NOT Set" type="java.lang.AssertionError">
      <![CDATA[java.lang.AssertionError: Environment Variable is NOT Set
at org.testng.Assert.fail(Assert.java:110)
at tests.utility.Hooks.ConfigFileReader(Hooks.java:70)
at tests.utility.Hooks.initWebDrivereStore(Hooks.java:150)
]]>
    </failure>
  </testcase> <!-- runScenario -->
  <system-out/>
  <testcase classname="tests.runners.RunTest" name="runScenario" time="0.030">
    <failure message="Environment Variable is NOT Set" type="java.lang.AssertionError">
      <![CDATA[java.lang.AssertionError: Environment Variable is NOT Set
at org.testng.Assert.fail(Assert.java:110)
at tests.utility.Hooks.ConfigFileReader(Hooks.java:70)
at tests.utility.Hooks.initWebDrivereStore(Hooks.java:150)
]]>
    </failure>
  </testcase> <!-- runScenario -->
  <system-out/>
  <testcase classname="tests.runners.RunTest" name="runScenario" time="0.021">
    <failure message="Environment Variable is NOT Set" type="java.lang.AssertionError">
      <![CDATA[java.lang.AssertionError: Environment Variable is NOT Set
at org.testng.Assert.fail(Assert.java:110)
at tests.utility.Hooks.ConfigFileReader(Hooks.java:70)
at tests.utility.Hooks.initWebDrivereStore(Hooks.java:150)
]]>
    </failure>
  </testcase> <!-- runScenario -->
  <system-out/>
  <testcase classname="tests.runners.RunTest" name="runScenario" time="0.026">
    <failure message="Environment Variable is NOT Set" type="java.lang.AssertionError">
      <![CDATA[java.lang.AssertionError: Environment Variable is NOT Set
at org.testng.Assert.fail(Assert.java:110)
at tests.utility.Hooks.ConfigFileReader(Hooks.java:70)
at tests.utility.Hooks.initWebDrivereStore(Hooks.java:150)
]]>
    </failure>
  </testcase> <!-- runScenario -->
  <system-out/>
  <testcase classname="tests.runners.RunTest" name="runScenario" time="0.019">
    <failure message="Environment Variable is NOT Set" type="java.lang.AssertionError">
      <![CDATA[java.lang.AssertionError: Environment Variable is NOT Set
at org.testng.Assert.fail(Assert.java:110)
at tests.utility.Hooks.ConfigFileReader(Hooks.java:70)
at tests.utility.Hooks.initWebDrivereStore(Hooks.java:150)
]]>
    </failure>
  </testcase> <!-- runScenario -->
  <system-out/>
  <testcase classname="tests.runners.RunTest" name="runScenario" time="0.018">
    <failure message="Environment Variable is NOT Set" type="java.lang.AssertionError">
      <![CDATA[java.lang.AssertionError: Environment Variable is NOT Set
at org.testng.Assert.fail(Assert.java:110)
at tests.utility.Hooks.ConfigFileReader(Hooks.java:70)
at tests.utility.Hooks.initWebDrivereStore(Hooks.java:150)
]]>
    </failure>
  </testcase> <!-- runScenario -->
  <system-out/>
  <testcase classname="tests.runners.RunTest" name="runScenario" time="0.021">
    <failure message="Environment Variable is NOT Set" type="java.lang.AssertionError">
      <![CDATA[java.lang.AssertionError: Environment Variable is NOT Set
at org.testng.Assert.fail(Assert.java:110)
at tests.utility.Hooks.ConfigFileReader(Hooks.java:70)
at tests.utility.Hooks.initWebDrivereStore(Hooks.java:150)
]]>
    </failure>
  </testcase> <!-- runScenario -->
  <system-out/>
  <testcase classname="tests.runners.RunTest" name="runScenario" time="0.021">
    <failure message="Environment Variable is NOT Set" type="java.lang.AssertionError">
      <![CDATA[java.lang.AssertionError: Environment Variable is NOT Set
at org.testng.Assert.fail(Assert.java:110)
at tests.utility.Hooks.ConfigFileReader(Hooks.java:70)
at tests.utility.Hooks.initWebDrivereStore(Hooks.java:150)
]]>
    </failure>
  </testcase> <!-- runScenario -->
  <system-out/>
  <testcase classname="tests.runners.RunTest" name="runScenario" time="0.020">
    <failure message="Environment Variable is NOT Set" type="java.lang.AssertionError">
      <![CDATA[java.lang.AssertionError: Environment Variable is NOT Set
at org.testng.Assert.fail(Assert.java:110)
at tests.utility.Hooks.ConfigFileReader(Hooks.java:70)
at tests.utility.Hooks.initWebDrivereStore(Hooks.java:150)
]]>
    </failure>
  </testcase> <!-- runScenario -->
  <system-out/>
  <testcase classname="tests.runners.RunTest" name="runScenario" time="0.017">
    <failure message="Environment Variable is NOT Set" type="java.lang.AssertionError">
      <![CDATA[java.lang.AssertionError: Environment Variable is NOT Set
at org.testng.Assert.fail(Assert.java:110)
at tests.utility.Hooks.ConfigFileReader(Hooks.java:70)
at tests.utility.Hooks.initWebDrivereStore(Hooks.java:150)
]]>
    </failure>
  </testcase> <!-- runScenario -->
  <system-out/>
  <testcase classname="tests.runners.RunTest" name="runScenario" time="0.020">
    <failure message="Environment Variable is NOT Set" type="java.lang.AssertionError">
      <![CDATA[java.lang.AssertionError: Environment Variable is NOT Set
at org.testng.Assert.fail(Assert.java:110)
at tests.utility.Hooks.ConfigFileReader(Hooks.java:70)
at tests.utility.Hooks.initWebDrivereStore(Hooks.java:150)
]]>
    </failure>
  </testcase> <!-- runScenario -->
  <system-out/>
  <testcase classname="tests.runners.RunTest" name="runScenario" time="0.019">
    <failure message="Environment Variable is NOT Set" type="java.lang.AssertionError">
      <![CDATA[java.lang.AssertionError: Environment Variable is NOT Set
at org.testng.Assert.fail(Assert.java:110)
at tests.utility.Hooks.ConfigFileReader(Hooks.java:70)
at tests.utility.Hooks.initWebDrivereStore(Hooks.java:150)
]]>
    </failure>
  </testcase> <!-- runScenario -->
  <system-out/>
  <testcase classname="tests.runners.RunTest" name="runScenario" time="0.024">
    <failure message="Environment Variable is NOT Set" type="java.lang.AssertionError">
      <![CDATA[java.lang.AssertionError: Environment Variable is NOT Set
at org.testng.Assert.fail(Assert.java:110)
at tests.utility.Hooks.ConfigFileReader(Hooks.java:70)
at tests.utility.Hooks.initWebDrivereStore(Hooks.java:150)
]]>
    </failure>
  </testcase> <!-- runScenario -->
  <system-out/>
  <testcase classname="tests.runners.RunTest" name="runScenario" time="0.020">
    <failure message="Environment Variable is NOT Set" type="java.lang.AssertionError">
      <![CDATA[java.lang.AssertionError: Environment Variable is NOT Set
at org.testng.Assert.fail(Assert.java:110)
at tests.utility.Hooks.ConfigFileReader(Hooks.java:70)
at tests.utility.Hooks.initWebDrivereStore(Hooks.java:150)
]]>
    </failure>
  </testcase> <!-- runScenario -->
  <system-out/>
  <testcase classname="tests.runners.RunTest" name="runScenario" time="0.033">
    <failure message="Environment Variable is NOT Set" type="java.lang.AssertionError">
      <![CDATA[java.lang.AssertionError: Environment Variable is NOT Set
at org.testng.Assert.fail(Assert.java:110)
at tests.utility.Hooks.ConfigFileReader(Hooks.java:70)
at tests.utility.Hooks.initWebDrivereStore(Hooks.java:150)
]]>
    </failure>
  </testcase> <!-- runScenario -->
  <system-out/>
  <testcase classname="tests.runners.RunTest" name="runScenario" time="0.021">
    <failure message="Environment Variable is NOT Set" type="java.lang.AssertionError">
      <![CDATA[java.lang.AssertionError: Environment Variable is NOT Set
at org.testng.Assert.fail(Assert.java:110)
at tests.utility.Hooks.ConfigFileReader(Hooks.java:70)
at tests.utility.Hooks.initWebDrivereStore(Hooks.java:150)
]]>
    </failure>
  </testcase> <!-- runScenario -->
  <system-out/>
  <testcase classname="tests.runners.RunTest" name="runScenario" time="0.022">
    <failure message="Environment Variable is NOT Set" type="java.lang.AssertionError">
      <![CDATA[java.lang.AssertionError: Environment Variable is NOT Set
at org.testng.Assert.fail(Assert.java:110)
at tests.utility.Hooks.ConfigFileReader(Hooks.java:70)
at tests.utility.Hooks.initWebDrivereStore(Hooks.java:150)
]]>
    </failure>
  </testcase> <!-- runScenario -->
  <system-out/>
  <testcase classname="tests.runners.RunTest" name="runScenario" time="0.021">
    <failure message="Environment Variable is NOT Set" type="java.lang.AssertionError">
      <![CDATA[java.lang.AssertionError: Environment Variable is NOT Set
at org.testng.Assert.fail(Assert.java:110)
at tests.utility.Hooks.ConfigFileReader(Hooks.java:70)
at tests.utility.Hooks.initWebDrivereStore(Hooks.java:150)
]]>
    </failure>
  </testcase> <!-- runScenario -->
  <system-out/>
  <testcase classname="tests.runners.RunTest" name="runScenario" time="0.196">
    <failure message="Environment Variable is NOT Set" type="java.lang.AssertionError">
      <![CDATA[java.lang.AssertionError: Environment Variable is NOT Set
at org.testng.Assert.fail(Assert.java:110)
at tests.utility.Hooks.ConfigFileReader(Hooks.java:70)
at tests.utility.Hooks.initWebDrivereStore(Hooks.java:150)
]]>
    </failure>
  </testcase> <!-- runScenario -->
  <system-out/>
  <testcase classname="tests.runners.RunTest" name="runScenario" time="0.019">
    <failure message="Environment Variable is NOT Set" type="java.lang.AssertionError">
      <![CDATA[java.lang.AssertionError: Environment Variable is NOT Set
at org.testng.Assert.fail(Assert.java:110)
at tests.utility.Hooks.ConfigFileReader(Hooks.java:70)
at tests.utility.Hooks.initWebDrivereStore(Hooks.java:150)
]]>
    </failure>
  </testcase> <!-- runScenario -->
  <system-out/>
  <testcase classname="tests.runners.RunTest" name="runScenario" time="0.019">
    <failure message="Environment Variable is NOT Set" type="java.lang.AssertionError">
      <![CDATA[java.lang.AssertionError: Environment Variable is NOT Set
at org.testng.Assert.fail(Assert.java:110)
at tests.utility.Hooks.ConfigFileReader(Hooks.java:70)
at tests.utility.Hooks.initWebDrivereStore(Hooks.java:150)
]]>
    </failure>
  </testcase> <!-- runScenario -->
  <system-out/>
  <testcase classname="tests.runners.RunTest" name="runScenario" time="0.018">
    <failure message="Environment Variable is NOT Set" type="java.lang.AssertionError">
      <![CDATA[java.lang.AssertionError: Environment Variable is NOT Set
at org.testng.Assert.fail(Assert.java:110)
at tests.utility.Hooks.ConfigFileReader(Hooks.java:70)
at tests.utility.Hooks.initWebDrivereStore(Hooks.java:150)
]]>
    </failure>
  </testcase> <!-- runScenario -->
  <system-out/>
  <testcase classname="tests.runners.RunTest" name="runScenario" time="0.020">
    <failure message="Environment Variable is NOT Set" type="java.lang.AssertionError">
      <![CDATA[java.lang.AssertionError: Environment Variable is NOT Set
at org.testng.Assert.fail(Assert.java:110)
at tests.utility.Hooks.ConfigFileReader(Hooks.java:70)
at tests.utility.Hooks.initWebDrivereStore(Hooks.java:150)
]]>
    </failure>
  </testcase> <!-- runScenario -->
  <system-out/>
  <testcase classname="tests.runners.RunTest" name="runScenario" time="0.026">
    <failure message="Environment Variable is NOT Set" type="java.lang.AssertionError">
      <![CDATA[java.lang.AssertionError: Environment Variable is NOT Set
at org.testng.Assert.fail(Assert.java:110)
at tests.utility.Hooks.ConfigFileReader(Hooks.java:70)
at tests.utility.Hooks.initWebDrivereStore(Hooks.java:150)
]]>
    </failure>
  </testcase> <!-- runScenario -->
  <system-out/>
  <testcase classname="tests.runners.RunTest" name="runScenario" time="0.024">
    <failure message="Environment Variable is NOT Set" type="java.lang.AssertionError">
      <![CDATA[java.lang.AssertionError: Environment Variable is NOT Set
at org.testng.Assert.fail(Assert.java:110)
at tests.utility.Hooks.ConfigFileReader(Hooks.java:70)
at tests.utility.Hooks.initWebDrivereStore(Hooks.java:150)
]]>
    </failure>
  </testcase> <!-- runScenario -->
  <system-out/>
  <testcase classname="tests.runners.RunTest" name="runScenario" time="0.034">
    <failure message="Environment Variable is NOT Set" type="java.lang.AssertionError">
      <![CDATA[java.lang.AssertionError: Environment Variable is NOT Set
at org.testng.Assert.fail(Assert.java:110)
at tests.utility.Hooks.ConfigFileReader(Hooks.java:70)
at tests.utility.Hooks.initWebDrivereStore(Hooks.java:150)
]]>
    </failure>
  </testcase> <!-- runScenario -->
  <system-out/>
  <testcase classname="tests.runners.RunTest" name="runScenario" time="0.023">
    <failure message="Environment Variable is NOT Set" type="java.lang.AssertionError">
      <![CDATA[java.lang.AssertionError: Environment Variable is NOT Set
at org.testng.Assert.fail(Assert.java:110)
at tests.utility.Hooks.ConfigFileReader(Hooks.java:70)
at tests.utility.Hooks.initWebDrivereStore(Hooks.java:150)
]]>
    </failure>
  </testcase> <!-- runScenario -->
  <system-out/>
  <testcase classname="tests.runners.RunTest" name="runScenario" time="0.023">
    <failure message="Environment Variable is NOT Set" type="java.lang.AssertionError">
      <![CDATA[java.lang.AssertionError: Environment Variable is NOT Set
at org.testng.Assert.fail(Assert.java:110)
at tests.utility.Hooks.ConfigFileReader(Hooks.java:70)
at tests.utility.Hooks.initWebDrivereStore(Hooks.java:150)
]]>
    </failure>
  </testcase> <!-- runScenario -->
  <system-out/>
  <testcase classname="tests.runners.RunTest" name="runScenario" time="0.022">
    <failure message="Environment Variable is NOT Set" type="java.lang.AssertionError">
      <![CDATA[java.lang.AssertionError: Environment Variable is NOT Set
at org.testng.Assert.fail(Assert.java:110)
at tests.utility.Hooks.ConfigFileReader(Hooks.java:70)
at tests.utility.Hooks.initWebDrivereStore(Hooks.java:150)
]]>
    </failure>
  </testcase> <!-- runScenario -->
  <system-out/>
  <testcase classname="tests.runners.RunTest" name="runScenario" time="0.021">
    <failure message="Environment Variable is NOT Set" type="java.lang.AssertionError">
      <![CDATA[java.lang.AssertionError: Environment Variable is NOT Set
at org.testng.Assert.fail(Assert.java:110)
at tests.utility.Hooks.ConfigFileReader(Hooks.java:70)
at tests.utility.Hooks.initWebDrivereStore(Hooks.java:150)
]]>
    </failure>
  </testcase> <!-- runScenario -->
  <system-out/>
  <testcase classname="tests.runners.RunTest" name="runScenario" time="0.022">
    <failure message="Environment Variable is NOT Set" type="java.lang.AssertionError">
      <![CDATA[java.lang.AssertionError: Environment Variable is NOT Set
at org.testng.Assert.fail(Assert.java:110)
at tests.utility.Hooks.ConfigFileReader(Hooks.java:70)
at tests.utility.Hooks.initWebDrivereStore(Hooks.java:150)
]]>
    </failure>
  </testcase> <!-- runScenario -->
  <system-out/>
  <testcase classname="tests.runners.RunTest" name="runScenario" time="0.020">
    <failure message="Environment Variable is NOT Set" type="java.lang.AssertionError">
      <![CDATA[java.lang.AssertionError: Environment Variable is NOT Set
at org.testng.Assert.fail(Assert.java:110)
at tests.utility.Hooks.ConfigFileReader(Hooks.java:70)
at tests.utility.Hooks.initWebDrivereStore(Hooks.java:150)
]]>
    </failure>
  </testcase> <!-- runScenario -->
  <system-out/>
  <testcase classname="tests.runners.RunTest" name="runScenario" time="0.030">
    <failure message="Environment Variable is NOT Set" type="java.lang.AssertionError">
      <![CDATA[java.lang.AssertionError: Environment Variable is NOT Set
at org.testng.Assert.fail(Assert.java:110)
at tests.utility.Hooks.ConfigFileReader(Hooks.java:70)
at tests.utility.Hooks.initWebDrivereStore(Hooks.java:150)
]]>
    </failure>
  </testcase> <!-- runScenario -->
  <system-out/>
  <testcase classname="tests.runners.RunTest" name="runScenario" time="0.019">
    <failure message="Environment Variable is NOT Set" type="java.lang.AssertionError">
      <![CDATA[java.lang.AssertionError: Environment Variable is NOT Set
at org.testng.Assert.fail(Assert.java:110)
at tests.utility.Hooks.ConfigFileReader(Hooks.java:70)
at tests.utility.Hooks.initWebDrivereStore(Hooks.java:150)
]]>
    </failure>
  </testcase> <!-- runScenario -->
  <system-out/>
  <testcase classname="tests.runners.RunTest" name="runScenario" time="0.028">
    <failure message="Environment Variable is NOT Set" type="java.lang.AssertionError">
      <![CDATA[java.lang.AssertionError: Environment Variable is NOT Set
at org.testng.Assert.fail(Assert.java:110)
at tests.utility.Hooks.ConfigFileReader(Hooks.java:70)
at tests.utility.Hooks.initWebDrivereStore(Hooks.java:150)
]]>
    </failure>
  </testcase> <!-- runScenario -->
  <system-out/>
  <testcase classname="tests.runners.RunTest" name="runScenario" time="0.021">
    <failure message="Environment Variable is NOT Set" type="java.lang.AssertionError">
      <![CDATA[java.lang.AssertionError: Environment Variable is NOT Set
at org.testng.Assert.fail(Assert.java:110)
at tests.utility.Hooks.ConfigFileReader(Hooks.java:70)
at tests.utility.Hooks.initWebDrivereStore(Hooks.java:150)
]]>
    </failure>
  </testcase> <!-- runScenario -->
  <system-out/>
  <testcase classname="tests.runners.RunTest" name="runScenario" time="0.020">
    <failure message="Environment Variable is NOT Set" type="java.lang.AssertionError">
      <![CDATA[java.lang.AssertionError: Environment Variable is NOT Set
at org.testng.Assert.fail(Assert.java:110)
at tests.utility.Hooks.ConfigFileReader(Hooks.java:70)
at tests.utility.Hooks.initWebDrivereStore(Hooks.java:150)
]]>
    </failure>
  </testcase> <!-- runScenario -->
  <system-out/>
  <testcase classname="tests.runners.RunTest" name="runScenario" time="0.020">
    <failure message="Environment Variable is NOT Set" type="java.lang.AssertionError">
      <![CDATA[java.lang.AssertionError: Environment Variable is NOT Set
at org.testng.Assert.fail(Assert.java:110)
at tests.utility.Hooks.ConfigFileReader(Hooks.java:70)
at tests.utility.Hooks.initWebDrivereStore(Hooks.java:150)
]]>
    </failure>
  </testcase> <!-- runScenario -->
  <system-out/>
  <testcase classname="tests.runners.RunTest" name="runScenario" time="0.021">
    <failure message="Environment Variable is NOT Set" type="java.lang.AssertionError">
      <![CDATA[java.lang.AssertionError: Environment Variable is NOT Set
at org.testng.Assert.fail(Assert.java:110)
at tests.utility.Hooks.ConfigFileReader(Hooks.java:70)
at tests.utility.Hooks.initWebDrivereStore(Hooks.java:150)
]]>
    </failure>
  </testcase> <!-- runScenario -->
  <system-out/>
  <testcase classname="tests.runners.RunTest" name="runScenario" time="0.020">
    <failure message="Environment Variable is NOT Set" type="java.lang.AssertionError">
      <![CDATA[java.lang.AssertionError: Environment Variable is NOT Set
at org.testng.Assert.fail(Assert.java:110)
at tests.utility.Hooks.ConfigFileReader(Hooks.java:70)
at tests.utility.Hooks.initWebDrivereStore(Hooks.java:150)
]]>
    </failure>
  </testcase> <!-- runScenario -->
  <system-out/>
  <testcase classname="tests.runners.RunTest" name="runScenario" time="0.020">
    <failure message="Environment Variable is NOT Set" type="java.lang.AssertionError">
      <![CDATA[java.lang.AssertionError: Environment Variable is NOT Set
at org.testng.Assert.fail(Assert.java:110)
at tests.utility.Hooks.ConfigFileReader(Hooks.java:70)
at tests.utility.Hooks.initWebDrivereStore(Hooks.java:150)
]]>
    </failure>
  </testcase> <!-- runScenario -->
  <system-out/>
  <testcase classname="tests.runners.RunTest" name="runScenario" time="0.019">
    <failure message="Environment Variable is NOT Set" type="java.lang.AssertionError">
      <![CDATA[java.lang.AssertionError: Environment Variable is NOT Set
at org.testng.Assert.fail(Assert.java:110)
at tests.utility.Hooks.ConfigFileReader(Hooks.java:70)
at tests.utility.Hooks.initWebDrivereStore(Hooks.java:150)
]]>
    </failure>
  </testcase> <!-- runScenario -->
  <system-out/>
  <testcase classname="tests.runners.RunTest" name="runScenario" time="0.021">
    <failure message="Environment Variable is NOT Set" type="java.lang.AssertionError">
      <![CDATA[java.lang.AssertionError: Environment Variable is NOT Set
at org.testng.Assert.fail(Assert.java:110)
at tests.utility.Hooks.ConfigFileReader(Hooks.java:70)
at tests.utility.Hooks.initWebDrivereStore(Hooks.java:150)
]]>
    </failure>
  </testcase> <!-- runScenario -->
  <system-out/>
  <testcase classname="tests.runners.RunTest" name="runScenario" time="0.019">
    <failure message="Environment Variable is NOT Set" type="java.lang.AssertionError">
      <![CDATA[java.lang.AssertionError: Environment Variable is NOT Set
at org.testng.Assert.fail(Assert.java:110)
at tests.utility.Hooks.ConfigFileReader(Hooks.java:70)
at tests.utility.Hooks.initWebDrivereStore(Hooks.java:150)
]]>
    </failure>
  </testcase> <!-- runScenario -->
  <system-out/>
  <testcase classname="tests.runners.RunTest" name="runScenario" time="0.020">
    <failure message="Environment Variable is NOT Set" type="java.lang.AssertionError">
      <![CDATA[java.lang.AssertionError: Environment Variable is NOT Set
at org.testng.Assert.fail(Assert.java:110)
at tests.utility.Hooks.ConfigFileReader(Hooks.java:70)
at tests.utility.Hooks.initWebDrivereStore(Hooks.java:150)
]]>
    </failure>
  </testcase> <!-- runScenario -->
  <system-out/>
  <testcase classname="tests.runners.RunTest" name="runScenario" time="0.020">
    <failure message="Environment Variable is NOT Set" type="java.lang.AssertionError">
      <![CDATA[java.lang.AssertionError: Environment Variable is NOT Set
at org.testng.Assert.fail(Assert.java:110)
at tests.utility.Hooks.ConfigFileReader(Hooks.java:70)
at tests.utility.Hooks.initWebDrivereStore(Hooks.java:150)
]]>
    </failure>
  </testcase> <!-- runScenario -->
  <system-out/>
  <testcase classname="tests.runners.RunTest" name="runScenario" time="0.020">
    <failure message="Environment Variable is NOT Set" type="java.lang.AssertionError">
      <![CDATA[java.lang.AssertionError: Environment Variable is NOT Set
at org.testng.Assert.fail(Assert.java:110)
at tests.utility.Hooks.ConfigFileReader(Hooks.java:70)
at tests.utility.Hooks.initWebDrivereStore(Hooks.java:150)
]]>
    </failure>
  </testcase> <!-- runScenario -->
  <system-out/>
  <testcase classname="tests.runners.RunTest" name="runScenario" time="0.021">
    <failure message="Environment Variable is NOT Set" type="java.lang.AssertionError">
      <![CDATA[java.lang.AssertionError: Environment Variable is NOT Set
at org.testng.Assert.fail(Assert.java:110)
at tests.utility.Hooks.ConfigFileReader(Hooks.java:70)
at tests.utility.Hooks.initWebDrivereStore(Hooks.java:150)
]]>
    </failure>
  </testcase> <!-- runScenario -->
  <system-out/>
  <testcase classname="tests.runners.RunTest" name="runScenario" time="0.019">
    <failure message="Environment Variable is NOT Set" type="java.lang.AssertionError">
      <![CDATA[java.lang.AssertionError: Environment Variable is NOT Set
at org.testng.Assert.fail(Assert.java:110)
at tests.utility.Hooks.ConfigFileReader(Hooks.java:70)
at tests.utility.Hooks.initWebDrivereStore(Hooks.java:150)
]]>
    </failure>
  </testcase> <!-- runScenario -->
  <system-out/>
  <testcase classname="tests.runners.RunTest" name="runScenario" time="0.028">
    <failure message="Environment Variable is NOT Set" type="java.lang.AssertionError">
      <![CDATA[java.lang.AssertionError: Environment Variable is NOT Set
at org.testng.Assert.fail(Assert.java:110)
at tests.utility.Hooks.ConfigFileReader(Hooks.java:70)
at tests.utility.Hooks.initWebDrivereStore(Hooks.java:150)
]]>
    </failure>
  </testcase> <!-- runScenario -->
  <system-out/>
  <testcase classname="tests.runners.RunTest" name="runScenario" time="0.021">
    <failure message="Environment Variable is NOT Set" type="java.lang.AssertionError">
      <![CDATA[java.lang.AssertionError: Environment Variable is NOT Set
at org.testng.Assert.fail(Assert.java:110)
at tests.utility.Hooks.ConfigFileReader(Hooks.java:70)
at tests.utility.Hooks.initWebDrivereStore(Hooks.java:150)
]]>
    </failure>
  </testcase> <!-- runScenario -->
  <system-out/>
  <testcase classname="tests.runners.RunTest" name="runScenario" time="0.021">
    <failure message="Environment Variable is NOT Set" type="java.lang.AssertionError">
      <![CDATA[java.lang.AssertionError: Environment Variable is NOT Set
at org.testng.Assert.fail(Assert.java:110)
at tests.utility.Hooks.ConfigFileReader(Hooks.java:70)
at tests.utility.Hooks.initWebDrivereStore(Hooks.java:150)
]]>
    </failure>
  </testcase> <!-- runScenario -->
  <system-out/>
  <testcase classname="tests.runners.RunTest" name="runScenario" time="0.019">
    <failure message="Environment Variable is NOT Set" type="java.lang.AssertionError">
      <![CDATA[java.lang.AssertionError: Environment Variable is NOT Set
at org.testng.Assert.fail(Assert.java:110)
at tests.utility.Hooks.ConfigFileReader(Hooks.java:70)
at tests.utility.Hooks.initWebDrivereStore(Hooks.java:150)
]]>
    </failure>
  </testcase> <!-- runScenario -->
  <system-out/>
  <testcase classname="tests.runners.RunTest" name="runScenario" time="0.023">
    <failure message="Environment Variable is NOT Set" type="java.lang.AssertionError">
      <![CDATA[java.lang.AssertionError: Environment Variable is NOT Set
at org.testng.Assert.fail(Assert.java:110)
at tests.utility.Hooks.ConfigFileReader(Hooks.java:70)
at tests.utility.Hooks.initWebDrivereStore(Hooks.java:150)
]]>
    </failure>
  </testcase> <!-- runScenario -->
  <system-out/>
  <testcase classname="tests.runners.RunTest" name="runScenario" time="0.020">
    <failure message="Environment Variable is NOT Set" type="java.lang.AssertionError">
      <![CDATA[java.lang.AssertionError: Environment Variable is NOT Set
at org.testng.Assert.fail(Assert.java:110)
at tests.utility.Hooks.ConfigFileReader(Hooks.java:70)
at tests.utility.Hooks.initWebDrivereStore(Hooks.java:150)
]]>
    </failure>
  </testcase> <!-- runScenario -->
  <system-out/>
  <testcase classname="tests.runners.RunTest" name="runScenario" time="0.025">
    <failure message="Environment Variable is NOT Set" type="java.lang.AssertionError">
      <![CDATA[java.lang.AssertionError: Environment Variable is NOT Set
at org.testng.Assert.fail(Assert.java:110)
at tests.utility.Hooks.ConfigFileReader(Hooks.java:70)
at tests.utility.Hooks.initWebDrivereStore(Hooks.java:150)
]]>
    </failure>
  </testcase> <!-- runScenario -->
  <system-out/>
  <testcase classname="tests.runners.RunTest" name="runScenario" time="0.019">
    <failure message="Environment Variable is NOT Set" type="java.lang.AssertionError">
      <![CDATA[java.lang.AssertionError: Environment Variable is NOT Set
at org.testng.Assert.fail(Assert.java:110)
at tests.utility.Hooks.ConfigFileReader(Hooks.java:70)
at tests.utility.Hooks.initWebDrivereStore(Hooks.java:150)
]]>
    </failure>
  </testcase> <!-- runScenario -->
  <system-out/>
  <testcase classname="tests.runners.RunTest" name="runScenario" time="0.019">
    <failure message="Environment Variable is NOT Set" type="java.lang.AssertionError">
      <![CDATA[java.lang.AssertionError: Environment Variable is NOT Set
at org.testng.Assert.fail(Assert.java:110)
at tests.utility.Hooks.ConfigFileReader(Hooks.java:70)
at tests.utility.Hooks.initWebDrivereStore(Hooks.java:150)
]]>
    </failure>
  </testcase> <!-- runScenario -->
  <system-out/>
  <testcase classname="tests.runners.RunTest" name="runScenario" time="0.022">
    <failure message="Environment Variable is NOT Set" type="java.lang.AssertionError">
      <![CDATA[java.lang.AssertionError: Environment Variable is NOT Set
at org.testng.Assert.fail(Assert.java:110)
at tests.utility.Hooks.ConfigFileReader(Hooks.java:70)
at tests.utility.Hooks.initWebDrivereStore(Hooks.java:150)
]]>
    </failure>
  </testcase> <!-- runScenario -->
  <system-out/>
  <testcase classname="tests.runners.RunTest" name="runScenario" time="0.023">
    <failure message="Environment Variable is NOT Set" type="java.lang.AssertionError">
      <![CDATA[java.lang.AssertionError: Environment Variable is NOT Set
at org.testng.Assert.fail(Assert.java:110)
at tests.utility.Hooks.ConfigFileReader(Hooks.java:70)
at tests.utility.Hooks.initWebDrivereStore(Hooks.java:150)
]]>
    </failure>
  </testcase> <!-- runScenario -->
  <system-out/>
  <testcase classname="tests.runners.RunTest" name="runScenario" time="0.019">
    <failure message="Environment Variable is NOT Set" type="java.lang.AssertionError">
      <![CDATA[java.lang.AssertionError: Environment Variable is NOT Set
at org.testng.Assert.fail(Assert.java:110)
at tests.utility.Hooks.ConfigFileReader(Hooks.java:70)
at tests.utility.Hooks.initWebDrivereStore(Hooks.java:150)
]]>
    </failure>
  </testcase> <!-- runScenario -->
  <system-out/>
  <testcase classname="tests.runners.RunTest" name="runScenario" time="0.020">
    <failure message="Environment Variable is NOT Set" type="java.lang.AssertionError">
      <![CDATA[java.lang.AssertionError: Environment Variable is NOT Set
at org.testng.Assert.fail(Assert.java:110)
at tests.utility.Hooks.ConfigFileReader(Hooks.java:70)
at tests.utility.Hooks.initWebDrivereStore(Hooks.java:150)
]]>
    </failure>
  </testcase> <!-- runScenario -->
  <system-out/>
  <testcase classname="tests.runners.RunTest" name="runScenario" time="0.020">
    <failure message="Environment Variable is NOT Set" type="java.lang.AssertionError">
      <![CDATA[java.lang.AssertionError: Environment Variable is NOT Set
at org.testng.Assert.fail(Assert.java:110)
at tests.utility.Hooks.ConfigFileReader(Hooks.java:70)
at tests.utility.Hooks.initWebDrivereStore(Hooks.java:150)
]]>
    </failure>
  </testcase> <!-- runScenario -->
  <system-out/>
  <testcase classname="tests.runners.RunTest" name="runScenario" time="0.018">
    <failure message="Environment Variable is NOT Set" type="java.lang.AssertionError">
      <![CDATA[java.lang.AssertionError: Environment Variable is NOT Set
at org.testng.Assert.fail(Assert.java:110)
at tests.utility.Hooks.ConfigFileReader(Hooks.java:70)
at tests.utility.Hooks.initWebDrivereStore(Hooks.java:150)
]]>
    </failure>
  </testcase> <!-- runScenario -->
  <system-out/>
  <testcase classname="tests.runners.RunTest" name="runScenario" time="0.019">
    <failure message="Environment Variable is NOT Set" type="java.lang.AssertionError">
      <![CDATA[java.lang.AssertionError: Environment Variable is NOT Set
at org.testng.Assert.fail(Assert.java:110)
at tests.utility.Hooks.ConfigFileReader(Hooks.java:70)
at tests.utility.Hooks.initWebDrivereStore(Hooks.java:150)
]]>
    </failure>
  </testcase> <!-- runScenario -->
  <system-out/>
  <testcase classname="tests.runners.RunTest" name="runScenario" time="0.018">
    <failure message="Environment Variable is NOT Set" type="java.lang.AssertionError">
      <![CDATA[java.lang.AssertionError: Environment Variable is NOT Set
at org.testng.Assert.fail(Assert.java:110)
at tests.utility.Hooks.ConfigFileReader(Hooks.java:70)
at tests.utility.Hooks.initWebDrivereStore(Hooks.java:150)
]]>
    </failure>
  </testcase> <!-- runScenario -->
  <system-out/>
  <testcase classname="tests.runners.RunTest" name="runScenario" time="0.028">
    <failure message="Environment Variable is NOT Set" type="java.lang.AssertionError">
      <![CDATA[java.lang.AssertionError: Environment Variable is NOT Set
at org.testng.Assert.fail(Assert.java:110)
at tests.utility.Hooks.ConfigFileReader(Hooks.java:70)
at tests.utility.Hooks.initWebDrivereStore(Hooks.java:150)
]]>
    </failure>
  </testcase> <!-- runScenario -->
  <system-out/>
  <testcase classname="tests.runners.RunTest" name="runScenario" time="0.042">
    <failure message="Environment Variable is NOT Set" type="java.lang.AssertionError">
      <![CDATA[java.lang.AssertionError: Environment Variable is NOT Set
at org.testng.Assert.fail(Assert.java:110)
at tests.utility.Hooks.ConfigFileReader(Hooks.java:70)
at tests.utility.Hooks.initWebDrivereStore(Hooks.java:150)
]]>
    </failure>
  </testcase> <!-- runScenario -->
  <system-out/>
  <testcase classname="tests.runners.RunTest" name="runScenario" time="0.022">
    <failure message="Environment Variable is NOT Set" type="java.lang.AssertionError">
      <![CDATA[java.lang.AssertionError: Environment Variable is NOT Set
at org.testng.Assert.fail(Assert.java:110)
at tests.utility.Hooks.ConfigFileReader(Hooks.java:70)
at tests.utility.Hooks.initWebDrivereStore(Hooks.java:150)
]]>
    </failure>
  </testcase> <!-- runScenario -->
  <system-out/>
  <testcase classname="tests.runners.RunTest" name="runScenario" time="0.019">
    <failure message="Environment Variable is NOT Set" type="java.lang.AssertionError">
      <![CDATA[java.lang.AssertionError: Environment Variable is NOT Set
at org.testng.Assert.fail(Assert.java:110)
at tests.utility.Hooks.ConfigFileReader(Hooks.java:70)
at tests.utility.Hooks.initWebDrivereStore(Hooks.java:150)
]]>
    </failure>
  </testcase> <!-- runScenario -->
  <system-out/>
  <testcase classname="tests.runners.RunTest" name="runScenario" time="0.020">
    <failure message="Environment Variable is NOT Set" type="java.lang.AssertionError">
      <![CDATA[java.lang.AssertionError: Environment Variable is NOT Set
at org.testng.Assert.fail(Assert.java:110)
at tests.utility.Hooks.ConfigFileReader(Hooks.java:70)
at tests.utility.Hooks.initWebDrivereStore(Hooks.java:150)
]]>
    </failure>
  </testcase> <!-- runScenario -->
  <system-out/>
  <testcase classname="tests.runners.RunTest" name="runScenario" time="0.019">
    <failure message="Environment Variable is NOT Set" type="java.lang.AssertionError">
      <![CDATA[java.lang.AssertionError: Environment Variable is NOT Set
at org.testng.Assert.fail(Assert.java:110)
at tests.utility.Hooks.ConfigFileReader(Hooks.java:70)
at tests.utility.Hooks.initWebDrivereStore(Hooks.java:150)
]]>
    </failure>
  </testcase> <!-- runScenario -->
  <system-out/>
  <testcase classname="tests.runners.RunTest" name="runScenario" time="0.022">
    <failure message="Environment Variable is NOT Set" type="java.lang.AssertionError">
      <![CDATA[java.lang.AssertionError: Environment Variable is NOT Set
at org.testng.Assert.fail(Assert.java:110)
at tests.utility.Hooks.ConfigFileReader(Hooks.java:70)
at tests.utility.Hooks.initWebDrivereStore(Hooks.java:150)
]]>
    </failure>
  </testcase> <!-- runScenario -->
  <system-out/>
  <testcase classname="tests.runners.RunTest" name="runScenario" time="0.019">
    <failure message="Environment Variable is NOT Set" type="java.lang.AssertionError">
      <![CDATA[java.lang.AssertionError: Environment Variable is NOT Set
at org.testng.Assert.fail(Assert.java:110)
at tests.utility.Hooks.ConfigFileReader(Hooks.java:70)
at tests.utility.Hooks.initWebDrivereStore(Hooks.java:150)
]]>
    </failure>
  </testcase> <!-- runScenario -->
  <system-out/>
  <testcase classname="tests.runners.RunTest" name="runScenario" time="0.020">
    <failure message="Environment Variable is NOT Set" type="java.lang.AssertionError">
      <![CDATA[java.lang.AssertionError: Environment Variable is NOT Set
at org.testng.Assert.fail(Assert.java:110)
at tests.utility.Hooks.ConfigFileReader(Hooks.java:70)
at tests.utility.Hooks.initWebDrivereStore(Hooks.java:150)
]]>
    </failure>
  </testcase> <!-- runScenario -->
  <system-out/>
  <testcase classname="tests.runners.RunTest" name="runScenario" time="0.020">
    <failure message="Environment Variable is NOT Set" type="java.lang.AssertionError">
      <![CDATA[java.lang.AssertionError: Environment Variable is NOT Set
at org.testng.Assert.fail(Assert.java:110)
at tests.utility.Hooks.ConfigFileReader(Hooks.java:70)
at tests.utility.Hooks.initWebDrivereStore(Hooks.java:150)
]]>
    </failure>
  </testcase> <!-- runScenario -->
  <system-out/>
  <testcase classname="tests.runners.RunTest" name="runScenario" time="0.021">
    <failure message="Environment Variable is NOT Set" type="java.lang.AssertionError">
      <![CDATA[java.lang.AssertionError: Environment Variable is NOT Set
at org.testng.Assert.fail(Assert.java:110)
at tests.utility.Hooks.ConfigFileReader(Hooks.java:70)
at tests.utility.Hooks.initWebDrivereStore(Hooks.java:150)
]]>
    </failure>
  </testcase> <!-- runScenario -->
  <system-out/>
  <testcase classname="tests.runners.RunTest" name="runScenario" time="0.020">
    <failure message="Environment Variable is NOT Set" type="java.lang.AssertionError">
      <![CDATA[java.lang.AssertionError: Environment Variable is NOT Set
at org.testng.Assert.fail(Assert.java:110)
at tests.utility.Hooks.ConfigFileReader(Hooks.java:70)
at tests.utility.Hooks.initWebDrivereStore(Hooks.java:150)
]]>
    </failure>
  </testcase> <!-- runScenario -->
  <system-out/>
  <testcase classname="tests.runners.RunTest" name="runScenario" time="0.020">
    <failure message="Environment Variable is NOT Set" type="java.lang.AssertionError">
      <![CDATA[java.lang.AssertionError: Environment Variable is NOT Set
at org.testng.Assert.fail(Assert.java:110)
at tests.utility.Hooks.ConfigFileReader(Hooks.java:70)
at tests.utility.Hooks.initWebDrivereStore(Hooks.java:150)
]]>
    </failure>
  </testcase> <!-- runScenario -->
  <system-out/>
  <testcase classname="tests.runners.RunTest" name="runScenario" time="0.021">
    <failure message="Environment Variable is NOT Set" type="java.lang.AssertionError">
      <![CDATA[java.lang.AssertionError: Environment Variable is NOT Set
at org.testng.Assert.fail(Assert.java:110)
at tests.utility.Hooks.ConfigFileReader(Hooks.java:70)
at tests.utility.Hooks.initWebDrivereStore(Hooks.java:150)
]]>
    </failure>
  </testcase> <!-- runScenario -->
  <system-out/>
  <testcase classname="tests.runners.RunTest" name="runScenario" time="0.022">
    <failure message="Environment Variable is NOT Set" type="java.lang.AssertionError">
      <![CDATA[java.lang.AssertionError: Environment Variable is NOT Set
at org.testng.Assert.fail(Assert.java:110)
at tests.utility.Hooks.ConfigFileReader(Hooks.java:70)
at tests.utility.Hooks.initWebDrivereStore(Hooks.java:150)
]]>
    </failure>
  </testcase> <!-- runScenario -->
  <system-out/>
  <testcase classname="tests.runners.RunTest" name="runScenario" time="0.021">
    <failure message="Environment Variable is NOT Set" type="java.lang.AssertionError">
      <![CDATA[java.lang.AssertionError: Environment Variable is NOT Set
at org.testng.Assert.fail(Assert.java:110)
at tests.utility.Hooks.ConfigFileReader(Hooks.java:70)
at tests.utility.Hooks.initWebDrivereStore(Hooks.java:150)
]]>
    </failure>
  </testcase> <!-- runScenario -->
  <system-out/>
  <testcase classname="tests.runners.RunTest" name="runScenario" time="0.025">
    <failure message="Environment Variable is NOT Set" type="java.lang.AssertionError">
      <![CDATA[java.lang.AssertionError: Environment Variable is NOT Set
at org.testng.Assert.fail(Assert.java:110)
at tests.utility.Hooks.ConfigFileReader(Hooks.java:70)
at tests.utility.Hooks.initWebDrivereStore(Hooks.java:150)
]]>
    </failure>
  </testcase> <!-- runScenario -->
  <system-out/>
  <testcase classname="tests.runners.RunTest" name="runScenario" time="0.021">
    <failure message="Environment Variable is NOT Set" type="java.lang.AssertionError">
      <![CDATA[java.lang.AssertionError: Environment Variable is NOT Set
at org.testng.Assert.fail(Assert.java:110)
at tests.utility.Hooks.ConfigFileReader(Hooks.java:70)
at tests.utility.Hooks.initWebDrivereStore(Hooks.java:150)
]]>
    </failure>
  </testcase> <!-- runScenario -->
  <system-out/>
  <testcase classname="tests.runners.RunTest" name="runScenario" time="0.020">
    <failure message="Environment Variable is NOT Set" type="java.lang.AssertionError">
      <![CDATA[java.lang.AssertionError: Environment Variable is NOT Set
at org.testng.Assert.fail(Assert.java:110)
at tests.utility.Hooks.ConfigFileReader(Hooks.java:70)
at tests.utility.Hooks.initWebDrivereStore(Hooks.java:150)
]]>
    </failure>
  </testcase> <!-- runScenario -->
  <system-out/>
  <testcase classname="tests.runners.RunTest" name="runScenario" time="0.022">
    <failure message="Environment Variable is NOT Set" type="java.lang.AssertionError">
      <![CDATA[java.lang.AssertionError: Environment Variable is NOT Set
at org.testng.Assert.fail(Assert.java:110)
at tests.utility.Hooks.ConfigFileReader(Hooks.java:70)
at tests.utility.Hooks.initWebDrivereStore(Hooks.java:150)
]]>
    </failure>
  </testcase> <!-- runScenario -->
  <system-out/>
  <testcase classname="tests.runners.RunTest" name="runScenario" time="0.020">
    <failure message="Environment Variable is NOT Set" type="java.lang.AssertionError">
      <![CDATA[java.lang.AssertionError: Environment Variable is NOT Set
at org.testng.Assert.fail(Assert.java:110)
at tests.utility.Hooks.ConfigFileReader(Hooks.java:70)
at tests.utility.Hooks.initWebDrivereStore(Hooks.java:150)
]]>
    </failure>
  </testcase> <!-- runScenario -->
  <system-out/>
  <testcase classname="tests.runners.RunTest" name="runScenario" time="0.020">
    <failure message="Environment Variable is NOT Set" type="java.lang.AssertionError">
      <![CDATA[java.lang.AssertionError: Environment Variable is NOT Set
at org.testng.Assert.fail(Assert.java:110)
at tests.utility.Hooks.ConfigFileReader(Hooks.java:70)
at tests.utility.Hooks.initWebDrivereStore(Hooks.java:150)
]]>
    </failure>
  </testcase> <!-- runScenario -->
  <system-out/>
  <testcase classname="tests.runners.RunTest" name="runScenario" time="0.025">
    <failure message="Environment Variable is NOT Set" type="java.lang.AssertionError">
      <![CDATA[java.lang.AssertionError: Environment Variable is NOT Set
at org.testng.Assert.fail(Assert.java:110)
at tests.utility.Hooks.ConfigFileReader(Hooks.java:70)
at tests.utility.Hooks.initWebDrivereStore(Hooks.java:150)
]]>
    </failure>
  </testcase> <!-- runScenario -->
  <system-out/>
  <testcase classname="tests.runners.RunTest" name="runScenario" time="0.021">
    <failure message="Environment Variable is NOT Set" type="java.lang.AssertionError">
      <![CDATA[java.lang.AssertionError: Environment Variable is NOT Set
at org.testng.Assert.fail(Assert.java:110)
at tests.utility.Hooks.ConfigFileReader(Hooks.java:70)
at tests.utility.Hooks.initWebDrivereStore(Hooks.java:150)
]]>
    </failure>
  </testcase> <!-- runScenario -->
  <system-out/>
  <testcase classname="tests.runners.RunTest" name="runScenario" time="0.021">
    <failure message="Environment Variable is NOT Set" type="java.lang.AssertionError">
      <![CDATA[java.lang.AssertionError: Environment Variable is NOT Set
at org.testng.Assert.fail(Assert.java:110)
at tests.utility.Hooks.ConfigFileReader(Hooks.java:70)
at tests.utility.Hooks.initWebDrivereStore(Hooks.java:150)
]]>
    </failure>
  </testcase> <!-- runScenario -->
  <system-out/>
  <testcase classname="tests.runners.RunTest" name="runScenario" time="0.020">
    <failure message="Environment Variable is NOT Set" type="java.lang.AssertionError">
      <![CDATA[java.lang.AssertionError: Environment Variable is NOT Set
at org.testng.Assert.fail(Assert.java:110)
at tests.utility.Hooks.ConfigFileReader(Hooks.java:70)
at tests.utility.Hooks.initWebDrivereStore(Hooks.java:150)
]]>
    </failure>
  </testcase> <!-- runScenario -->
  <system-out/>
  <testcase classname="tests.runners.RunTest" name="runScenario" time="0.020">
    <failure message="Environment Variable is NOT Set" type="java.lang.AssertionError">
      <![CDATA[java.lang.AssertionError: Environment Variable is NOT Set
at org.testng.Assert.fail(Assert.java:110)
at tests.utility.Hooks.ConfigFileReader(Hooks.java:70)
at tests.utility.Hooks.initWebDrivereStore(Hooks.java:150)
]]>
    </failure>
  </testcase> <!-- runScenario -->
  <system-out/>
  <testcase classname="tests.runners.RunTest" name="runScenario" time="0.020">
    <failure message="Environment Variable is NOT Set" type="java.lang.AssertionError">
      <![CDATA[java.lang.AssertionError: Environment Variable is NOT Set
at org.testng.Assert.fail(Assert.java:110)
at tests.utility.Hooks.ConfigFileReader(Hooks.java:70)
at tests.utility.Hooks.initWebDrivereStore(Hooks.java:150)
]]>
    </failure>
  </testcase> <!-- runScenario -->
  <system-out/>
  <testcase classname="tests.runners.RunTest" name="runScenario" time="0.021">
    <failure message="Environment Variable is NOT Set" type="java.lang.AssertionError">
      <![CDATA[java.lang.AssertionError: Environment Variable is NOT Set
at org.testng.Assert.fail(Assert.java:110)
at tests.utility.Hooks.ConfigFileReader(Hooks.java:70)
at tests.utility.Hooks.initWebDrivereStore(Hooks.java:150)
]]>
    </failure>
  </testcase> <!-- runScenario -->
  <system-out/>
  <testcase classname="tests.runners.RunTest" name="runScenario" time="0.020">
    <failure message="Environment Variable is NOT Set" type="java.lang.AssertionError">
      <![CDATA[java.lang.AssertionError: Environment Variable is NOT Set
at org.testng.Assert.fail(Assert.java:110)
at tests.utility.Hooks.ConfigFileReader(Hooks.java:70)
at tests.utility.Hooks.initWebDrivereStore(Hooks.java:150)
]]>
    </failure>
  </testcase> <!-- runScenario -->
  <system-out/>
  <testcase classname="tests.runners.RunTest" name="runScenario" time="0.019">
    <failure message="Environment Variable is NOT Set" type="java.lang.AssertionError">
      <![CDATA[java.lang.AssertionError: Environment Variable is NOT Set
at org.testng.Assert.fail(Assert.java:110)
at tests.utility.Hooks.ConfigFileReader(Hooks.java:70)
at tests.utility.Hooks.initWebDrivereStore(Hooks.java:150)
]]>
    </failure>
  </testcase> <!-- runScenario -->
  <system-out/>
  <testcase classname="tests.runners.RunTest" name="runScenario" time="0.019">
    <failure message="Environment Variable is NOT Set" type="java.lang.AssertionError">
      <![CDATA[java.lang.AssertionError: Environment Variable is NOT Set
at org.testng.Assert.fail(Assert.java:110)
at tests.utility.Hooks.ConfigFileReader(Hooks.java:70)
at tests.utility.Hooks.initWebDrivereStore(Hooks.java:150)
]]>
    </failure>
  </testcase> <!-- runScenario -->
  <system-out/>
  <testcase classname="tests.runners.RunTest" name="runScenario" time="0.020">
    <failure message="Environment Variable is NOT Set" type="java.lang.AssertionError">
      <![CDATA[java.lang.AssertionError: Environment Variable is NOT Set
at org.testng.Assert.fail(Assert.java:110)
at tests.utility.Hooks.ConfigFileReader(Hooks.java:70)
at tests.utility.Hooks.initWebDrivereStore(Hooks.java:150)
]]>
    </failure>
  </testcase> <!-- runScenario -->
  <system-out/>
  <testcase classname="tests.runners.RunTest" name="runScenario" time="0.020">
    <failure message="Environment Variable is NOT Set" type="java.lang.AssertionError">
      <![CDATA[java.lang.AssertionError: Environment Variable is NOT Set
at org.testng.Assert.fail(Assert.java:110)
at tests.utility.Hooks.ConfigFileReader(Hooks.java:70)
at tests.utility.Hooks.initWebDrivereStore(Hooks.java:150)
]]>
    </failure>
  </testcase> <!-- runScenario -->
  <system-out/>
  <testcase classname="tests.runners.RunTest" name="runScenario" time="0.028">
    <failure message="Environment Variable is NOT Set" type="java.lang.AssertionError">
      <![CDATA[java.lang.AssertionError: Environment Variable is NOT Set
at org.testng.Assert.fail(Assert.java:110)
at tests.utility.Hooks.ConfigFileReader(Hooks.java:70)
at tests.utility.Hooks.initWebDrivereStore(Hooks.java:150)
]]>
    </failure>
  </testcase> <!-- runScenario -->
  <system-out/>
  <testcase classname="tests.runners.RunTest" name="runScenario" time="0.023">
    <failure message="Environment Variable is NOT Set" type="java.lang.AssertionError">
      <![CDATA[java.lang.AssertionError: Environment Variable is NOT Set
at org.testng.Assert.fail(Assert.java:110)
at tests.utility.Hooks.ConfigFileReader(Hooks.java:70)
at tests.utility.Hooks.initWebDrivereStore(Hooks.java:150)
]]>
    </failure>
  </testcase> <!-- runScenario -->
  <system-out/>
  <testcase classname="tests.runners.RunTest" name="runScenario" time="0.022">
    <failure message="Environment Variable is NOT Set" type="java.lang.AssertionError">
      <![CDATA[java.lang.AssertionError: Environment Variable is NOT Set
at org.testng.Assert.fail(Assert.java:110)
at tests.utility.Hooks.ConfigFileReader(Hooks.java:70)
at tests.utility.Hooks.initWebDrivereStore(Hooks.java:150)
]]>
    </failure>
  </testcase> <!-- runScenario -->
  <system-out/>
  <testcase classname="tests.runners.RunTest" name="runScenario" time="0.036">
    <failure message="Environment Variable is NOT Set" type="java.lang.AssertionError">
      <![CDATA[java.lang.AssertionError: Environment Variable is NOT Set
at org.testng.Assert.fail(Assert.java:110)
at tests.utility.Hooks.ConfigFileReader(Hooks.java:70)
at tests.utility.Hooks.initWebDrivereStore(Hooks.java:150)
]]>
    </failure>
  </testcase> <!-- runScenario -->
  <system-out/>
</testsuite> <!-- tests.runners.RunTest -->
